mode: set
codenerd/internal/store/embedded_store.go:41.61,48.39 4 0
codenerd/internal/store/embedded_store.go:48.39,51.3 2 0
codenerd/internal/store/embedded_store.go:54.2,55.16 2 0
codenerd/internal/store/embedded_store.go:55.16,58.3 2 0
codenerd/internal/store/embedded_store.go:60.2,64.16 3 0
codenerd/internal/store/embedded_store.go:64.16,67.3 2 0
codenerd/internal/store/embedded_store.go:68.2,71.68 2 0
codenerd/internal/store/embedded_store.go:71.68,76.3 4 0
codenerd/internal/store/embedded_store.go:77.2,77.41 1 0
codenerd/internal/store/embedded_store.go:77.41,81.3 3 0
codenerd/internal/store/embedded_store.go:83.2,88.16 4 0
codenerd/internal/store/embedded_store.go:88.16,92.3 3 0
codenerd/internal/store/embedded_store.go:93.2,96.34 2 0
codenerd/internal/store/embedded_store.go:96.34,101.3 4 0
codenerd/internal/store/embedded_store.go:103.2,107.8 2 0
codenerd/internal/store/embedded_store.go:112.99,116.15 3 0
codenerd/internal/store/embedded_store.go:116.15,118.3 1 0
codenerd/internal/store/embedded_store.go:120.2,125.17 4 0
codenerd/internal/store/embedded_store.go:125.17,127.3 1 0
codenerd/internal/store/embedded_store.go:130.2,149.16 4 0
codenerd/internal/store/embedded_store.go:149.16,152.3 2 0
codenerd/internal/store/embedded_store.go:153.2,157.18 4 0
codenerd/internal/store/embedded_store.go:157.18,168.17 3 0
codenerd/internal/store/embedded_store.go:168.17,170.12 2 0
codenerd/internal/store/embedded_store.go:174.3,178.35 4 0
codenerd/internal/store/embedded_store.go:181.2,181.35 1 0
codenerd/internal/store/embedded_store.go:181.35,184.3 2 0
codenerd/internal/store/embedded_store.go:186.2,187.21 2 0
codenerd/internal/store/embedded_store.go:191.128,195.15 3 0
codenerd/internal/store/embedded_store.go:195.15,197.3 1 0
codenerd/internal/store/embedded_store.go:199.2,204.17 4 0
codenerd/internal/store/embedded_store.go:204.17,206.3 1 0
codenerd/internal/store/embedded_store.go:208.2,226.16 4 0
codenerd/internal/store/embedded_store.go:226.16,229.3 2 0
codenerd/internal/store/embedded_store.go:230.2,234.18 4 0
codenerd/internal/store/embedded_store.go:234.18,245.17 3 0
codenerd/internal/store/embedded_store.go:245.17,247.12 2 0
codenerd/internal/store/embedded_store.go:250.3,254.35 4 0
codenerd/internal/store/embedded_store.go:257.2,257.35 1 0
codenerd/internal/store/embedded_store.go:257.35,260.3 2 0
codenerd/internal/store/embedded_store.go:262.2,263.21 2 0
codenerd/internal/store/embedded_store.go:267.126,271.15 3 0
codenerd/internal/store/embedded_store.go:271.15,273.3 1 0
codenerd/internal/store/embedded_store.go:275.2,280.17 4 0
codenerd/internal/store/embedded_store.go:280.17,282.3 1 0
codenerd/internal/store/embedded_store.go:284.2,301.16 4 0
codenerd/internal/store/embedded_store.go:301.16,304.3 2 0
codenerd/internal/store/embedded_store.go:305.2,309.18 4 0
codenerd/internal/store/embedded_store.go:309.18,320.17 3 0
codenerd/internal/store/embedded_store.go:320.17,322.12 2 0
codenerd/internal/store/embedded_store.go:325.3,329.35 4 0
codenerd/internal/store/embedded_store.go:332.2,332.35 1 0
codenerd/internal/store/embedded_store.go:332.35,335.3 2 0
codenerd/internal/store/embedded_store.go:337.2,338.21 2 0
codenerd/internal/store/embedded_store.go:342.74,349.17 5 0
codenerd/internal/store/embedded_store.go:349.17,351.3 1 0
codenerd/internal/store/embedded_store.go:353.2,357.93 3 0
codenerd/internal/store/embedded_store.go:357.93,359.3 1 0
codenerd/internal/store/embedded_store.go:360.2,364.16 3 0
codenerd/internal/store/embedded_store.go:364.16,366.27 2 0
codenerd/internal/store/embedded_store.go:366.27,369.58 3 0
codenerd/internal/store/embedded_store.go:369.58,371.5 1 0
codenerd/internal/store/embedded_store.go:373.3,374.36 2 0
codenerd/internal/store/embedded_store.go:378.2,379.16 2 0
codenerd/internal/store/embedded_store.go:379.16,381.23 2 0
codenerd/internal/store/embedded_store.go:381.23,384.55 3 0
codenerd/internal/store/embedded_store.go:384.55,386.5 1 0
codenerd/internal/store/embedded_store.go:388.3,389.29 2 0
codenerd/internal/store/embedded_store.go:392.2,396.19 4 0
codenerd/internal/store/embedded_store.go:400.45,408.17 5 0
codenerd/internal/store/embedded_store.go:408.17,409.38 1 0
codenerd/internal/store/embedded_store.go:409.38,412.4 2 0
codenerd/internal/store/embedded_store.go:413.3,413.13 1 0
codenerd/internal/store/embedded_store.go:416.2,416.22 1 0
codenerd/internal/store/embedded_store.go:416.22,417.47 1 0
codenerd/internal/store/embedded_store.go:417.47,419.23 2 0
codenerd/internal/store/embedded_store.go:419.23,421.5 1 0
codenerd/internal/store/embedded_store.go:422.9,424.4 1 0
codenerd/internal/store/embedded_store.go:425.3,425.18 1 0
codenerd/internal/store/embedded_store.go:428.2,429.17 2 0
codenerd/internal/store/embedded_store.go:434.53,436.68 2 0
codenerd/internal/store/embedded_store.go:436.68,439.3 1 0
codenerd/internal/store/embedded_store.go:440.2,440.20 1 0
codenerd/internal/store/fact_codec.go:16.57,18.27 2 1
codenerd/internal/store/fact_codec.go:18.27,19.26 1 1
codenerd/internal/store/fact_codec.go:20.12,21.58 1 0
codenerd/internal/store/fact_codec.go:22.25,23.77 1 1
codenerd/internal/store/fact_codec.go:24.15,25.71 1 1
codenerd/internal/store/fact_codec.go:26.12,27.77 1 1
codenerd/internal/store/fact_codec.go:28.14,29.70 1 1
codenerd/internal/store/fact_codec.go:30.16,31.72 1 1
codenerd/internal/store/fact_codec.go:32.13,33.69 1 1
codenerd/internal/store/fact_codec.go:34.11,35.90 1 0
codenerd/internal/store/fact_codec.go:39.2,40.16 2 1
codenerd/internal/store/fact_codec.go:40.16,42.3 1 0
codenerd/internal/store/fact_codec.go:43.2,43.26 1 1
codenerd/internal/store/fact_codec.go:46.57,47.35 1 1
codenerd/internal/store/fact_codec.go:47.35,49.3 1 0
codenerd/internal/store/fact_codec.go:51.2,52.90 2 1
codenerd/internal/store/fact_codec.go:52.90,54.30 2 1
codenerd/internal/store/fact_codec.go:54.30,55.20 1 1
codenerd/internal/store/fact_codec.go:56.15,57.29 1 0
codenerd/internal/store/fact_codec.go:58.16,59.40 1 1
codenerd/internal/store/fact_codec.go:59.40,61.6 1 1
codenerd/internal/store/fact_codec.go:61.11,63.6 1 0
codenerd/internal/store/fact_codec.go:64.18,65.40 1 1
codenerd/internal/store/fact_codec.go:65.40,67.6 1 1
codenerd/internal/store/fact_codec.go:67.11,69.6 1 0
codenerd/internal/store/fact_codec.go:70.17,71.34 1 1
codenerd/internal/store/fact_codec.go:72.18,73.35 1 1
codenerd/internal/store/fact_codec.go:74.16,75.28 1 0
codenerd/internal/store/fact_codec.go:76.13,77.35 1 0
codenerd/internal/store/fact_codec.go:79.19,80.34 1 1
codenerd/internal/store/fact_codec.go:81.18,82.28 1 1
codenerd/internal/store/fact_codec.go:83.16,84.37 1 0
codenerd/internal/store/fact_codec.go:85.13,86.30 1 0
codenerd/internal/store/fact_codec.go:88.16,89.38 1 1
codenerd/internal/store/fact_codec.go:89.38,91.6 1 1
codenerd/internal/store/fact_codec.go:91.11,93.6 1 0
codenerd/internal/store/fact_codec.go:94.12,95.35 1 0
codenerd/internal/store/fact_codec.go:98.3,98.19 1 1
codenerd/internal/store/fact_codec.go:101.2,101.69 1 0
codenerd/internal/store/fact_codec.go:104.51,105.27 1 1
codenerd/internal/store/fact_codec.go:105.27,106.21 1 1
codenerd/internal/store/fact_codec.go:106.21,108.4 1 0
codenerd/internal/store/fact_codec.go:110.2,110.13 1 1
codenerd/internal/store/indexes.go:10.71,11.15 1 1
codenerd/internal/store/indexes.go:11.15,13.3 1 0
codenerd/internal/store/indexes.go:14.2,14.65 1 1
codenerd/internal/store/indexes.go:14.65,16.3 1 0
codenerd/internal/store/indexes.go:17.2,18.42 2 1
codenerd/internal/store/indexes.go:18.42,20.3 1 0
codenerd/internal/store/indexes.go:23.46,31.2 7 1
codenerd/internal/store/init_vec.go:9.13,13.2 1 1
codenerd/internal/store/learned_store.go:45.106,49.18 3 0
codenerd/internal/store/learned_store.go:49.18,51.3 1 0
codenerd/internal/store/learned_store.go:53.2,57.47 3 0
codenerd/internal/store/learned_store.go:57.47,60.3 2 0
codenerd/internal/store/learned_store.go:63.2,64.16 2 0
codenerd/internal/store/learned_store.go:64.16,67.3 2 0
codenerd/internal/store/learned_store.go:70.2,70.34 1 0
codenerd/internal/store/learned_store.go:70.34,74.3 3 0
codenerd/internal/store/learned_store.go:76.2,83.49 2 0
codenerd/internal/store/learned_store.go:83.49,87.3 3 0
codenerd/internal/store/learned_store.go:89.2,90.19 2 0
codenerd/internal/store/learned_store.go:94.55,118.52 5 0
codenerd/internal/store/learned_store.go:118.52,120.3 1 0
codenerd/internal/store/learned_store.go:124.2,124.26 1 0
codenerd/internal/store/learned_store.go:124.26,139.48 5 0
codenerd/internal/store/learned_store.go:139.48,142.4 1 0
codenerd/internal/store/learned_store.go:142.9,144.4 1 0
codenerd/internal/store/learned_store.go:145.8,147.3 1 0
codenerd/internal/store/learned_store.go:149.2,150.12 2 0
codenerd/internal/store/learned_store.go:155.130,159.19 3 0
codenerd/internal/store/learned_store.go:159.19,161.3 1 0
codenerd/internal/store/learned_store.go:162.2,162.16 1 0
codenerd/internal/store/learned_store.go:162.16,164.3 1 0
codenerd/internal/store/learned_store.go:166.2,171.26 4 0
codenerd/internal/store/learned_store.go:171.26,173.3 1 0
codenerd/internal/store/learned_store.go:176.2,179.90 4 0
codenerd/internal/store/learned_store.go:179.90,181.3 1 0
codenerd/internal/store/learned_store.go:181.8,183.3 1 0
codenerd/internal/store/learned_store.go:184.2,184.16 1 0
codenerd/internal/store/learned_store.go:184.16,187.3 2 0
codenerd/internal/store/learned_store.go:189.2,207.16 4 0
codenerd/internal/store/learned_store.go:207.16,210.3 2 0
codenerd/internal/store/learned_store.go:212.2,219.47 3 0
codenerd/internal/store/learned_store.go:219.47,222.3 1 0
codenerd/internal/store/learned_store.go:224.2,225.12 2 0
codenerd/internal/store/learned_store.go:229.98,233.15 3 0
codenerd/internal/store/learned_store.go:233.15,235.3 1 0
codenerd/internal/store/learned_store.go:237.2,242.17 4 0
codenerd/internal/store/learned_store.go:242.17,244.3 1 0
codenerd/internal/store/learned_store.go:246.2,250.16 3 0
codenerd/internal/store/learned_store.go:250.16,253.3 2 0
codenerd/internal/store/learned_store.go:255.2,256.21 2 0
codenerd/internal/store/learned_store.go:260.93,278.16 3 0
codenerd/internal/store/learned_store.go:278.16,280.3 1 0
codenerd/internal/store/learned_store.go:281.2,285.18 4 0
codenerd/internal/store/learned_store.go:285.18,297.17 4 0
codenerd/internal/store/learned_store.go:297.17,299.12 2 0
codenerd/internal/store/learned_store.go:302.3,308.35 6 0
codenerd/internal/store/learned_store.go:311.2,311.28 1 0
codenerd/internal/store/learned_store.go:315.73,329.16 7 0
codenerd/internal/store/learned_store.go:329.16,332.3 2 0
codenerd/internal/store/learned_store.go:333.2,336.18 3 0
codenerd/internal/store/learned_store.go:336.18,340.114 3 0
codenerd/internal/store/learned_store.go:340.114,342.12 2 0
codenerd/internal/store/learned_store.go:345.3,347.33 3 0
codenerd/internal/store/learned_store.go:350.2,350.35 1 0
codenerd/internal/store/learned_store.go:350.35,352.3 1 0
codenerd/internal/store/learned_store.go:354.2,355.22 2 0
codenerd/internal/store/learned_store.go:359.87,374.16 7 0
codenerd/internal/store/learned_store.go:374.16,376.3 1 0
codenerd/internal/store/learned_store.go:377.2,380.18 3 0
codenerd/internal/store/learned_store.go:380.18,384.114 3 0
codenerd/internal/store/learned_store.go:384.114,385.12 1 0
codenerd/internal/store/learned_store.go:388.3,390.33 3 0
codenerd/internal/store/learned_store.go:393.2,394.29 2 0
codenerd/internal/store/learned_store.go:399.99,403.42 3 0
codenerd/internal/store/learned_store.go:403.42,405.3 1 0
codenerd/internal/store/learned_store.go:406.2,406.24 1 0
codenerd/internal/store/learned_store.go:406.24,408.3 1 0
codenerd/internal/store/learned_store.go:410.2,423.16 5 0
codenerd/internal/store/learned_store.go:423.16,426.3 2 0
codenerd/internal/store/learned_store.go:428.2,433.16 4 0
codenerd/internal/store/learned_store.go:433.16,435.3 1 0
codenerd/internal/store/learned_store.go:435.8,437.17 2 0
codenerd/internal/store/learned_store.go:437.17,439.4 1 0
codenerd/internal/store/learned_store.go:442.2,442.31 1 0
codenerd/internal/store/learned_store.go:446.66,453.96 4 0
codenerd/internal/store/learned_store.go:453.96,456.3 2 0
codenerd/internal/store/learned_store.go:459.2,459.91 1 0
codenerd/internal/store/learned_store.go:459.91,461.3 1 0
codenerd/internal/store/learned_store.go:463.2,464.12 2 0
codenerd/internal/store/learned_store.go:468.73,479.92 7 0
codenerd/internal/store/learned_store.go:479.92,481.3 1 0
codenerd/internal/store/learned_store.go:484.2,485.116 2 0
codenerd/internal/store/learned_store.go:485.116,487.3 1 0
codenerd/internal/store/learned_store.go:490.2,491.120 2 0
codenerd/internal/store/learned_store.go:491.120,493.3 1 0
codenerd/internal/store/learned_store.go:496.2,497.16 2 0
codenerd/internal/store/learned_store.go:497.16,499.23 2 0
codenerd/internal/store/learned_store.go:499.23,502.55 3 0
codenerd/internal/store/learned_store.go:502.55,504.5 1 0
codenerd/internal/store/learned_store.go:506.3,507.27 2 0
codenerd/internal/store/learned_store.go:511.2,511.26 1 0
codenerd/internal/store/learned_store.go:511.26,514.3 2 0
codenerd/internal/store/learned_store.go:514.8,516.3 1 0
codenerd/internal/store/learned_store.go:518.2,523.19 5 0
codenerd/internal/store/learned_store.go:528.83,548.47 8 0
codenerd/internal/store/learned_store.go:548.47,550.3 1 0
codenerd/internal/store/learned_store.go:554.44,560.17 4 0
codenerd/internal/store/learned_store.go:560.17,561.38 1 0
codenerd/internal/store/learned_store.go:561.38,564.4 2 0
codenerd/internal/store/learned_store.go:565.3,565.13 1 0
codenerd/internal/store/learned_store.go:568.2,569.12 2 0
codenerd/internal/store/learning.go:51.64,52.20 1 1
codenerd/internal/store/learning.go:52.20,54.17 2 0
codenerd/internal/store/learning.go:54.17,56.4 1 0
codenerd/internal/store/learning.go:57.3,57.57 1 0
codenerd/internal/store/learning.go:60.2,63.52 2 1
codenerd/internal/store/learning.go:63.52,66.3 2 0
codenerd/internal/store/learning.go:68.2,72.8 2 1
codenerd/internal/store/learning.go:76.67,80.37 3 1
codenerd/internal/store/learning.go:80.37,82.3 1 1
codenerd/internal/store/learning.go:85.2,89.16 4 1
codenerd/internal/store/learning.go:89.16,92.3 2 0
codenerd/internal/store/learning.go:95.2,95.48 1 1
codenerd/internal/store/learning.go:95.48,99.3 3 0
codenerd/internal/store/learning.go:100.2,100.42 1 1
codenerd/internal/store/learning.go:100.42,102.3 1 0
codenerd/internal/store/learning.go:103.2,103.53 1 1
codenerd/internal/store/learning.go:103.53,105.3 1 0
codenerd/internal/store/learning.go:107.2,109.16 3 1
codenerd/internal/store/learning.go:113.61,137.2 3 1
codenerd/internal/store/learning.go:140.116,145.16 4 1
codenerd/internal/store/learning.go:145.16,147.3 1 0
codenerd/internal/store/learning.go:149.2,152.16 3 1
codenerd/internal/store/learning.go:152.16,155.3 2 0
codenerd/internal/store/learning.go:158.2,167.16 2 1
codenerd/internal/store/learning.go:167.16,170.3 2 0
codenerd/internal/store/learning.go:172.2,173.12 2 1
codenerd/internal/store/learning.go:177.80,182.16 4 0
codenerd/internal/store/learning.go:182.16,184.3 1 0
codenerd/internal/store/learning.go:186.2,194.16 3 0
codenerd/internal/store/learning.go:194.16,197.3 2 0
codenerd/internal/store/learning.go:198.2,201.18 3 0
codenerd/internal/store/learning.go:201.18,204.133 3 0
codenerd/internal/store/learning.go:204.133,205.12 1 0
codenerd/internal/store/learning.go:207.3,207.71 1 0
codenerd/internal/store/learning.go:207.71,208.12 1 0
codenerd/internal/store/learning.go:210.3,215.5 1 0
codenerd/internal/store/learning.go:218.2,219.23 2 0
codenerd/internal/store/learning.go:223.102,228.16 4 0
codenerd/internal/store/learning.go:228.16,230.3 1 0
codenerd/internal/store/learning.go:232.2,240.16 3 0
codenerd/internal/store/learning.go:240.16,243.3 2 0
codenerd/internal/store/learning.go:244.2,247.18 3 0
codenerd/internal/store/learning.go:247.18,250.133 3 0
codenerd/internal/store/learning.go:250.133,251.12 1 0
codenerd/internal/store/learning.go:253.3,253.71 1 0
codenerd/internal/store/learning.go:253.71,254.12 1 0
codenerd/internal/store/learning.go:256.3,261.5 1 0
codenerd/internal/store/learning.go:264.2,265.23 2 0
codenerd/internal/store/learning.go:270.87,275.16 4 0
codenerd/internal/store/learning.go:275.16,277.3 1 0
codenerd/internal/store/learning.go:279.2,287.16 3 0
codenerd/internal/store/learning.go:287.16,290.3 2 0
codenerd/internal/store/learning.go:292.2,297.16 4 0
codenerd/internal/store/learning.go:297.16,300.3 2 0
codenerd/internal/store/learning.go:302.2,303.21 2 0
codenerd/internal/store/learning.go:303.21,305.3 1 0
codenerd/internal/store/learning.go:307.2,307.12 1 0
codenerd/internal/store/learning.go:311.95,313.16 2 0
codenerd/internal/store/learning.go:313.16,315.3 1 0
codenerd/internal/store/learning.go:317.2,322.16 4 0
codenerd/internal/store/learning.go:322.16,325.3 2 0
codenerd/internal/store/learning.go:327.2,328.12 2 0
codenerd/internal/store/learning.go:332.85,337.16 4 0
codenerd/internal/store/learning.go:337.16,339.3 1 0
codenerd/internal/store/learning.go:341.2,356.17 11 0
codenerd/internal/store/learning.go:356.17,358.19 2 0
codenerd/internal/store/learning.go:358.19,363.4 4 0
codenerd/internal/store/learning.go:365.2,368.19 3 0
codenerd/internal/store/learning.go:372.40,379.36 5 1
codenerd/internal/store/learning.go:379.36,382.3 2 1
codenerd/internal/store/learning.go:383.2,384.12 2 1
codenerd/internal/store/learning_candidates.go:23.96,24.29 1 1
codenerd/internal/store/learning_candidates.go:24.29,26.3 1 0
codenerd/internal/store/learning_candidates.go:27.2,27.18 1 1
codenerd/internal/store/learning_candidates.go:27.18,29.3 1 0
codenerd/internal/store/learning_candidates.go:31.2,41.16 4 1
codenerd/internal/store/learning_candidates.go:41.16,44.3 2 0
codenerd/internal/store/learning_candidates.go:46.2,51.60 2 1
codenerd/internal/store/learning_candidates.go:51.60,54.3 2 0
codenerd/internal/store/learning_candidates.go:56.2,56.19 1 1
codenerd/internal/store/learning_candidates.go:60.100,61.29 1 1
codenerd/internal/store/learning_candidates.go:61.29,63.3 1 0
codenerd/internal/store/learning_candidates.go:65.2,73.18 5 1
codenerd/internal/store/learning_candidates.go:73.18,76.3 2 1
codenerd/internal/store/learning_candidates.go:77.2,78.15 2 1
codenerd/internal/store/learning_candidates.go:78.15,81.3 2 1
codenerd/internal/store/learning_candidates.go:83.2,84.16 2 1
codenerd/internal/store/learning_candidates.go:84.16,86.3 1 0
codenerd/internal/store/learning_candidates.go:87.2,90.18 3 1
codenerd/internal/store/learning_candidates.go:90.18,92.160 2 1
codenerd/internal/store/learning_candidates.go:92.160,93.12 1 0
codenerd/internal/store/learning_candidates.go:95.3,95.34 1 1
codenerd/internal/store/learning_candidates.go:97.2,97.35 1 1
codenerd/internal/store/learning_candidates.go:97.35,99.3 1 0
codenerd/internal/store/learning_candidates.go:100.2,100.21 1 1
codenerd/internal/store/learning_candidates.go:104.63,106.2 1 1
codenerd/internal/store/learning_candidates.go:109.62,111.2 1 0
codenerd/internal/store/learning_candidates.go:114.95,116.2 1 1
codenerd/internal/store/learning_candidates.go:119.94,121.2 1 0
codenerd/internal/store/learning_candidates.go:123.83,124.29 1 1
codenerd/internal/store/learning_candidates.go:124.29,126.3 1 0
codenerd/internal/store/learning_candidates.go:127.2,127.13 1 1
codenerd/internal/store/learning_candidates.go:127.13,129.3 1 0
codenerd/internal/store/learning_candidates.go:131.2,139.16 4 1
codenerd/internal/store/learning_candidates.go:139.16,141.3 1 0
codenerd/internal/store/learning_candidates.go:142.2,143.16 2 1
codenerd/internal/store/learning_candidates.go:143.16,145.3 1 0
codenerd/internal/store/learning_candidates.go:146.2,146.19 1 1
codenerd/internal/store/learning_candidates.go:146.19,148.3 1 0
codenerd/internal/store/learning_candidates.go:149.2,149.12 1 1
codenerd/internal/store/learning_candidates.go:152.108,153.29 1 1
codenerd/internal/store/learning_candidates.go:153.29,155.3 1 0
codenerd/internal/store/learning_candidates.go:156.2,156.18 1 1
codenerd/internal/store/learning_candidates.go:156.18,158.3 1 0
codenerd/internal/store/learning_candidates.go:160.2,168.16 4 1
codenerd/internal/store/learning_candidates.go:168.16,170.3 1 0
codenerd/internal/store/learning_candidates.go:171.2,172.16 2 1
codenerd/internal/store/learning_candidates.go:172.16,174.3 1 0
codenerd/internal/store/learning_candidates.go:175.2,175.19 1 1
codenerd/internal/store/learning_candidates.go:175.19,177.3 1 0
codenerd/internal/store/learning_candidates.go:178.2,178.12 1 1
codenerd/internal/store/learning_reflection.go:43.66,44.15 1 1
codenerd/internal/store/learning_reflection.go:44.15,46.3 1 0
codenerd/internal/store/learning_reflection.go:47.2,48.12 2 1
codenerd/internal/store/learning_reflection.go:52.185,57.16 4 1
codenerd/internal/store/learning_reflection.go:57.16,59.3 1 0
codenerd/internal/store/learning_reflection.go:60.2,60.16 1 1
codenerd/internal/store/learning_reflection.go:60.16,62.3 1 0
codenerd/internal/store/learning_reflection.go:64.2,73.25 3 1
codenerd/internal/store/learning_reflection.go:73.25,76.3 2 1
codenerd/internal/store/learning_reflection.go:77.2,77.21 1 1
codenerd/internal/store/learning_reflection.go:77.21,80.3 2 1
codenerd/internal/store/learning_reflection.go:81.2,81.24 1 1
codenerd/internal/store/learning_reflection.go:81.24,84.3 2 1
codenerd/internal/store/learning_reflection.go:85.2,91.16 4 1
codenerd/internal/store/learning_reflection.go:91.16,93.3 1 0
codenerd/internal/store/learning_reflection.go:94.2,97.18 3 1
codenerd/internal/store/learning_reflection.go:97.18,115.17 4 1
codenerd/internal/store/learning_reflection.go:115.17,116.12 1 0
codenerd/internal/store/learning_reflection.go:118.3,118.21 1 1
codenerd/internal/store/learning_reflection.go:118.21,120.4 1 1
codenerd/internal/store/learning_reflection.go:121.3,122.37 2 1
codenerd/internal/store/learning_reflection.go:124.2,124.24 1 1
codenerd/internal/store/learning_reflection.go:128.140,133.16 4 1
codenerd/internal/store/learning_reflection.go:133.16,135.3 1 0
codenerd/internal/store/learning_reflection.go:136.2,136.16 1 1
codenerd/internal/store/learning_reflection.go:136.16,138.3 1 0
codenerd/internal/store/learning_reflection.go:140.2,149.16 3 1
codenerd/internal/store/learning_reflection.go:149.16,151.3 1 0
codenerd/internal/store/learning_reflection.go:152.2,155.18 3 1
codenerd/internal/store/learning_reflection.go:155.18,173.17 4 1
codenerd/internal/store/learning_reflection.go:173.17,174.12 1 0
codenerd/internal/store/learning_reflection.go:176.3,176.21 1 1
codenerd/internal/store/learning_reflection.go:176.21,178.4 1 1
codenerd/internal/store/learning_reflection.go:179.3,180.37 2 1
codenerd/internal/store/learning_reflection.go:182.2,182.24 1 1
codenerd/internal/store/learning_reflection.go:186.147,188.16 2 1
codenerd/internal/store/learning_reflection.go:188.16,190.3 1 0
codenerd/internal/store/learning_reflection.go:191.2,198.25 3 1
codenerd/internal/store/learning_reflection.go:198.25,201.3 2 1
codenerd/internal/store/learning_reflection.go:202.2,202.21 1 1
codenerd/internal/store/learning_reflection.go:202.21,205.3 2 1
codenerd/internal/store/learning_reflection.go:206.2,206.24 1 1
codenerd/internal/store/learning_reflection.go:206.24,209.3 2 1
codenerd/internal/store/learning_reflection.go:210.2,211.65 2 1
codenerd/internal/store/learning_reflection.go:211.65,213.3 1 0
codenerd/internal/store/learning_reflection.go:214.2,214.19 1 1
codenerd/internal/store/learning_reflection.go:218.115,219.23 1 1
codenerd/internal/store/learning_reflection.go:219.23,221.3 1 0
codenerd/internal/store/learning_reflection.go:223.2,224.16 2 1
codenerd/internal/store/learning_reflection.go:224.16,226.3 1 0
codenerd/internal/store/learning_reflection.go:228.2,229.16 2 1
codenerd/internal/store/learning_reflection.go:229.16,231.3 1 0
codenerd/internal/store/learning_reflection.go:232.2,238.16 2 1
codenerd/internal/store/learning_reflection.go:238.16,241.3 2 0
codenerd/internal/store/learning_reflection.go:242.2,244.28 2 1
codenerd/internal/store/learning_reflection.go:244.28,254.17 1 1
codenerd/internal/store/learning_reflection.go:254.17,257.4 2 0
codenerd/internal/store/learning_reflection.go:259.2,259.20 1 1
codenerd/internal/store/learning_reflection.go:262.74,268.19 5 1
codenerd/internal/store/learning_reflection.go:269.23,270.21 1 0
codenerd/internal/store/learning_reflection.go:270.21,272.4 1 0
codenerd/internal/store/learning_reflection.go:272.9,272.28 1 0
codenerd/internal/store/learning_reflection.go:272.28,274.4 1 0
codenerd/internal/store/learning_reflection.go:275.27,276.21 1 0
codenerd/internal/store/learning_reflection.go:276.21,278.4 1 0
codenerd/internal/store/learning_reflection.go:279.26,280.21 1 0
codenerd/internal/store/learning_reflection.go:280.21,282.4 1 0
codenerd/internal/store/learning_reflection.go:283.26,284.21 1 0
codenerd/internal/store/learning_reflection.go:284.21,286.4 1 0
codenerd/internal/store/learning_reflection.go:287.25,288.21 1 0
codenerd/internal/store/learning_reflection.go:288.21,290.4 1 0
codenerd/internal/store/learning_reflection.go:291.10,292.38 1 1
codenerd/internal/store/learning_reflection.go:292.38,294.4 1 1
codenerd/internal/store/learning_reflection.go:294.9,294.29 1 0
codenerd/internal/store/learning_reflection.go:294.29,296.4 1 0
codenerd/internal/store/learning_reflection.go:296.9,298.4 1 0
codenerd/internal/store/learning_reflection.go:301.2,301.21 1 1
codenerd/internal/store/learning_reflection.go:301.21,303.3 1 1
codenerd/internal/store/learning_reflection.go:305.2,305.35 1 1
codenerd/internal/store/learning_reflection.go:308.34,309.20 1 1
codenerd/internal/store/learning_reflection.go:309.20,311.3 1 0
codenerd/internal/store/learning_reflection.go:312.2,313.27 2 1
codenerd/internal/store/learning_reflection.go:313.27,315.3 1 1
codenerd/internal/store/learning_reflection.go:316.2,316.34 1 1
codenerd/internal/store/local_cold.go:58.107,68.16 7 1
codenerd/internal/store/local_cold.go:68.16,71.3 2 0
codenerd/internal/store/local_cold.go:73.2,82.16 2 1
codenerd/internal/store/local_cold.go:82.16,85.3 2 0
codenerd/internal/store/local_cold.go:87.2,88.12 2 1
codenerd/internal/store/local_cold.go:92.72,105.16 7 1
codenerd/internal/store/local_cold.go:105.16,108.3 2 0
codenerd/internal/store/local_cold.go:109.2,113.18 4 1
codenerd/internal/store/local_cold.go:113.18,116.178 3 1
codenerd/internal/store/local_cold.go:116.178,117.12 1 0
codenerd/internal/store/local_cold.go:119.3,120.17 2 1
codenerd/internal/store/local_cold.go:120.17,121.12 1 0
codenerd/internal/store/local_cold.go:123.3,124.37 2 1
codenerd/internal/store/local_cold.go:128.2,128.29 1 1
codenerd/internal/store/local_cold.go:128.29,133.3 1 1
codenerd/internal/store/local_cold.go:135.2,136.19 2 1
codenerd/internal/store/local_cold.go:141.74,153.20 8 1
codenerd/internal/store/local_cold.go:153.20,156.3 2 1
codenerd/internal/store/local_cold.go:156.8,158.3 1 1
codenerd/internal/store/local_cold.go:160.2,161.16 2 1
codenerd/internal/store/local_cold.go:161.16,164.3 2 0
codenerd/internal/store/local_cold.go:165.2,168.18 3 1
codenerd/internal/store/local_cold.go:168.18,171.178 3 1
codenerd/internal/store/local_cold.go:171.178,172.12 1 0
codenerd/internal/store/local_cold.go:174.3,175.17 2 1
codenerd/internal/store/local_cold.go:175.17,176.12 1 0
codenerd/internal/store/local_cold.go:178.3,178.30 1 1
codenerd/internal/store/local_cold.go:181.2,182.19 2 1
codenerd/internal/store/local_cold.go:186.77,193.16 5 1
codenerd/internal/store/local_cold.go:193.16,195.3 1 0
codenerd/internal/store/local_cold.go:196.2,197.16 2 1
codenerd/internal/store/local_cold.go:197.16,200.3 2 0
codenerd/internal/store/local_cold.go:202.2,203.12 2 1
codenerd/internal/store/local_cold.go:211.90,218.24 5 1
codenerd/internal/store/local_cold.go:218.24,220.3 1 0
codenerd/internal/store/local_cold.go:221.2,221.24 1 1
codenerd/internal/store/local_cold.go:221.24,223.3 1 0
codenerd/internal/store/local_cold.go:225.2,229.16 3 1
codenerd/internal/store/local_cold.go:229.16,232.3 2 0
codenerd/internal/store/local_cold.go:233.2,243.16 3 1
codenerd/internal/store/local_cold.go:243.16,246.3 2 0
codenerd/internal/store/local_cold.go:247.2,253.18 4 1
codenerd/internal/store/local_cold.go:253.18,259.138 5 1
codenerd/internal/store/local_cold.go:259.138,260.12 1 0
codenerd/internal/store/local_cold.go:264.3,269.17 2 1
codenerd/internal/store/local_cold.go:269.17,271.12 2 0
codenerd/internal/store/local_cold.go:274.3,275.18 2 1
codenerd/internal/store/local_cold.go:279.2,279.33 1 1
codenerd/internal/store/local_cold.go:279.33,281.17 2 1
codenerd/internal/store/local_cold.go:281.17,284.4 2 0
codenerd/internal/store/local_cold.go:287.2,287.36 1 1
codenerd/internal/store/local_cold.go:287.36,290.3 2 0
codenerd/internal/store/local_cold.go:292.2,293.27 2 1
codenerd/internal/store/local_cold.go:297.81,313.16 7 1
codenerd/internal/store/local_cold.go:313.16,316.3 2 0
codenerd/internal/store/local_cold.go:317.2,320.18 3 1
codenerd/internal/store/local_cold.go:320.18,323.196 3 1
codenerd/internal/store/local_cold.go:323.196,324.12 1 0
codenerd/internal/store/local_cold.go:326.3,327.17 2 1
codenerd/internal/store/local_cold.go:327.17,328.12 1 0
codenerd/internal/store/local_cold.go:330.3,330.30 1 1
codenerd/internal/store/local_cold.go:333.2,334.19 2 1
codenerd/internal/store/local_cold.go:338.83,350.20 8 1
codenerd/internal/store/local_cold.go:350.20,354.3 2 1
codenerd/internal/store/local_cold.go:354.8,357.3 1 1
codenerd/internal/store/local_cold.go:359.2,360.16 2 1
codenerd/internal/store/local_cold.go:360.16,363.3 2 0
codenerd/internal/store/local_cold.go:364.2,367.18 3 1
codenerd/internal/store/local_cold.go:367.18,370.196 3 1
codenerd/internal/store/local_cold.go:370.196,371.12 1 0
codenerd/internal/store/local_cold.go:373.3,374.17 2 1
codenerd/internal/store/local_cold.go:374.17,375.12 1 0
codenerd/internal/store/local_cold.go:377.3,377.30 1 1
codenerd/internal/store/local_cold.go:380.2,381.19 2 1
codenerd/internal/store/local_cold.go:385.86,395.16 7 1
codenerd/internal/store/local_cold.go:395.16,397.3 1 0
codenerd/internal/store/local_cold.go:400.2,401.16 2 1
codenerd/internal/store/local_cold.go:401.16,404.3 2 0
codenerd/internal/store/local_cold.go:405.2,417.16 7 1
codenerd/internal/store/local_cold.go:417.16,420.3 2 0
codenerd/internal/store/local_cold.go:423.2,428.16 2 1
codenerd/internal/store/local_cold.go:428.16,431.3 2 0
codenerd/internal/store/local_cold.go:434.2,435.16 2 1
codenerd/internal/store/local_cold.go:435.16,438.3 2 0
codenerd/internal/store/local_cold.go:440.2,440.36 1 1
codenerd/internal/store/local_cold.go:440.36,443.3 2 0
codenerd/internal/store/local_cold.go:445.2,446.12 2 1
codenerd/internal/store/local_cold.go:451.76,458.24 5 1
codenerd/internal/store/local_cold.go:458.24,460.3 1 0
codenerd/internal/store/local_cold.go:462.2,469.16 3 1
codenerd/internal/store/local_cold.go:469.16,472.3 2 0
codenerd/internal/store/local_cold.go:474.2,476.31 3 1
codenerd/internal/store/local_cold.go:481.93,489.37 5 1
codenerd/internal/store/local_cold.go:489.37,492.17 3 1
codenerd/internal/store/local_cold.go:492.17,495.4 2 0
codenerd/internal/store/local_cold.go:496.3,496.33 1 1
codenerd/internal/store/local_cold.go:500.2,500.43 1 1
codenerd/internal/store/local_cold.go:500.43,503.17 3 1
codenerd/internal/store/local_cold.go:503.17,506.4 2 0
codenerd/internal/store/local_cold.go:507.3,507.29 1 1
codenerd/internal/store/local_cold.go:511.2,511.39 1 1
codenerd/internal/store/local_cold.go:511.39,520.17 5 1
codenerd/internal/store/local_cold.go:520.17,523.4 2 1
codenerd/internal/store/local_cold.go:523.9,525.4 1 0
codenerd/internal/store/local_cold.go:529.2,529.27 1 1
codenerd/internal/store/local_cold.go:529.27,534.17 5 1
codenerd/internal/store/local_cold.go:534.17,537.4 2 0
codenerd/internal/store/local_cold.go:538.3,538.32 1 1
codenerd/internal/store/local_cold.go:541.2,543.19 2 1
codenerd/internal/store/local_core.go:59.54,67.47 5 1
codenerd/internal/store/local_core.go:67.47,70.3 2 0
codenerd/internal/store/local_core.go:71.2,74.16 3 1
codenerd/internal/store/local_core.go:74.16,77.3 2 0
codenerd/internal/store/local_core.go:78.2,80.65 3 1
codenerd/internal/store/local_core.go:80.65,82.3 1 0
codenerd/internal/store/local_core.go:83.2,83.64 1 1
codenerd/internal/store/local_core.go:83.64,85.3 1 0
codenerd/internal/store/local_core.go:88.2,88.66 1 1
codenerd/internal/store/local_core.go:88.66,90.3 1 0
codenerd/internal/store/local_core.go:91.2,94.43 3 1
codenerd/internal/store/local_core.go:94.43,98.3 3 0
codenerd/internal/store/local_core.go:99.2,104.42 4 1
codenerd/internal/store/local_core.go:104.42,108.3 3 0
codenerd/internal/store/local_core.go:109.2,109.21 1 1
codenerd/internal/store/local_core.go:109.21,111.3 1 1
codenerd/internal/store/local_core.go:111.8,113.3 1 0
codenerd/internal/store/local_core.go:116.2,117.16 2 1
codenerd/internal/store/local_core.go:117.16,121.3 3 0
codenerd/internal/store/local_core.go:122.2,126.52 3 1
codenerd/internal/store/local_core.go:126.52,129.3 1 0
codenerd/internal/store/local_core.go:131.2,132.19 2 1
codenerd/internal/store/local_core.go:136.41,452.4 17 1
codenerd/internal/store/local_core.go:452.4,453.45 1 1
codenerd/internal/store/local_core.go:453.45,455.4 1 0
codenerd/internal/store/local_core.go:458.2,458.58 1 1
codenerd/internal/store/local_core.go:458.58,460.3 1 0
codenerd/internal/store/local_core.go:463.2,463.44 1 1
codenerd/internal/store/local_core.go:463.44,465.3 1 0
codenerd/internal/store/local_core.go:467.2,474.50 3 1
codenerd/internal/store/local_core.go:474.50,477.3 1 0
codenerd/internal/store/local_core.go:480.2,486.57 2 1
codenerd/internal/store/local_core.go:486.57,489.3 1 0
codenerd/internal/store/local_core.go:491.2,491.60 1 1
codenerd/internal/store/local_core.go:491.60,493.3 1 0
codenerd/internal/store/local_core.go:493.8,493.24 1 1
codenerd/internal/store/local_core.go:493.24,495.3 1 0
codenerd/internal/store/local_core.go:496.2,496.61 1 1
codenerd/internal/store/local_core.go:496.61,498.3 1 0
codenerd/internal/store/local_core.go:500.2,500.12 1 1
codenerd/internal/store/local_core.go:505.50,507.2 1 1
codenerd/internal/store/local_core.go:510.36,514.2 3 1
codenerd/internal/store/local_core.go:517.38,519.2 1 1
codenerd/internal/store/local_core.go:522.43,523.17 1 1
codenerd/internal/store/local_core.go:523.17,525.3 1 0
codenerd/internal/store/local_core.go:527.2,527.116 1 1
codenerd/internal/store/local_core.go:527.116,531.3 3 1
codenerd/internal/store/local_core.go:533.2,533.21 1 0
codenerd/internal/store/local_core.go:537.47,538.22 1 1
codenerd/internal/store/local_core.go:538.22,540.3 1 1
codenerd/internal/store/local_core.go:542.2,543.19 2 1
codenerd/internal/store/local_core.go:543.19,547.3 3 1
codenerd/internal/store/local_core.go:549.2,549.30 1 1
codenerd/internal/store/local_core.go:549.30,551.3 1 1
codenerd/internal/store/local_core.go:553.2,553.59 1 1
codenerd/internal/store/local_core.go:556.51,557.15 1 1
codenerd/internal/store/local_core.go:558.17,559.65 1 1
codenerd/internal/store/local_core.go:560.25,561.81 1 1
codenerd/internal/store/local_core.go:562.22,563.75 1 1
codenerd/internal/store/local_core.go:564.24,565.79 1 1
codenerd/internal/store/local_core.go:566.25,567.81 1 1
codenerd/internal/store/local_core.go:568.27,569.85 1 1
codenerd/internal/store/local_core.go:570.25,571.81 1 1
codenerd/internal/store/local_core.go:572.21,573.73 1 1
codenerd/internal/store/local_core.go:574.21,575.73 1 1
codenerd/internal/store/local_core.go:576.29,577.89 1 1
codenerd/internal/store/local_core.go:578.10,579.12 1 0
codenerd/internal/store/local_core.go:583.46,584.15 1 0
codenerd/internal/store/local_core.go:585.17,586.40 1 0
codenerd/internal/store/local_core.go:587.25,588.48 1 0
codenerd/internal/store/local_core.go:589.22,590.45 1 0
codenerd/internal/store/local_core.go:591.24,592.47 1 0
codenerd/internal/store/local_core.go:593.25,594.48 1 0
codenerd/internal/store/local_core.go:595.27,596.50 1 0
codenerd/internal/store/local_core.go:597.25,598.48 1 0
codenerd/internal/store/local_core.go:599.21,600.44 1 0
codenerd/internal/store/local_core.go:601.21,602.44 1 0
codenerd/internal/store/local_core.go:603.29,604.52 1 0
codenerd/internal/store/local_core.go:605.10,606.12 1 0
codenerd/internal/store/local_core.go:612.59,626.31 9 1
codenerd/internal/store/local_core.go:626.31,627.12 1 1
codenerd/internal/store/local_core.go:627.12,629.4 1 1
codenerd/internal/store/local_core.go:630.3,631.18 2 1
codenerd/internal/store/local_core.go:631.18,632.12 1 0
codenerd/internal/store/local_core.go:634.3,634.34 1 1
codenerd/internal/store/local_core.go:637.2,638.16 2 1
codenerd/internal/store/local_core.go:638.16,641.32 2 0
codenerd/internal/store/local_core.go:641.32,644.19 3 0
codenerd/internal/store/local_core.go:644.19,645.13 1 0
codenerd/internal/store/local_core.go:647.4,648.18 2 0
codenerd/internal/store/local_core.go:648.18,650.13 2 0
codenerd/internal/store/local_core.go:652.4,652.24 1 0
codenerd/internal/store/local_core.go:654.3,654.20 1 0
codenerd/internal/store/local_core.go:656.2,658.18 2 1
codenerd/internal/store/local_core.go:658.18,661.51 3 1
codenerd/internal/store/local_core.go:661.51,663.4 1 1
codenerd/internal/store/local_core.go:666.2,667.19 2 1
codenerd/internal/store/local_core.go:670.62,684.16 3 1
codenerd/internal/store/local_core.go:684.16,686.3 1 0
codenerd/internal/store/local_core.go:687.2,688.16 2 1
codenerd/internal/store/local_core.go:688.16,690.3 1 0
codenerd/internal/store/local_core.go:691.2,691.18 1 1
codenerd/internal/store/local_core.go:694.63,700.2 2 1
codenerd/internal/store/local_graph.go:24.122,29.54 3 1
codenerd/internal/store/local_graph.go:29.54,31.3 1 1
codenerd/internal/store/local_graph.go:32.2,32.49 1 1
codenerd/internal/store/local_graph.go:32.49,34.3 1 1
codenerd/internal/store/local_graph.go:36.2,37.16 2 1
codenerd/internal/store/local_graph.go:37.16,39.3 1 1
codenerd/internal/store/local_graph.go:41.2,51.16 5 1
codenerd/internal/store/local_graph.go:51.16,54.3 2 0
codenerd/internal/store/local_graph.go:56.2,57.12 2 1
codenerd/internal/store/local_graph.go:63.97,67.19 3 1
codenerd/internal/store/local_graph.go:68.18,69.106 1 1
codenerd/internal/store/local_graph.go:70.18,71.106 1 1
codenerd/internal/store/local_graph.go:72.10,73.122 1 1
codenerd/internal/store/local_graph.go:76.2,77.25 2 1
codenerd/internal/store/local_graph.go:77.25,79.3 1 1
codenerd/internal/store/local_graph.go:79.8,81.3 1 1
codenerd/internal/store/local_graph.go:83.2,84.16 2 1
codenerd/internal/store/local_graph.go:84.16,87.3 2 0
codenerd/internal/store/local_graph.go:88.2,91.18 3 1
codenerd/internal/store/local_graph.go:91.18,94.106 3 1
codenerd/internal/store/local_graph.go:94.106,96.12 2 0
codenerd/internal/store/local_graph.go:98.3,98.21 1 1
codenerd/internal/store/local_graph.go:98.21,99.75 1 1
codenerd/internal/store/local_graph.go:99.75,103.5 1 0
codenerd/internal/store/local_graph.go:105.3,105.30 1 1
codenerd/internal/store/local_graph.go:108.2,109.19 2 1
codenerd/internal/store/local_graph.go:113.91,120.2 5 1
codenerd/internal/store/local_graph.go:123.91,130.19 5 1
codenerd/internal/store/local_graph.go:130.19,132.3 1 0
codenerd/internal/store/local_graph.go:134.2,151.21 6 1
codenerd/internal/store/local_graph.go:151.21,155.27 3 1
codenerd/internal/store/local_graph.go:155.27,159.44 3 1
codenerd/internal/store/local_graph.go:159.44,161.20 2 1
codenerd/internal/store/local_graph.go:161.20,162.11 1 0
codenerd/internal/store/local_graph.go:164.5,165.24 2 1
codenerd/internal/store/local_graph.go:167.4,168.20 2 1
codenerd/internal/store/local_graph.go:171.3,171.32 1 1
codenerd/internal/store/local_graph.go:171.32,172.12 1 1
codenerd/internal/store/local_graph.go:177.3,178.17 2 1
codenerd/internal/store/local_graph.go:178.17,179.12 1 0
codenerd/internal/store/local_graph.go:182.3,182.30 1 1
codenerd/internal/store/local_graph.go:182.30,183.54 1 1
codenerd/internal/store/local_graph.go:183.54,187.5 3 1
codenerd/internal/store/local_graph.go:191.2,192.65 2 1
codenerd/internal/store/local_graph.go:199.118,212.16 7 1
codenerd/internal/store/local_graph.go:212.16,215.3 2 0
codenerd/internal/store/local_graph.go:216.2,220.18 4 1
codenerd/internal/store/local_graph.go:220.18,223.75 3 1
codenerd/internal/store/local_graph.go:223.75,225.12 2 0
codenerd/internal/store/local_graph.go:229.3,229.97 1 1
codenerd/internal/store/local_graph.go:229.97,231.4 1 1
codenerd/internal/store/local_graph.go:231.9,233.4 1 0
codenerd/internal/store/local_graph.go:236.2,237.19 2 1
codenerd/internal/store/local_graph_query.go:18.75,19.18 1 0
codenerd/internal/store/local_graph_query.go:19.18,21.3 1 0
codenerd/internal/store/local_graph_query.go:22.2,22.46 1 0
codenerd/internal/store/local_graph_query.go:31.115,33.18 2 0
codenerd/internal/store/local_graph_query.go:33.18,35.3 1 0
codenerd/internal/store/local_graph_query.go:37.2,39.19 2 0
codenerd/internal/store/local_graph_query.go:40.27,42.17 2 0
codenerd/internal/store/local_graph_query.go:42.17,44.4 1 0
codenerd/internal/store/local_graph_query.go:45.3,46.27 2 0
codenerd/internal/store/local_graph_query.go:46.27,48.4 1 0
codenerd/internal/store/local_graph_query.go:49.3,49.21 1 0
codenerd/internal/store/local_graph_query.go:51.18,53.17 2 0
codenerd/internal/store/local_graph_query.go:53.17,55.4 1 0
codenerd/internal/store/local_graph_query.go:56.3,57.27 2 0
codenerd/internal/store/local_graph_query.go:57.27,59.4 1 0
codenerd/internal/store/local_graph_query.go:60.3,60.21 1 0
codenerd/internal/store/local_graph_query.go:62.27,64.17 2 0
codenerd/internal/store/local_graph_query.go:64.17,66.4 1 0
codenerd/internal/store/local_graph_query.go:67.3,68.27 2 0
codenerd/internal/store/local_graph_query.go:68.27,69.27 1 0
codenerd/internal/store/local_graph_query.go:69.27,71.5 1 0
codenerd/internal/store/local_graph_query.go:71.10,73.5 1 0
codenerd/internal/store/local_graph_query.go:75.3,75.21 1 0
codenerd/internal/store/local_graph_query.go:77.14,80.22 2 0
codenerd/internal/store/local_graph_query.go:80.22,82.4 1 0
codenerd/internal/store/local_graph_query.go:83.3,84.17 2 0
codenerd/internal/store/local_graph_query.go:84.17,86.4 1 0
codenerd/internal/store/local_graph_query.go:87.3,87.28 1 0
codenerd/internal/store/local_graph_query.go:89.10,90.78 1 0
codenerd/internal/store/local_graph_query.go:95.38,96.32 1 0
codenerd/internal/store/local_graph_query.go:96.32,97.35 1 0
codenerd/internal/store/local_graph_query.go:97.35,99.4 1 0
codenerd/internal/store/local_graph_query.go:101.2,101.12 1 0
codenerd/internal/store/local_knowledge.go:34.64,36.16 2 1
codenerd/internal/store/local_knowledge.go:36.16,38.3 1 0
codenerd/internal/store/local_knowledge.go:39.2,39.45 1 1
codenerd/internal/store/local_knowledge.go:44.92,61.16 8 1
codenerd/internal/store/local_knowledge.go:61.16,64.3 2 0
codenerd/internal/store/local_knowledge.go:66.2,67.12 2 1
codenerd/internal/store/local_knowledge.go:72.50,78.161 4 1
codenerd/internal/store/local_knowledge.go:78.161,81.3 2 0
codenerd/internal/store/local_knowledge.go:84.2,85.16 2 1
codenerd/internal/store/local_knowledge.go:85.16,87.3 1 0
codenerd/internal/store/local_knowledge.go:88.2,89.18 2 1
codenerd/internal/store/local_knowledge.go:89.18,94.83 5 1
codenerd/internal/store/local_knowledge.go:94.83,95.12 1 0
codenerd/internal/store/local_knowledge.go:97.3,97.29 1 1
codenerd/internal/store/local_knowledge.go:97.29,99.9 2 1
codenerd/internal/store/local_knowledge.go:102.2,104.21 2 1
codenerd/internal/store/local_knowledge.go:104.21,107.3 2 0
codenerd/internal/store/local_knowledge.go:110.2,111.146 2 1
codenerd/internal/store/local_knowledge.go:111.146,113.3 1 0
codenerd/internal/store/local_knowledge.go:115.2,115.23 1 1
codenerd/internal/store/local_knowledge.go:115.23,118.3 2 1
codenerd/internal/store/local_knowledge.go:120.2,124.16 3 1
codenerd/internal/store/local_knowledge.go:124.16,126.3 1 0
codenerd/internal/store/local_knowledge.go:127.2,134.22 4 1
codenerd/internal/store/local_knowledge.go:134.22,137.64 3 1
codenerd/internal/store/local_knowledge.go:137.64,138.12 1 0
codenerd/internal/store/local_knowledge.go:140.3,143.5 1 1
codenerd/internal/store/local_knowledge.go:146.2,149.22 3 1
codenerd/internal/store/local_knowledge.go:149.22,151.19 2 1
codenerd/internal/store/local_knowledge.go:151.19,153.4 1 0
codenerd/internal/store/local_knowledge.go:154.3,155.21 2 1
codenerd/internal/store/local_knowledge.go:155.21,158.4 2 0
codenerd/internal/store/local_knowledge.go:159.3,159.29 1 1
codenerd/internal/store/local_knowledge.go:159.29,160.53 1 1
codenerd/internal/store/local_knowledge.go:160.53,162.13 2 0
codenerd/internal/store/local_knowledge.go:164.4,164.13 1 1
codenerd/internal/store/local_knowledge.go:166.3,167.37 2 1
codenerd/internal/store/local_knowledge.go:167.37,169.4 1 0
codenerd/internal/store/local_knowledge.go:172.2,173.12 2 1
codenerd/internal/store/local_knowledge.go:177.81,190.16 7 1
codenerd/internal/store/local_knowledge.go:190.16,193.3 2 0
codenerd/internal/store/local_knowledge.go:194.2,197.18 3 1
codenerd/internal/store/local_knowledge.go:197.18,199.110 2 1
codenerd/internal/store/local_knowledge.go:199.110,200.12 1 0
codenerd/internal/store/local_knowledge.go:202.3,202.30 1 1
codenerd/internal/store/local_knowledge.go:205.2,206.19 2 1
codenerd/internal/store/local_knowledge.go:210.70,220.16 7 1
codenerd/internal/store/local_knowledge.go:220.16,223.3 2 0
codenerd/internal/store/local_knowledge.go:224.2,227.18 3 1
codenerd/internal/store/local_knowledge.go:227.18,229.110 2 1
codenerd/internal/store/local_knowledge.go:229.110,230.12 1 0
codenerd/internal/store/local_knowledge.go:232.3,232.30 1 1
codenerd/internal/store/local_knowledge.go:235.2,236.19 2 1
codenerd/internal/store/local_knowledge.go:241.95,256.16 8 1
codenerd/internal/store/local_knowledge.go:256.16,258.53 1 1
codenerd/internal/store/local_knowledge.go:258.53,261.4 2 1
codenerd/internal/store/local_knowledge.go:262.3,263.18 2 0
codenerd/internal/store/local_knowledge.go:265.2,268.18 3 1
codenerd/internal/store/local_knowledge.go:268.18,270.110 2 1
codenerd/internal/store/local_knowledge.go:270.110,271.12 1 0
codenerd/internal/store/local_knowledge.go:273.3,273.30 1 1
codenerd/internal/store/local_knowledge.go:276.2,277.19 2 1
codenerd/internal/store/local_knowledge.go:292.126,297.75 3 1
codenerd/internal/store/local_knowledge.go:297.75,299.3 1 0
codenerd/internal/store/local_knowledge.go:303.2,303.30 1 1
codenerd/internal/store/local_knowledge.go:303.30,309.76 2 0
codenerd/internal/store/local_knowledge.go:309.76,314.4 1 0
codenerd/internal/store/local_knowledge.go:314.9,316.4 1 0
codenerd/internal/store/local_knowledge.go:317.8,319.3 1 1
codenerd/internal/store/local_knowledge.go:321.2,321.12 1 1
codenerd/internal/store/local_knowledge.go:328.122,332.30 3 1
codenerd/internal/store/local_knowledge.go:332.30,335.3 2 1
codenerd/internal/store/local_knowledge.go:338.2,339.16 2 0
codenerd/internal/store/local_knowledge.go:339.16,342.3 2 0
codenerd/internal/store/local_knowledge.go:344.2,344.23 1 0
codenerd/internal/store/local_knowledge.go:344.23,347.3 2 0
codenerd/internal/store/local_knowledge.go:350.2,351.32 2 0
codenerd/internal/store/local_knowledge.go:351.32,357.60 2 0
codenerd/internal/store/local_knowledge.go:357.60,359.4 1 0
codenerd/internal/store/local_knowledge.go:362.3,362.61 1 0
codenerd/internal/store/local_knowledge.go:362.61,364.4 1 0
codenerd/internal/store/local_knowledge.go:364.9,366.4 1 0
codenerd/internal/store/local_knowledge.go:369.3,369.67 1 0
codenerd/internal/store/local_knowledge.go:369.67,371.4 1 0
codenerd/internal/store/local_knowledge.go:373.3,373.30 1 0
codenerd/internal/store/local_knowledge.go:376.2,378.19 2 0
codenerd/internal/store/local_knowledge.go:382.50,383.22 1 0
codenerd/internal/store/local_knowledge.go:383.22,385.3 1 0
codenerd/internal/store/local_knowledge.go:386.2,386.27 1 0
codenerd/internal/store/local_knowledge.go:390.63,401.16 7 1
codenerd/internal/store/local_knowledge.go:401.16,403.3 1 0
codenerd/internal/store/local_knowledge.go:406.2,412.16 3 1
codenerd/internal/store/local_knowledge.go:412.16,415.3 2 0
codenerd/internal/store/local_knowledge.go:417.2,418.12 2 1
codenerd/internal/store/local_prompt.go:57.62,125.16 20 1
codenerd/internal/store/local_prompt.go:125.16,128.3 2 0
codenerd/internal/store/local_prompt.go:130.2,131.12 2 1
codenerd/internal/store/local_prompt.go:135.63,154.16 7 1
codenerd/internal/store/local_prompt.go:154.16,157.3 2 0
codenerd/internal/store/local_prompt.go:158.2,161.16 3 1
codenerd/internal/store/local_prompt.go:161.16,163.3 1 0
codenerd/internal/store/local_prompt.go:165.2,166.19 2 1
codenerd/internal/store/local_prompt.go:170.88,190.16 7 1
codenerd/internal/store/local_prompt.go:190.16,193.3 2 0
codenerd/internal/store/local_prompt.go:194.2,197.16 3 1
codenerd/internal/store/local_prompt.go:197.16,199.3 1 0
codenerd/internal/store/local_prompt.go:201.2,202.19 2 1
codenerd/internal/store/local_prompt.go:206.72,225.16 7 1
codenerd/internal/store/local_prompt.go:225.16,228.3 2 0
codenerd/internal/store/local_prompt.go:229.2,232.16 3 1
codenerd/internal/store/local_prompt.go:232.16,234.3 1 0
codenerd/internal/store/local_prompt.go:236.2,236.21 1 1
codenerd/internal/store/local_prompt.go:236.21,239.3 2 1
codenerd/internal/store/local_prompt.go:241.2,242.22 2 1
codenerd/internal/store/local_prompt.go:246.60,256.16 7 1
codenerd/internal/store/local_prompt.go:256.16,259.3 2 0
codenerd/internal/store/local_prompt.go:261.2,262.23 2 1
codenerd/internal/store/local_prompt.go:262.23,265.3 2 1
codenerd/internal/store/local_prompt.go:267.2,268.12 2 1
codenerd/internal/store/local_prompt.go:272.77,275.18 2 1
codenerd/internal/store/local_prompt.go:275.18,293.17 9 1
codenerd/internal/store/local_prompt.go:293.17,295.12 2 0
codenerd/internal/store/local_prompt.go:299.3,299.24 1 1
codenerd/internal/store/local_prompt.go:299.24,301.4 1 1
codenerd/internal/store/local_prompt.go:302.3,302.24 1 1
codenerd/internal/store/local_prompt.go:302.24,304.4 1 1
codenerd/internal/store/local_prompt.go:305.3,305.26 1 1
codenerd/internal/store/local_prompt.go:305.26,307.4 1 1
codenerd/internal/store/local_prompt.go:308.3,325.30 15 1
codenerd/internal/store/local_prompt.go:328.2,328.35 1 1
codenerd/internal/store/local_prompt.go:328.35,331.3 2 0
codenerd/internal/store/local_prompt.go:333.2,333.19 1 1
codenerd/internal/store/local_review.go:24.70,36.16 5 1
codenerd/internal/store/local_review.go:36.16,39.3 2 0
codenerd/internal/store/local_review.go:41.2,42.12 2 1
codenerd/internal/store/local_session.go:14.72,24.16 5 1
codenerd/internal/store/local_session.go:24.16,27.3 2 0
codenerd/internal/store/local_session.go:29.2,30.12 2 1
codenerd/internal/store/local_session.go:34.100,41.16 5 1
codenerd/internal/store/local_session.go:41.16,43.3 1 1
codenerd/internal/store/local_session.go:45.2,57.16 3 1
codenerd/internal/store/local_session.go:57.16,60.3 2 0
codenerd/internal/store/local_session.go:61.2,64.18 3 1
codenerd/internal/store/local_session.go:64.18,67.52 3 1
codenerd/internal/store/local_session.go:67.52,68.12 1 0
codenerd/internal/store/local_session.go:70.3,70.30 1 1
codenerd/internal/store/local_session.go:73.2,74.25 2 1
codenerd/internal/store/local_session.go:80.130,117.16 5 1
codenerd/internal/store/local_session.go:117.16,120.3 2 0
codenerd/internal/store/local_session.go:122.2,123.12 2 1
codenerd/internal/store/local_session.go:127.103,134.16 5 1
codenerd/internal/store/local_session.go:134.16,136.3 1 1
codenerd/internal/store/local_session.go:138.2,148.16 3 1
codenerd/internal/store/local_session.go:148.16,151.3 2 0
codenerd/internal/store/local_session.go:152.2,155.18 3 1
codenerd/internal/store/local_session.go:155.18,159.108 4 1
codenerd/internal/store/local_session.go:159.108,160.12 1 0
codenerd/internal/store/local_session.go:162.3,169.5 1 1
codenerd/internal/store/local_session.go:172.2,173.21 2 1
codenerd/internal/store/local_session.go:178.116,182.40 3 1
codenerd/internal/store/local_session.go:182.40,184.3 1 1
codenerd/internal/store/local_session.go:186.2,194.16 4 1
codenerd/internal/store/local_session.go:194.16,197.3 2 0
codenerd/internal/store/local_session.go:199.2,200.12 2 1
codenerd/internal/store/local_session.go:205.96,209.21 3 1
codenerd/internal/store/local_session.go:209.21,211.3 1 1
codenerd/internal/store/local_session.go:213.2,227.16 7 1
codenerd/internal/store/local_session.go:227.16,228.27 1 1
codenerd/internal/store/local_session.go:228.27,230.4 1 1
codenerd/internal/store/local_session.go:231.3,231.25 1 0
codenerd/internal/store/local_session.go:234.2,234.42 1 1
codenerd/internal/store/local_vector.go:25.89,40.16 8 1
codenerd/internal/store/local_vector.go:40.16,43.3 2 0
codenerd/internal/store/local_vector.go:45.2,46.12 2 1
codenerd/internal/store/local_vector.go:51.83,58.16 5 1
codenerd/internal/store/local_vector.go:58.16,60.3 1 0
codenerd/internal/store/local_vector.go:62.2,66.24 3 1
codenerd/internal/store/local_vector.go:66.24,69.3 2 0
codenerd/internal/store/local_vector.go:72.2,74.30 3 1
codenerd/internal/store/local_vector.go:74.30,77.3 2 1
codenerd/internal/store/local_vector.go:79.2,86.16 4 1
codenerd/internal/store/local_vector.go:86.16,89.3 2 1
codenerd/internal/store/local_vector.go:90.2,93.18 3 1
codenerd/internal/store/local_vector.go:93.18,96.91 3 1
codenerd/internal/store/local_vector.go:96.91,97.12 1 0
codenerd/internal/store/local_vector.go:99.3,99.21 1 1
codenerd/internal/store/local_vector.go:99.21,101.4 1 1
codenerd/internal/store/local_vector.go:102.3,102.35 1 1
codenerd/internal/store/local_vector.go:105.2,106.21 2 1
codenerd/internal/store/local_verification.go:46.9,62.16 7 1
codenerd/internal/store/local_verification.go:62.16,65.3 2 0
codenerd/internal/store/local_verification.go:67.2,68.12 2 1
codenerd/internal/store/local_verification.go:72.104,79.16 5 1
codenerd/internal/store/local_verification.go:79.16,81.3 1 1
codenerd/internal/store/local_verification.go:83.2,93.16 3 1
codenerd/internal/store/local_verification.go:93.16,96.3 2 0
codenerd/internal/store/local_verification.go:97.2,100.18 3 1
codenerd/internal/store/local_verification.go:100.18,106.17 2 1
codenerd/internal/store/local_verification.go:106.17,107.12 1 0
codenerd/internal/store/local_verification.go:109.3,109.33 1 1
codenerd/internal/store/local_verification.go:112.2,113.21 2 1
codenerd/internal/store/local_verification.go:117.73,133.16 7 1
codenerd/internal/store/local_verification.go:133.16,136.3 2 0
codenerd/internal/store/local_verification.go:137.2,140.18 3 1
codenerd/internal/store/local_verification.go:140.18,143.56 3 1
codenerd/internal/store/local_verification.go:143.56,144.12 1 0
codenerd/internal/store/local_verification.go:146.3,146.28 1 1
codenerd/internal/store/local_verification.go:149.2,150.19 2 1
codenerd/internal/store/local_verification.go:160.67,162.43 1 1
codenerd/internal/store/local_verification.go:162.43,164.3 1 0
codenerd/internal/store/local_verification.go:168.2,169.29 2 1
codenerd/internal/store/local_verification.go:169.29,171.3 1 0
codenerd/internal/store/local_verification.go:172.2,172.32 1 1
codenerd/internal/store/local_verification.go:172.32,174.3 1 1
codenerd/internal/store/local_verification.go:177.2,177.44 1 1
codenerd/internal/store/local_verification.go:177.44,179.19 2 1
codenerd/internal/store/local_verification.go:179.19,181.4 1 1
codenerd/internal/store/local_verification.go:182.3,182.23 1 1
codenerd/internal/store/local_verification.go:185.2,216.3 24 1
codenerd/internal/store/local_verification.go:221.92,223.2 1 1
codenerd/internal/store/local_verification.go:226.98,228.2 1 1
codenerd/internal/store/local_verification.go:231.111,233.2 1 1
codenerd/internal/store/local_verification.go:236.116,238.2 1 1
codenerd/internal/store/local_verification.go:242.75,244.2 1 1
codenerd/internal/store/local_verification.go:247.85,249.2 1 1
codenerd/internal/store/local_verification.go:252.96,254.2 1 1
codenerd/internal/store/local_verification.go:257.94,259.2 1 1
codenerd/internal/store/local_verification.go:262.70,264.2 1 1
codenerd/internal/store/local_world.go:29.64,49.2 6 1
codenerd/internal/store/local_world.go:52.57,60.16 6 1
codenerd/internal/store/local_world.go:60.16,62.3 1 0
codenerd/internal/store/local_world.go:63.2,65.83 2 1
codenerd/internal/store/local_world.go:65.83,67.3 1 0
codenerd/internal/store/local_world.go:68.2,68.83 1 1
codenerd/internal/store/local_world.go:68.83,70.3 1 0
codenerd/internal/store/local_world.go:71.2,71.20 1 1
codenerd/internal/store/local_world.go:75.110,79.17 3 1
codenerd/internal/store/local_world.go:79.17,81.3 1 1
codenerd/internal/store/local_world.go:83.2,87.16 4 1
codenerd/internal/store/local_world.go:87.16,89.3 1 0
codenerd/internal/store/local_world.go:90.2,92.104 2 1
codenerd/internal/store/local_world.go:92.104,94.3 1 0
codenerd/internal/store/local_world.go:96.2,100.16 2 1
codenerd/internal/store/local_world.go:100.16,102.3 1 0
codenerd/internal/store/local_world.go:103.2,105.26 2 1
codenerd/internal/store/local_world.go:105.26,107.17 2 1
codenerd/internal/store/local_world.go:107.17,109.4 1 0
codenerd/internal/store/local_world.go:110.3,110.95 1 1
codenerd/internal/store/local_world.go:110.95,112.4 1 0
codenerd/internal/store/local_world.go:115.2,115.20 1 1
codenerd/internal/store/local_world.go:120.98,124.17 3 1
codenerd/internal/store/local_world.go:124.17,126.3 1 1
codenerd/internal/store/local_world.go:128.2,135.16 4 1
codenerd/internal/store/local_world.go:135.16,137.3 1 0
codenerd/internal/store/local_world.go:138.2,142.18 4 1
codenerd/internal/store/local_world.go:142.18,144.67 2 1
codenerd/internal/store/local_world.go:144.67,145.12 1 0
codenerd/internal/store/local_world.go:147.3,149.17 3 1
codenerd/internal/store/local_world.go:149.17,150.12 1 0
codenerd/internal/store/local_world.go:152.3,152.65 1 1
codenerd/internal/store/local_world.go:154.2,154.21 1 1
codenerd/internal/store/local_world.go:158.80,162.17 3 1
codenerd/internal/store/local_world.go:162.17,164.3 1 0
codenerd/internal/store/local_world.go:166.2,173.16 4 1
codenerd/internal/store/local_world.go:173.16,175.3 1 0
codenerd/internal/store/local_world.go:176.2,179.18 3 1
codenerd/internal/store/local_world.go:179.18,181.53 2 1
codenerd/internal/store/local_world.go:181.53,182.12 1 0
codenerd/internal/store/local_world.go:184.3,185.17 2 1
codenerd/internal/store/local_world.go:185.17,186.12 1 0
codenerd/internal/store/local_world.go:188.3,188.65 1 1
codenerd/internal/store/local_world.go:190.2,190.17 1 1
codenerd/internal/store/migrations.go:81.38,90.16 6 1
codenerd/internal/store/migrations.go:90.16,93.3 2 0
codenerd/internal/store/migrations.go:94.2,96.23 2 1
codenerd/internal/store/migrations.go:96.23,98.47 2 1
codenerd/internal/store/migrations.go:98.47,99.12 1 0
codenerd/internal/store/migrations.go:101.3,101.30 1 1
codenerd/internal/store/migrations.go:103.2,107.38 3 1
codenerd/internal/store/migrations.go:107.38,109.3 1 1
codenerd/internal/store/migrations.go:112.2,113.36 2 1
codenerd/internal/store/migrations.go:113.36,114.29 1 1
codenerd/internal/store/migrations.go:114.29,115.12 1 1
codenerd/internal/store/migrations.go:118.3,121.17 4 1
codenerd/internal/store/migrations.go:121.17,123.12 2 0
codenerd/internal/store/migrations.go:126.3,126.19 1 1
codenerd/internal/store/migrations.go:126.19,131.84 5 1
codenerd/internal/store/migrations.go:131.84,132.13 1 0
codenerd/internal/store/migrations.go:134.4,134.21 1 1
codenerd/internal/store/migrations.go:136.3,137.32 2 1
codenerd/internal/store/migrations.go:140.2,143.38 3 1
codenerd/internal/store/migrations.go:143.38,147.31 2 1
codenerd/internal/store/migrations.go:147.31,150.12 3 1
codenerd/internal/store/migrations.go:155.3,156.10 2 1
codenerd/internal/store/migrations.go:156.10,159.4 1 0
codenerd/internal/store/migrations.go:161.3,161.25 1 1
codenerd/internal/store/migrations.go:161.25,165.44 3 1
codenerd/internal/store/migrations.go:165.44,169.5 2 0
codenerd/internal/store/migrations.go:169.10,174.40 3 1
codenerd/internal/store/migrations.go:174.40,176.6 1 0
codenerd/internal/store/migrations.go:177.5,177.46 1 1
codenerd/internal/store/migrations.go:179.9,182.4 2 1
codenerd/internal/store/migrations.go:185.2,186.12 2 1
codenerd/internal/store/migrations.go:190.58,193.16 3 1
codenerd/internal/store/migrations.go:193.16,196.3 2 0
codenerd/internal/store/migrations.go:197.2,199.18 2 1
codenerd/internal/store/migrations.go:199.18,204.83 5 1
codenerd/internal/store/migrations.go:204.83,205.12 1 0
codenerd/internal/store/migrations.go:207.3,207.21 1 1
codenerd/internal/store/migrations.go:207.21,210.4 2 1
codenerd/internal/store/migrations.go:212.2,213.14 2 0
codenerd/internal/store/migrations.go:217.49,220.63 3 1
codenerd/internal/store/migrations.go:220.63,223.3 2 0
codenerd/internal/store/migrations.go:224.2,226.15 3 1
codenerd/internal/store/migrations.go:231.39,235.40 2 0
codenerd/internal/store/migrations.go:235.40,238.59 3 0
codenerd/internal/store/migrations.go:238.59,241.4 2 0
codenerd/internal/store/migrations.go:242.3,242.81 1 0
codenerd/internal/store/migrations.go:246.2,248.16 3 0
codenerd/internal/store/migrations.go:252.41,256.41 2 0
codenerd/internal/store/migrations.go:256.41,259.3 2 0
codenerd/internal/store/migrations.go:262.2,262.57 1 0
codenerd/internal/store/migrations.go:262.57,265.3 2 0
codenerd/internal/store/migrations.go:268.2,268.34 1 0
codenerd/internal/store/migrations.go:268.34,271.3 2 0
codenerd/internal/store/migrations.go:274.2,274.54 1 0
codenerd/internal/store/migrations.go:274.54,277.3 2 0
codenerd/internal/store/migrations.go:280.2,281.10 2 0
codenerd/internal/store/migrations.go:285.54,296.48 3 0
codenerd/internal/store/migrations.go:296.48,299.3 2 0
codenerd/internal/store/migrations.go:300.2,307.16 4 0
codenerd/internal/store/migrations.go:307.16,310.3 2 0
codenerd/internal/store/migrations.go:312.2,313.12 2 0
codenerd/internal/store/migrations.go:317.38,323.54 4 0
codenerd/internal/store/migrations.go:323.54,326.3 2 0
codenerd/internal/store/migrations.go:328.2,330.42 3 0
codenerd/internal/store/migrations.go:330.42,333.3 2 0
codenerd/internal/store/migrations.go:335.2,336.12 2 0
codenerd/internal/store/migrations.go:340.38,346.34 4 0
codenerd/internal/store/migrations.go:346.34,349.3 2 0
codenerd/internal/store/migrations.go:352.2,353.12 2 0
codenerd/internal/store/migrations.go:357.38,363.57 4 0
codenerd/internal/store/migrations.go:363.57,366.3 2 0
codenerd/internal/store/migrations.go:368.2,370.42 3 0
codenerd/internal/store/migrations.go:370.42,373.3 2 0
codenerd/internal/store/migrations.go:375.2,377.47 3 0
codenerd/internal/store/migrations.go:377.47,379.3 1 0
codenerd/internal/store/migrations.go:381.2,382.12 2 0
codenerd/internal/store/migrations.go:386.53,396.16 7 1
codenerd/internal/store/migrations.go:396.16,399.3 2 0
codenerd/internal/store/migrations.go:400.2,413.18 6 1
codenerd/internal/store/migrations.go:413.18,415.66 2 1
codenerd/internal/store/migrations.go:415.66,417.12 2 0
codenerd/internal/store/migrations.go:419.3,419.31 1 1
codenerd/internal/store/migrations.go:423.2,423.35 1 1
codenerd/internal/store/migrations.go:423.35,426.3 2 0
codenerd/internal/store/migrations.go:427.2,429.22 2 1
codenerd/internal/store/migrations.go:429.22,431.17 2 1
codenerd/internal/store/migrations.go:431.17,434.4 2 0
codenerd/internal/store/migrations.go:435.3,439.17 4 1
codenerd/internal/store/migrations.go:439.17,442.4 2 0
codenerd/internal/store/migrations.go:443.3,445.29 2 1
codenerd/internal/store/migrations.go:445.29,448.51 2 1
codenerd/internal/store/migrations.go:448.51,451.13 3 0
codenerd/internal/store/migrations.go:453.4,453.13 1 1
codenerd/internal/store/migrations.go:456.3,456.37 1 1
codenerd/internal/store/migrations.go:456.37,459.4 2 0
codenerd/internal/store/migrations.go:462.2,463.21 2 1
codenerd/internal/store/migrations.go:467.57,471.2 3 1
codenerd/internal/store/migrations.go:474.50,484.16 7 0
codenerd/internal/store/migrations.go:484.16,487.3 2 0
codenerd/internal/store/migrations.go:488.2,492.20 3 0
codenerd/internal/store/migrations.go:492.20,494.3 1 0
codenerd/internal/store/migrations.go:496.2,497.16 2 0
codenerd/internal/store/migrations.go:497.16,500.3 2 0
codenerd/internal/store/migrations.go:501.2,504.16 3 0
codenerd/internal/store/migrations.go:504.16,507.3 2 0
codenerd/internal/store/migrations.go:509.2,509.35 1 0
codenerd/internal/store/migrations.go:509.35,512.3 2 0
codenerd/internal/store/migrations.go:514.2,515.24 2 0
codenerd/internal/store/migrations.go:519.53,526.16 5 0
codenerd/internal/store/migrations.go:526.16,529.3 2 0
codenerd/internal/store/migrations.go:530.2,533.16 3 0
codenerd/internal/store/migrations.go:533.16,536.3 2 0
codenerd/internal/store/migrations.go:537.2,540.16 3 0
codenerd/internal/store/migrations.go:540.16,543.3 2 0
codenerd/internal/store/migrations.go:545.2,545.35 1 0
codenerd/internal/store/migrations.go:545.35,548.3 2 0
codenerd/internal/store/migrations.go:550.2,551.12 2 0
codenerd/internal/store/migrations.go:555.83,567.16 7 0
codenerd/internal/store/migrations.go:567.16,570.3 2 0
codenerd/internal/store/migrations.go:571.2,579.37 6 0
codenerd/internal/store/migrations.go:579.37,583.3 3 0
codenerd/internal/store/migrations.go:586.2,588.16 3 0
codenerd/internal/store/migrations.go:588.16,591.3 2 0
codenerd/internal/store/migrations.go:592.2,595.15 3 0
codenerd/internal/store/migrations.go:595.15,596.24 1 0
codenerd/internal/store/migrations.go:596.24,598.74 2 0
codenerd/internal/store/migrations.go:598.74,600.5 1 0
codenerd/internal/store/migrations.go:600.10,602.5 1 0
codenerd/internal/store/migrations.go:607.2,607.50 1 0
codenerd/internal/store/migrations.go:607.50,612.22 4 0
codenerd/internal/store/migrations.go:613.10,614.36 1 0
codenerd/internal/store/migrations.go:615.10,616.36 1 0
codenerd/internal/store/migrations.go:617.10,618.36 1 0
codenerd/internal/store/migrations.go:619.11,620.78 1 0
codenerd/internal/store/migrations.go:623.3,623.26 1 0
codenerd/internal/store/migrations.go:623.26,626.4 2 0
codenerd/internal/store/migrations.go:628.3,629.25 2 0
codenerd/internal/store/migrations.go:632.2,635.60 2 0
codenerd/internal/store/migrations.go:635.60,638.3 2 0
codenerd/internal/store/migrations.go:641.2,641.46 1 0
codenerd/internal/store/migrations.go:641.46,644.17 3 0
codenerd/internal/store/migrations.go:644.17,647.4 2 0
codenerd/internal/store/migrations.go:648.3,648.36 1 0
codenerd/internal/store/migrations.go:651.2,655.20 3 0
codenerd/internal/store/migrations.go:659.66,662.2 2 0
codenerd/internal/store/migrations.go:665.61,668.51 2 0
codenerd/internal/store/migrations.go:668.51,671.3 2 0
codenerd/internal/store/migrations.go:673.2,674.16 2 0
codenerd/internal/store/migrations.go:674.16,677.3 2 0
codenerd/internal/store/migrations.go:678.2,683.36 5 0
codenerd/internal/store/migrations.go:687.78,696.54 6 0
codenerd/internal/store/migrations.go:696.54,699.3 2 0
codenerd/internal/store/migrations.go:701.2,702.16 2 0
codenerd/internal/store/migrations.go:702.16,705.3 2 0
codenerd/internal/store/migrations.go:707.2,713.32 5 0
codenerd/internal/store/migrations.go:713.32,714.20 1 0
codenerd/internal/store/migrations.go:714.20,715.12 1 0
codenerd/internal/store/migrations.go:718.3,719.34 2 0
codenerd/internal/store/migrations.go:719.34,720.12 1 0
codenerd/internal/store/migrations.go:723.3,729.17 5 0
codenerd/internal/store/migrations.go:729.17,732.12 3 0
codenerd/internal/store/migrations.go:735.3,735.14 1 0
codenerd/internal/store/migrations.go:735.14,738.12 3 0
codenerd/internal/store/migrations.go:741.3,744.17 3 0
codenerd/internal/store/migrations.go:744.17,752.12 4 0
codenerd/internal/store/migrations.go:755.3,756.18 2 0
codenerd/internal/store/migrations.go:759.2,762.21 2 0
codenerd/internal/store/prompt_reembed.go:16.83,23.30 5 1
codenerd/internal/store/prompt_reembed.go:23.30,26.3 2 0
codenerd/internal/store/prompt_reembed.go:28.2,31.16 3 1
codenerd/internal/store/prompt_reembed.go:31.16,35.3 2 0
codenerd/internal/store/prompt_reembed.go:36.2,44.18 4 1
codenerd/internal/store/prompt_reembed.go:44.18,46.68 2 1
codenerd/internal/store/prompt_reembed.go:46.68,47.12 1 0
codenerd/internal/store/prompt_reembed.go:49.3,50.17 2 1
codenerd/internal/store/prompt_reembed.go:50.17,51.12 1 0
codenerd/internal/store/prompt_reembed.go:53.3,53.65 1 1
codenerd/internal/store/prompt_reembed.go:56.2,56.21 1 1
codenerd/internal/store/prompt_reembed.go:56.21,58.3 1 0
codenerd/internal/store/prompt_reembed.go:60.2,69.45 8 1
codenerd/internal/store/prompt_reembed.go:69.45,79.24 6 1
codenerd/internal/store/prompt_reembed.go:79.24,81.28 2 1
codenerd/internal/store/prompt_reembed.go:81.28,83.5 1 1
codenerd/internal/store/prompt_reembed.go:84.4,85.18 2 1
codenerd/internal/store/prompt_reembed.go:85.18,87.5 1 0
codenerd/internal/store/prompt_reembed.go:88.4,88.21 1 1
codenerd/internal/store/prompt_reembed.go:89.9,89.26 1 0
codenerd/internal/store/prompt_reembed.go:89.26,92.28 2 0
codenerd/internal/store/prompt_reembed.go:92.28,94.19 2 0
codenerd/internal/store/prompt_reembed.go:94.19,96.6 1 0
codenerd/internal/store/prompt_reembed.go:97.5,97.24 1 0
codenerd/internal/store/prompt_reembed.go:99.9,101.28 2 0
codenerd/internal/store/prompt_reembed.go:101.28,103.5 1 0
codenerd/internal/store/prompt_reembed.go:104.4,105.18 2 0
codenerd/internal/store/prompt_reembed.go:105.18,109.29 3 0
codenerd/internal/store/prompt_reembed.go:109.29,111.25 2 0
codenerd/internal/store/prompt_reembed.go:111.25,113.15 2 0
codenerd/internal/store/prompt_reembed.go:115.6,115.19 1 0
codenerd/internal/store/prompt_reembed.go:118.4,118.21 1 0
codenerd/internal/store/prompt_reembed.go:122.3,123.17 2 1
codenerd/internal/store/prompt_reembed.go:123.17,125.4 1 0
codenerd/internal/store/prompt_reembed.go:127.3,128.17 2 1
codenerd/internal/store/prompt_reembed.go:128.17,131.4 2 0
codenerd/internal/store/prompt_reembed.go:132.3,134.27 2 1
codenerd/internal/store/prompt_reembed.go:134.27,135.79 1 1
codenerd/internal/store/prompt_reembed.go:135.79,136.13 1 0
codenerd/internal/store/prompt_reembed.go:138.4,140.18 3 1
codenerd/internal/store/prompt_reembed.go:140.18,143.5 2 0
codenerd/internal/store/prompt_reembed.go:144.4,144.19 1 1
codenerd/internal/store/prompt_reembed.go:147.3,147.37 1 1
codenerd/internal/store/prompt_reembed.go:147.37,149.4 1 0
codenerd/internal/store/prompt_reembed.go:152.2,153.27 2 1
codenerd/internal/store/prompt_reembed.go:156.63,158.16 2 1
codenerd/internal/store/prompt_reembed.go:158.16,160.3 1 0
codenerd/internal/store/prompt_reembed.go:161.2,162.18 2 1
codenerd/internal/store/prompt_reembed.go:162.18,164.3 1 0
codenerd/internal/store/prompt_reembed.go:165.2,165.10 1 1
codenerd/internal/store/reembed_all.go:33.147,37.19 3 1
codenerd/internal/store/reembed_all.go:37.19,39.3 1 1
codenerd/internal/store/reembed_all.go:41.2,46.29 4 1
codenerd/internal/store/reembed_all.go:46.29,47.17 1 1
codenerd/internal/store/reembed_all.go:47.17,48.12 1 0
codenerd/internal/store/reembed_all.go:50.3,50.84 1 1
codenerd/internal/store/reembed_all.go:50.84,51.47 1 1
codenerd/internal/store/reembed_all.go:51.47,53.5 1 1
codenerd/internal/store/reembed_all.go:54.4,55.53 2 1
codenerd/internal/store/reembed_all.go:55.53,57.5 1 1
codenerd/internal/store/reembed_all.go:58.4,58.43 1 1
codenerd/internal/store/reembed_all.go:58.43,59.33 1 1
codenerd/internal/store/reembed_all.go:59.33,62.6 2 1
codenerd/internal/store/reembed_all.go:64.4,64.14 1 1
codenerd/internal/store/reembed_all.go:68.2,68.23 1 1
codenerd/internal/store/reembed_all.go:68.23,72.3 3 0
codenerd/internal/store/reembed_all.go:74.2,82.33 7 1
codenerd/internal/store/reembed_all.go:82.33,83.22 1 1
codenerd/internal/store/reembed_all.go:83.22,85.4 1 1
codenerd/internal/store/reembed_all.go:86.3,89.21 3 1
codenerd/internal/store/reembed_all.go:89.21,92.12 3 0
codenerd/internal/store/reembed_all.go:94.3,97.20 3 1
codenerd/internal/store/reembed_all.go:97.20,100.4 2 0
codenerd/internal/store/reembed_all.go:101.3,102.21 2 1
codenerd/internal/store/reembed_all.go:102.21,105.4 2 0
codenerd/internal/store/reembed_all.go:107.3,108.22 2 1
codenerd/internal/store/reembed_all.go:108.22,111.4 2 0
codenerd/internal/store/reembed_all.go:113.3,118.17 6 1
codenerd/internal/store/reembed_all.go:121.2,122.29 2 1
codenerd/internal/store/reembed_all.go:122.29,123.17 1 1
codenerd/internal/store/reembed_all.go:123.17,124.12 1 0
codenerd/internal/store/reembed_all.go:126.3,127.66 2 1
codenerd/internal/store/reembed_all.go:127.66,129.4 1 1
codenerd/internal/store/reembed_all.go:132.2,133.39 2 1
codenerd/internal/store/reembed_all.go:133.39,135.17 2 1
codenerd/internal/store/reembed_all.go:135.17,138.12 3 0
codenerd/internal/store/reembed_all.go:140.3,142.22 3 1
codenerd/internal/store/reembed_all.go:142.22,145.4 2 0
codenerd/internal/store/reembed_all.go:146.3,147.28 2 1
codenerd/internal/store/reembed_all.go:150.2,161.20 9 1
codenerd/internal/store/reflection_reembed.go:12.78,16.37 3 1
codenerd/internal/store/reflection_reembed.go:16.37,18.3 1 0
codenerd/internal/store/reflection_reembed.go:20.2,23.19 4 1
codenerd/internal/store/reflection_reembed.go:23.19,25.3 1 0
codenerd/internal/store/reflection_reembed.go:27.2,33.6 6 1
codenerd/internal/store/reflection_reembed.go:33.6,35.17 2 1
codenerd/internal/store/reflection_reembed.go:35.17,37.4 1 0
codenerd/internal/store/reflection_reembed.go:38.3,38.27 1 1
codenerd/internal/store/reflection_reembed.go:38.27,39.9 1 1
codenerd/internal/store/reflection_reembed.go:42.3,43.17 2 1
codenerd/internal/store/reflection_reembed.go:43.17,45.4 1 0
codenerd/internal/store/reflection_reembed.go:46.3,46.23 1 1
codenerd/internal/store/reflection_reembed.go:46.23,47.75 1 1
codenerd/internal/store/reflection_reembed.go:47.75,49.5 1 0
codenerd/internal/store/reflection_reembed.go:50.4,50.71 1 1
codenerd/internal/store/reflection_reembed.go:50.71,52.5 1 0
codenerd/internal/store/reflection_reembed.go:54.3,55.28 2 1
codenerd/internal/store/reflection_reembed.go:58.2,58.27 1 1
codenerd/internal/store/reflection_reembed.go:62.85,66.15 3 1
codenerd/internal/store/reflection_reembed.go:66.15,68.3 1 0
codenerd/internal/store/reflection_reembed.go:70.2,73.19 4 1
codenerd/internal/store/reflection_reembed.go:73.19,75.3 1 0
codenerd/internal/store/reflection_reembed.go:77.2,83.39 6 1
codenerd/internal/store/reflection_reembed.go:83.39,85.7 2 1
codenerd/internal/store/reflection_reembed.go:85.7,87.18 2 1
codenerd/internal/store/reflection_reembed.go:87.18,89.5 1 0
codenerd/internal/store/reflection_reembed.go:90.4,90.28 1 1
codenerd/internal/store/reflection_reembed.go:90.28,91.10 1 1
codenerd/internal/store/reflection_reembed.go:94.4,95.18 2 1
codenerd/internal/store/reflection_reembed.go:95.18,97.5 1 0
codenerd/internal/store/reflection_reembed.go:98.4,98.24 1 1
codenerd/internal/store/reflection_reembed.go:98.24,99.80 1 1
codenerd/internal/store/reflection_reembed.go:99.80,101.6 1 0
codenerd/internal/store/reflection_reembed.go:102.5,103.19 2 1
codenerd/internal/store/reflection_reembed.go:103.19,104.78 1 1
codenerd/internal/store/reflection_reembed.go:104.78,106.7 1 0
codenerd/internal/store/reflection_reembed.go:110.4,111.29 2 1
codenerd/internal/store/reflection_reembed.go:115.2,115.27 1 1
codenerd/internal/store/reflection_search.go:41.100,45.48 3 1
codenerd/internal/store/reflection_search.go:45.48,47.3 1 0
codenerd/internal/store/reflection_search.go:48.2,48.16 1 1
codenerd/internal/store/reflection_search.go:48.16,50.3 1 0
codenerd/internal/store/reflection_search.go:52.2,52.62 1 1
codenerd/internal/store/reflection_search.go:52.62,54.17 2 1
codenerd/internal/store/reflection_search.go:54.17,56.4 1 1
codenerd/internal/store/reflection_search.go:57.3,57.84 1 0
codenerd/internal/store/reflection_search.go:58.8,60.3 1 1
codenerd/internal/store/reflection_search.go:62.2,62.67 1 1
codenerd/internal/store/reflection_search.go:66.93,67.29 1 1
codenerd/internal/store/reflection_search.go:67.29,69.3 1 0
codenerd/internal/store/reflection_search.go:70.2,70.16 1 1
codenerd/internal/store/reflection_search.go:70.16,72.3 1 0
codenerd/internal/store/reflection_search.go:74.2,75.24 2 1
codenerd/internal/store/reflection_search.go:75.24,77.3 1 0
codenerd/internal/store/reflection_search.go:79.2,81.30 3 1
codenerd/internal/store/reflection_search.go:81.30,84.3 2 1
codenerd/internal/store/reflection_search.go:85.2,95.16 4 1
codenerd/internal/store/reflection_search.go:95.16,97.3 1 0
codenerd/internal/store/reflection_search.go:98.2,101.18 3 1
codenerd/internal/store/reflection_search.go:101.18,105.163 4 1
codenerd/internal/store/reflection_search.go:105.163,106.12 1 0
codenerd/internal/store/reflection_search.go:108.3,108.22 1 1
codenerd/internal/store/reflection_search.go:108.22,110.4 1 1
codenerd/internal/store/reflection_search.go:111.3,111.14 1 1
codenerd/internal/store/reflection_search.go:111.14,113.4 1 1
codenerd/internal/store/reflection_search.go:113.9,115.4 1 0
codenerd/internal/store/reflection_search.go:116.3,117.27 2 1
codenerd/internal/store/reflection_search.go:120.2,120.39 1 1
codenerd/internal/store/reflection_search.go:120.39,120.79 1 0
codenerd/internal/store/reflection_search.go:121.2,121.23 1 1
codenerd/internal/store/reflection_search.go:121.23,123.3 1 0
codenerd/internal/store/reflection_search.go:124.2,124.18 1 1
codenerd/internal/store/reflection_search.go:128.110,132.34 3 1
codenerd/internal/store/reflection_search.go:132.34,134.3 1 0
codenerd/internal/store/reflection_search.go:135.2,135.16 1 1
codenerd/internal/store/reflection_search.go:135.16,137.3 1 0
codenerd/internal/store/reflection_search.go:139.2,141.35 3 1
codenerd/internal/store/reflection_search.go:141.35,143.17 2 1
codenerd/internal/store/reflection_search.go:143.17,144.12 1 1
codenerd/internal/store/reflection_search.go:146.3,146.29 1 1
codenerd/internal/store/reflection_search.go:149.2,149.19 1 1
codenerd/internal/store/reflection_search.go:149.19,151.3 1 1
codenerd/internal/store/reflection_search.go:153.2,153.38 1 1
codenerd/internal/store/reflection_search.go:153.38,153.76 1 0
codenerd/internal/store/reflection_search.go:154.2,154.22 1 1
codenerd/internal/store/reflection_search.go:154.22,156.3 1 0
codenerd/internal/store/reflection_search.go:157.2,157.17 1 1
codenerd/internal/store/reflection_search.go:161.103,162.15 1 1
codenerd/internal/store/reflection_search.go:162.15,164.3 1 0
codenerd/internal/store/reflection_search.go:165.2,165.16 1 1
codenerd/internal/store/reflection_search.go:165.16,167.3 1 0
codenerd/internal/store/reflection_search.go:168.2,169.24 2 1
codenerd/internal/store/reflection_search.go:169.24,171.3 1 0
codenerd/internal/store/reflection_search.go:173.2,175.35 3 1
codenerd/internal/store/reflection_search.go:175.35,177.17 2 1
codenerd/internal/store/reflection_search.go:177.17,178.12 1 0
codenerd/internal/store/reflection_search.go:180.3,180.29 1 1
codenerd/internal/store/reflection_search.go:183.2,183.19 1 1
codenerd/internal/store/reflection_search.go:183.19,185.3 1 0
codenerd/internal/store/reflection_search.go:186.2,186.38 1 1
codenerd/internal/store/reflection_search.go:186.38,186.76 1 0
codenerd/internal/store/reflection_search.go:187.2,187.22 1 1
codenerd/internal/store/reflection_search.go:187.22,189.3 1 0
codenerd/internal/store/reflection_search.go:190.2,190.17 1 1
codenerd/internal/store/reflection_search.go:193.91,203.16 3 1
codenerd/internal/store/reflection_search.go:203.16,205.3 1 0
codenerd/internal/store/reflection_search.go:206.2,209.18 3 1
codenerd/internal/store/reflection_search.go:209.18,214.174 5 1
codenerd/internal/store/reflection_search.go:214.174,215.12 1 0
codenerd/internal/store/reflection_search.go:217.3,217.22 1 1
codenerd/internal/store/reflection_search.go:217.22,219.4 1 1
codenerd/internal/store/reflection_search.go:220.3,220.14 1 1
codenerd/internal/store/reflection_search.go:220.14,222.4 1 1
codenerd/internal/store/reflection_search.go:222.9,224.4 1 0
codenerd/internal/store/reflection_search.go:225.3,225.21 1 1
codenerd/internal/store/reflection_search.go:225.21,227.4 1 1
[...]
codenerd/internal/store/vector_store.go:479.90,483.2 1 1
codenerd/internal/store/vector_store.go:485.87,486.15 1 1
codenerd/internal/store/vector_store.go:486.15,488.3 1 1
codenerd/internal/store/vector_store.go:489.2,489.17 1 1
codenerd/internal/store/vector_store.go:489.17,491.3 1 1
codenerd/internal/store/vector_store.go:492.2,492.28 1 1
codenerd/internal/store/vector_store.go:492.28,494.3 1 1
codenerd/internal/store/vector_store.go:495.2,495.14 1 0
codenerd/internal/store/vector_store.go:498.69,500.21 2 1
codenerd/internal/store/vector_store.go:500.21,502.3 1 1
codenerd/internal/store/vector_store.go:503.2,507.26 5 1
codenerd/internal/store/vector_store.go:507.26,508.12 1 1
codenerd/internal/store/vector_store.go:508.12,510.4 1 1
codenerd/internal/store/vector_store.go:511.3,512.61 2 1
codenerd/internal/store/vector_store.go:514.2,515.26 2 1
codenerd/internal/store/vector_store.go:518.73,520.26 2 1
codenerd/internal/store/vector_store.go:520.26,522.3 1 1
codenerd/internal/store/vector_store.go:523.2,524.28 2 1
codenerd/internal/store/vector_store.go:524.28,526.24 2 1
codenerd/internal/store/vector_store.go:526.24,527.48 1 1
codenerd/internal/store/vector_store.go:527.48,529.5 1 1
codenerd/internal/store/vector_store.go:531.3,531.30 1 1
codenerd/internal/store/vector_store.go:531.30,533.4 1 1
codenerd/internal/store/vector_store.go:535.2,535.12 1 1
codenerd/internal/store/vector_store.go:539.172,543.18 3 1
codenerd/internal/store/vector_store.go:543.18,546.3 2 0
codenerd/internal/store/vector_store.go:547.2,547.16 1 1
codenerd/internal/store/vector_store.go:547.16,549.3 1 0
codenerd/internal/store/vector_store.go:551.2,559.27 5 1
codenerd/internal/store/vector_store.go:559.27,561.34 2 1
codenerd/internal/store/vector_store.go:561.34,564.4 2 1
codenerd/internal/store/vector_store.go:565.3,565.62 1 1
codenerd/internal/store/vector_store.go:568.2,568.39 1 1
codenerd/internal/store/vector_store.go:568.39,571.3 2 1
codenerd/internal/store/vector_store.go:573.2,575.20 3 1
codenerd/internal/store/vector_store.go:575.20,577.3 1 1
codenerd/internal/store/vector_store.go:578.2,584.16 6 1
codenerd/internal/store/vector_store.go:584.16,587.3 2 0
codenerd/internal/store/vector_store.go:588.2,591.18 3 1
codenerd/internal/store/vector_store.go:591.18,596.68 5 1
codenerd/internal/store/vector_store.go:596.68,597.12 1 1
codenerd/internal/store/vector_store.go:599.3,605.24 2 1
codenerd/internal/store/vector_store.go:605.24,607.4 1 1
codenerd/internal/store/vector_store.go:608.3,608.28 1 1
codenerd/internal/store/vector_store.go:608.28,610.4 1 1
codenerd/internal/store/vector_store.go:611.3,612.35 2 1
codenerd/internal/store/vector_store.go:616.2,616.22 1 1
codenerd/internal/store/vector_store.go:616.22,619.31 3 1
codenerd/internal/store/vector_store.go:619.31,621.29 2 1
codenerd/internal/store/vector_store.go:621.29,623.5 1 0
codenerd/internal/store/vector_store.go:624.4,624.109 1 1
codenerd/internal/store/vector_store.go:626.8,630.3 3 1
codenerd/internal/store/vector_store.go:631.2,632.21 2 1
codenerd/internal/store/vector_store.go:636.44,637.29 1 1
codenerd/internal/store/vector_store.go:637.29,639.3 1 0
codenerd/internal/store/vector_store.go:640.2,646.43 4 1
codenerd/internal/store/vector_store.go:646.43,649.3 2 1
codenerd/internal/store/vector_store.go:649.8,651.3 1 0
codenerd/internal/store/vector_store.go:654.47,658.2 3 1
codenerd/internal/store/vector_store.go:663.48,664.45 1 1
codenerd/internal/store/vector_store.go:664.45,666.3 1 1
codenerd/internal/store/vector_store.go:668.2,672.16 3 1
codenerd/internal/store/vector_store.go:672.16,675.3 2 1
codenerd/internal/store/vector_store.go:677.2,688.18 5 1
codenerd/internal/store/vector_store.go:688.18,692.77 4 1
codenerd/internal/store/vector_store.go:692.77,694.12 2 0
codenerd/internal/store/vector_store.go:696.3,698.22 3 1
codenerd/internal/store/vector_store.go:698.22,700.12 2 0
codenerd/internal/store/vector_store.go:702.3,702.31 1 1
codenerd/internal/store/vector_store.go:702.31,704.12 2 0
codenerd/internal/store/vector_store.go:706.3,711.5 1 1
codenerd/internal/store/vector_store.go:713.2,715.24 2 1
codenerd/internal/store/vector_store.go:715.24,718.3 2 1
codenerd/internal/store/vector_store.go:720.2,726.48 4 1
codenerd/internal/store/vector_store.go:726.48,728.26 2 1
codenerd/internal/store/vector_store.go:728.26,730.4 1 1
codenerd/internal/store/vector_store.go:731.3,735.17 3 1
codenerd/internal/store/vector_store.go:735.17,737.12 2 0
codenerd/internal/store/vector_store.go:740.3,741.17 2 1
codenerd/internal/store/vector_store.go:741.17,744.12 3 0
codenerd/internal/store/vector_store.go:747.3,748.29 2 1
codenerd/internal/store/vector_store.go:748.29,750.18 2 1
codenerd/internal/store/vector_store.go:750.18,752.5 1 0
codenerd/internal/store/vector_store.go:754.3,756.37 2 1
codenerd/internal/store/vector_store.go:756.37,758.12 2 0
codenerd/internal/store/vector_store.go:761.3,761.32 1 1
codenerd/internal/store/vector_store.go:764.2,764.90 1 1
codenerd/internal/store/vector_store.go:768.97,772.19 3 1
codenerd/internal/store/vector_store.go:772.19,774.3 1 0
codenerd/internal/store/vector_store.go:776.2,781.114 5 1
codenerd/internal/store/vector_store.go:781.114,783.3 1 0
codenerd/internal/store/vector_store.go:784.2,784.19 1 1
codenerd/internal/store/vector_store.go:788.115,789.19 1 1
codenerd/internal/store/vector_store.go:789.19,791.3 1 0
codenerd/internal/store/vector_store.go:793.2,798.16 5 1
codenerd/internal/store/vector_store.go:798.16,800.3 1 0
codenerd/internal/store/vector_store.go:801.2,804.18 3 1
codenerd/internal/store/vector_store.go:804.18,806.45 2 1
codenerd/internal/store/vector_store.go:806.45,807.12 1 0
codenerd/internal/store/vector_store.go:809.3,809.33 1 1
codenerd/internal/store/vector_store.go:811.2,811.22 1 1
codenerd/internal/store/vector_store.go:816.100,820.19 3 1
codenerd/internal/store/vector_store.go:820.19,822.3 1 0
codenerd/internal/store/vector_store.go:824.2,829.16 5 1
codenerd/internal/store/vector_store.go:829.16,831.3 1 0
codenerd/internal/store/vector_store.go:832.2,833.16 2 1
codenerd/internal/store/vector_store.go:833.16,835.3 1 0
codenerd/internal/store/vector_store.go:836.2,836.18 1 1
codenerd/internal/store/vector_store.go:840.71,863.30 16 1
codenerd/internal/store/vector_store.go:863.30,866.3 2 1
codenerd/internal/store/vector_store.go:866.8,868.3 1 1
codenerd/internal/store/vector_store.go:870.2,871.19 2 1
codenerd/internal/store/vector_store.go:877.67,884.30 5 1
codenerd/internal/store/vector_store.go:884.30,887.3 2 1
codenerd/internal/store/vector_store.go:889.2,893.16 3 1
codenerd/internal/store/vector_store.go:893.16,896.3 2 0
codenerd/internal/store/vector_store.go:897.2,906.18 4 1
codenerd/internal/store/vector_store.go:906.18,908.67 2 1
codenerd/internal/store/vector_store.go:908.67,909.12 1 0
codenerd/internal/store/vector_store.go:911.3,911.31 1 1
codenerd/internal/store/vector_store.go:914.2,914.23 1 1
codenerd/internal/store/vector_store.go:914.23,917.3 2 1
codenerd/internal/store/vector_store.go:919.2,924.47 4 1
codenerd/internal/store/vector_store.go:924.47,932.27 5 1
codenerd/internal/store/vector_store.go:932.27,934.4 1 1
codenerd/internal/store/vector_store.go:937.3,938.17 2 1
codenerd/internal/store/vector_store.go:938.17,941.4 2 1
codenerd/internal/store/vector_store.go:944.3,945.17 2 1
codenerd/internal/store/vector_store.go:945.17,948.4 2 0
codenerd/internal/store/vector_store.go:950.3,951.17 2 1
codenerd/internal/store/vector_store.go:951.17,954.4 2 0
codenerd/internal/store/vector_store.go:956.3,957.18 2 1
codenerd/internal/store/vector_store.go:957.18,959.18 2 1
codenerd/internal/store/vector_store.go:959.18,963.5 3 0
codenerd/internal/store/vector_store.go:966.3,966.27 1 1
codenerd/internal/store/vector_store.go:966.27,969.18 3 1
codenerd/internal/store/vector_store.go:969.18,971.29 2 0
codenerd/internal/store/vector_store.go:971.29,973.6 1 0
codenerd/internal/store/vector_store.go:974.5,976.67 3 0
codenerd/internal/store/vector_store.go:979.4,979.19 1 1
codenerd/internal/store/vector_store.go:979.19,982.19 3 1
codenerd/internal/store/vector_store.go:982.19,987.6 4 0
codenerd/internal/store/vector_store.go:989.4,989.19 1 1
codenerd/internal/store/vector_store.go:992.3,993.27 2 1
codenerd/internal/store/vector_store.go:993.27,995.4 1 1
codenerd/internal/store/vector_store.go:997.3,997.37 1 1
codenerd/internal/store/vector_store.go:997.37,999.4 1 0
codenerd/internal/store/vector_store.go:1002.2,1003.12 2 1
codenerd/internal/store/vector_store.go:1009.79,1016.30 5 1
codenerd/internal/store/vector_store.go:1016.30,1019.3 2 1
codenerd/internal/store/vector_store.go:1021.2,1024.16 3 1
codenerd/internal/store/vector_store.go:1024.16,1027.3 2 0
codenerd/internal/store/vector_store.go:1028.2,1037.18 4 1
codenerd/internal/store/vector_store.go:1037.18,1039.67 2 1
codenerd/internal/store/vector_store.go:1039.67,1040.12 1 0
codenerd/internal/store/vector_store.go:1042.3,1042.31 1 1
codenerd/internal/store/vector_store.go:1045.2,1045.23 1 1
codenerd/internal/store/vector_store.go:1045.23,1048.3 2 1
codenerd/internal/store/vector_store.go:1050.2,1056.47 6 1
codenerd/internal/store/vector_store.go:1056.47,1066.27 8 1
codenerd/internal/store/vector_store.go:1066.27,1069.24 3 1
codenerd/internal/store/vector_store.go:1069.24,1071.5 1 1
codenerd/internal/store/vector_store.go:1072.4,1073.45 2 1
codenerd/internal/store/vector_store.go:1073.45,1075.5 1 0
codenerd/internal/store/vector_store.go:1078.3,1080.40 3 1
codenerd/internal/store/vector_store.go:1080.40,1081.84 1 1
codenerd/internal/store/vector_store.go:1081.84,1083.5 1 1
codenerd/internal/store/vector_store.go:1083.10,1083.85 1 1
codenerd/internal/store/vector_store.go:1083.85,1085.29 2 0
codenerd/internal/store/vector_store.go:1085.29,1087.25 2 0
codenerd/internal/store/vector_store.go:1087.25,1090.15 3 0
codenerd/internal/store/vector_store.go:1092.6,1092.25 1 0
codenerd/internal/store/vector_store.go:1094.10,1096.5 1 1
codenerd/internal/store/vector_store.go:1097.9,1097.84 1 0
codenerd/internal/store/vector_store.go:1097.84,1099.28 2 0
codenerd/internal/store/vector_store.go:1099.28,1101.24 2 0
codenerd/internal/store/vector_store.go:1101.24,1104.14 3 0
codenerd/internal/store/vector_store.go:1106.5,1106.24 1 0
codenerd/internal/store/vector_store.go:1108.9,1110.4 1 0
codenerd/internal/store/vector_store.go:1112.3,1112.17 1 1
codenerd/internal/store/vector_store.go:1112.17,1116.28 3 1
codenerd/internal/store/vector_store.go:1116.28,1119.79 3 1
codenerd/internal/store/vector_store.go:1119.79,1121.6 1 1
codenerd/internal/store/vector_store.go:1121.11,1123.6 1 1
codenerd/internal/store/vector_store.go:1124.5,1124.24 1 1
codenerd/internal/store/vector_store.go:1124.24,1127.14 3 1
codenerd/internal/store/vector_store.go:1129.5,1129.24 1 1
codenerd/internal/store/vector_store.go:1133.3,1134.17 2 1
codenerd/internal/store/vector_store.go:1134.17,1137.4 2 0
codenerd/internal/store/vector_store.go:1139.3,1140.17 2 1
codenerd/internal/store/vector_store.go:1140.17,1143.4 2 0
codenerd/internal/store/vector_store.go:1145.3,1146.18 2 1
codenerd/internal/store/vector_store.go:1146.18,1148.18 2 1
codenerd/internal/store/vector_store.go:1148.18,1152.5 3 0
codenerd/internal/store/vector_store.go:1155.3,1155.27 1 1
codenerd/internal/store/vector_store.go:1155.27,1156.79 1 1
codenerd/internal/store/vector_store.go:1156.79,1157.13 1 1
codenerd/internal/store/vector_store.go:1159.4,1161.18 3 1
codenerd/internal/store/vector_store.go:1161.18,1163.29 2 0
codenerd/internal/store/vector_store.go:1163.29,1165.6 1 0
codenerd/internal/store/vector_store.go:1166.5,1168.82 3 0
codenerd/internal/store/vector_store.go:1170.4,1170.19 1 1
codenerd/internal/store/vector_store.go:1170.19,1173.19 3 1
codenerd/internal/store/vector_store.go:1173.19,1178.6 4 0
codenerd/internal/store/vector_store.go:1180.4,1180.19 1 1
codenerd/internal/store/vector_store.go:1183.3,1184.27 2 1
codenerd/internal/store/vector_store.go:1184.27,1186.4 1 1
codenerd/internal/store/vector_store.go:1188.3,1188.37 1 1
codenerd/internal/store/vector_store.go:1188.37,1190.4 1 0
codenerd/internal/store/vector_store.go:1193.2,1193.50 1 1
codenerd/internal/store/vector_store.go:1193.50,1195.3 1 1
codenerd/internal/store/vector_store.go:1197.2,1198.27 2 1
codenerd/internal/store/vector_store.go:1207.142,1211.16 3 1
codenerd/internal/store/vector_store.go:1211.16,1213.3 1 0
codenerd/internal/store/vector_store.go:1215.2,1222.19 6 1
codenerd/internal/store/vector_store.go:1222.19,1225.3 2 0
codenerd/internal/store/vector_store.go:1228.2,1231.88 3 1
codenerd/internal/store/vector_store.go:1231.88,1234.3 2 1
codenerd/internal/store/vector_store.go:1234.8,1237.3 2 0
codenerd/internal/store/vector_store.go:1239.2,1239.16 1 1
codenerd/internal/store/vector_store.go:1239.16,1242.3 2 0
codenerd/internal/store/vector_store.go:1244.2,1246.16 2 1
codenerd/internal/store/vector_store.go:1246.16,1249.3 2 1
codenerd/internal/store/vector_store.go:1252.2,1252.63 1 0
codenerd/internal/store/vector_store.go:1257.118,1261.16 3 1
codenerd/internal/store/vector_store.go:1261.16,1263.3 1 0
codenerd/internal/store/vector_store.go:1265.2,1272.19 6 1
codenerd/internal/store/vector_store.go:1272.19,1275.17 3 1
codenerd/internal/store/vector_store.go:1275.17,1277.4 1 0
codenerd/internal/store/vector_store.go:1278.3,1279.28 2 1
codenerd/internal/store/vector_store.go:1279.28,1281.4 1 0
codenerd/internal/store/vector_store.go:1282.3,1283.23 2 1
codenerd/internal/store/vector_store.go:1287.2,1291.83 4 1
codenerd/internal/store/vector_store.go:1291.83,1294.3 2 1
codenerd/internal/store/vector_store.go:1294.8,1297.3 2 0
codenerd/internal/store/vector_store.go:1299.2,1299.16 1 1
codenerd/internal/store/vector_store.go:1299.16,1302.3 2 0
codenerd/internal/store/vector_store.go:1304.2,1306.16 2 1
codenerd/internal/store/vector_store.go:1306.16,1309.3 2 1
codenerd/internal/store/vector_store.go:1312.2,1312.102 1 1
codenerd/internal/store/vector_store.go:1316.123,1323.16 4 1
codenerd/internal/store/vector_store.go:1323.16,1326.3 2 0
codenerd/internal/store/vector_store.go:1327.2,1337.18 5 1
codenerd/internal/store/vector_store.go:1337.18,1341.107 3 1
codenerd/internal/store/vector_store.go:1341.107,1342.12 1 0
codenerd/internal/store/vector_store.go:1345.3,1349.22 3 1
codenerd/internal/store/vector_store.go:1349.22,1350.12 1 0
codenerd/internal/store/vector_store.go:1353.3,1354.17 2 1
codenerd/internal/store/vector_store.go:1354.17,1355.12 1 0
codenerd/internal/store/vector_store.go:1358.3,1358.24 1 1
codenerd/internal/store/vector_store.go:1358.24,1360.4 1 1
codenerd/internal/store/vector_store.go:1362.3,1365.5 1 1
codenerd/internal/store/vector_store.go:1369.2,1369.55 1 1
codenerd/internal/store/vector_store.go:1369.55,1371.3 1 1
codenerd/internal/store/vector_store.go:1373.2,1373.29 1 1
codenerd/internal/store/vector_store.go:1373.29,1375.3 1 0
codenerd/internal/store/vector_store.go:1377.2,1378.31 2 1
codenerd/internal/store/vector_store.go:1378.31,1380.33 2 1
codenerd/internal/store/vector_store.go:1380.33,1382.4 1 0
codenerd/internal/store/vector_store.go:1383.3,1383.51 1 1
codenerd/internal/store/vector_store.go:1386.2,1386.22 1 1
codenerd/internal/store/vector_store.go:1386.22,1388.3 1 1
codenerd/internal/store/vector_store.go:1388.8,1390.3 1 0
codenerd/internal/store/vector_store.go:1391.2,1391.21 1 1
codenerd/internal/store/vector_store.go:1395.153,1401.16 5 1
codenerd/internal/store/vector_store.go:1401.16,1404.3 2 0
codenerd/internal/store/vector_store.go:1405.2,1415.18 5 1
codenerd/internal/store/vector_store.go:1415.18,1419.107 3 1
codenerd/internal/store/vector_store.go:1419.107,1420.12 1 0
codenerd/internal/store/vector_store.go:1423.3,1423.24 1 1
codenerd/internal/store/vector_store.go:1423.24,1425.4 1 1
codenerd/internal/store/vector_store.go:1427.3,1429.22 3 1
codenerd/internal/store/vector_store.go:1429.22,1430.12 1 0
codenerd/internal/store/vector_store.go:1433.3,1434.17 2 1
codenerd/internal/store/vector_store.go:1434.17,1435.12 1 0
codenerd/internal/store/vector_store.go:1438.3,1441.5 1 1
codenerd/internal/store/vector_store.go:1444.2,1444.55 1 1
codenerd/internal/store/vector_store.go:1444.55,1446.3 1 1
codenerd/internal/store/vector_store.go:1448.2,1448.29 1 1
codenerd/internal/store/vector_store.go:1448.29,1450.3 1 0
codenerd/internal/store/vector_store.go:1452.2,1453.31 2 1
codenerd/internal/store/vector_store.go:1453.31,1455.33 2 1
codenerd/internal/store/vector_store.go:1455.33,1457.4 1 0
codenerd/internal/store/vector_store.go:1458.3,1458.51 1 1
codenerd/internal/store/vector_store.go:1461.2,1461.21 1 1
codenerd/internal/store/vector_store.go:1465.170,1473.39 6 1
codenerd/internal/store/vector_store.go:1473.39,1476.3 2 1
codenerd/internal/store/vector_store.go:1476.8,1478.3 1 0
codenerd/internal/store/vector_store.go:1479.2,1479.16 1 1
codenerd/internal/store/vector_store.go:1479.16,1482.3 2 0
codenerd/internal/store/vector_store.go:1483.2,1493.18 5 1
codenerd/internal/store/vector_store.go:1493.18,1497.107 3 1
codenerd/internal/store/vector_store.go:1497.107,1498.12 1 0
codenerd/internal/store/vector_store.go:1501.3,1501.24 1 1
codenerd/internal/store/vector_store.go:1501.24,1503.4 1 1
codenerd/internal/store/vector_store.go:1504.3,1504.59 1 1
codenerd/internal/store/vector_store.go:1504.59,1505.12 1 0
codenerd/internal/store/vector_store.go:1508.3,1512.22 3 1
codenerd/internal/store/vector_store.go:1512.22,1513.12 1 0
codenerd/internal/store/vector_store.go:1516.3,1517.17 2 1
codenerd/internal/store/vector_store.go:1517.17,1518.12 1 0
codenerd/internal/store/vector_store.go:1521.3,1524.5 1 1
codenerd/internal/store/vector_store.go:1528.2,1528.55 1 1
codenerd/internal/store/vector_store.go:1528.55,1530.3 1 0
codenerd/internal/store/vector_store.go:1532.2,1532.29 1 1
codenerd/internal/store/vector_store.go:1532.29,1534.3 1 0
codenerd/internal/store/vector_store.go:1536.2,1537.31 2 1
codenerd/internal/store/vector_store.go:1537.31,1539.33 2 1
codenerd/internal/store/vector_store.go:1539.33,1541.4 1 0
codenerd/internal/store/vector_store.go:1542.3,1542.51 1 1
codenerd/internal/store/vector_store.go:1545.2,1545.21 1 1
codenerd/internal/store/vector_store.go:1549.83,1551.28 2 1
codenerd/internal/store/vector_store.go:1551.28,1552.24 1 1
codenerd/internal/store/vector_store.go:1552.24,1553.78 1 1
codenerd/internal/store/vector_store.go:1553.78,1555.5 1 1
codenerd/internal/store/vector_store.go:1558.2,1558.12 1 1
codenerd/internal/store/vector_utils.go:11.74,14.20 2 1
codenerd/internal/store/vector_utils.go:14.20,16.3 1 0
codenerd/internal/store/vector_utils.go:19.2,20.97 2 1
codenerd/internal/store/vector_utils.go:20.97,22.3 1 0
codenerd/internal/store/vector_utils.go:23.2,23.20 1 1
codenerd/internal/store/vector_utils.go:23.20,25.3 1 0
codenerd/internal/store/vector_utils.go:27.2,27.20 1 1
codenerd/internal/store/vector_utils.go:27.20,29.3 1 1
codenerd/internal/store/vector_utils.go:30.2,32.20 2 1
codenerd/internal/store/vector_utils.go:32.20,34.98 1 1
codenerd/internal/store/vector_utils.go:34.98,36.4 1 1
codenerd/internal/store/vector_utils.go:37.3,37.21 1 1
codenerd/internal/store/vector_utils.go:37.21,38.9 1 0
codenerd/internal/store/vector_utils.go:41.3,41.21 1 1
codenerd/internal/store/vector_utils.go:41.21,43.4 1 1
codenerd/internal/store/vector_utils.go:46.3,47.134 2 1
codenerd/internal/store/vector_utils.go:47.134,49.4 1 1
codenerd/internal/store/vector_utils.go:52.3,53.24 2 1
codenerd/internal/store/vector_utils.go:53.24,58.18 3 1
codenerd/internal/store/vector_utils.go:58.18,60.5 1 0
codenerd/internal/store/vector_utils.go:61.4,61.35 1 1
codenerd/internal/store/vector_utils.go:65.3,65.98 1 1
codenerd/internal/store/vector_utils.go:65.98,67.4 1 1
codenerd/internal/store/vector_utils.go:69.3,69.38 1 1
codenerd/internal/store/vector_utils.go:69.38,71.4 1 1
codenerd/internal/store/vector_utils.go:71.9,71.45 1 1
codenerd/internal/store/vector_utils.go:71.45,73.4 1 1
codenerd/internal/store/vector_utils.go:76.2,76.18 1 0
