mode: set
codenerd/internal/core/action_validator.go:85.48,90.2 1 1
codenerd/internal/core/action_validator.go:94.57,95.14 1 1
codenerd/internal/core/action_validator.go:95.14,97.3 1 1
codenerd/internal/core/action_validator.go:98.2,104.45 4 1
codenerd/internal/core/action_validator.go:104.45,105.64 1 1
codenerd/internal/core/action_validator.go:105.64,107.4 1 1
codenerd/internal/core/action_validator.go:111.2,111.51 1 1
codenerd/internal/core/action_validator.go:116.91,118.44 2 1
codenerd/internal/core/action_validator.go:118.44,121.3 2 1
codenerd/internal/core/action_validator.go:122.2,129.44 4 1
codenerd/internal/core/action_validator.go:129.44,131.3 1 1
codenerd/internal/core/action_validator.go:133.2,134.33 2 1
codenerd/internal/core/action_validator.go:134.33,135.32 1 1
codenerd/internal/core/action_validator.go:135.32,137.4 1 1
codenerd/internal/core/action_validator.go:140.2,141.19 2 1
codenerd/internal/core/action_validator.go:146.118,148.26 2 1
codenerd/internal/core/action_validator.go:148.26,159.3 1 1
codenerd/internal/core/action_validator.go:161.2,162.31 2 1
codenerd/internal/core/action_validator.go:162.31,163.10 1 1
codenerd/internal/core/action_validator.go:164.21,173.18 2 1
codenerd/internal/core/action_validator.go:174.11,174.11 0 1
codenerd/internal/core/action_validator.go:177.3,186.24 7 1
codenerd/internal/core/action_validator.go:186.24,188.4 1 1
codenerd/internal/core/action_validator.go:189.3,189.26 1 1
codenerd/internal/core/action_validator.go:189.26,191.4 1 1
codenerd/internal/core/action_validator.go:193.3,196.43 2 1
codenerd/internal/core/action_validator.go:196.43,197.9 1 1
codenerd/internal/core/action_validator.go:201.2,201.16 1 1
codenerd/internal/core/action_validator.go:205.51,206.28 1 1
codenerd/internal/core/action_validator.go:206.28,207.18 1 1
codenerd/internal/core/action_validator.go:207.18,209.4 1 1
codenerd/internal/core/action_validator.go:211.2,211.13 1 1
codenerd/internal/core/action_validator.go:215.65,216.28 1 1
codenerd/internal/core/action_validator.go:216.28,217.18 1 1
codenerd/internal/core/action_validator.go:217.18,219.4 1 1
codenerd/internal/core/action_validator.go:221.2,221.12 1 1
codenerd/internal/core/action_validator.go:225.70,226.23 1 1
codenerd/internal/core/action_validator.go:226.23,228.3 1 1
codenerd/internal/core/action_validator.go:229.2,230.36 2 1
codenerd/internal/core/action_validator.go:230.36,232.83 1 1
codenerd/internal/core/action_validator.go:232.83,234.4 1 1
codenerd/internal/core/action_validator.go:236.2,236.16 1 1
codenerd/internal/core/action_validator.go:264.60,265.23 1 1
codenerd/internal/core/action_validator.go:265.23,273.3 1 1
codenerd/internal/core/action_validator.go:275.2,283.28 2 1
codenerd/internal/core/action_validator.go:283.28,284.18 1 1
codenerd/internal/core/action_validator.go:284.18,287.28 3 1
codenerd/internal/core/action_validator.go:287.28,289.5 1 1
codenerd/internal/core/action_validator.go:291.3,291.43 1 1
codenerd/internal/core/action_validator.go:291.43,293.4 1 1
codenerd/internal/core/action_validator.go:294.3,294.42 1 1
codenerd/internal/core/action_validator.go:294.42,296.4 1 1
codenerd/internal/core/action_validator.go:299.2,299.12 1 1
codenerd/internal/core/action_validator.go:303.46,307.57 3 1
codenerd/internal/core/action_validator.go:307.57,309.3 1 1
codenerd/internal/core/action_validator.go:310.2,310.22 1 1
codenerd/internal/core/action_validator.go:310.22,312.3 1 1
codenerd/internal/core/action_validator.go:312.8,312.29 1 1
codenerd/internal/core/action_validator.go:312.29,314.3 1 1
codenerd/internal/core/action_validator.go:316.2,317.30 2 1
codenerd/internal/core/action_validator.go:317.30,319.3 1 0
codenerd/internal/core/action_validator.go:321.2,322.26 2 1
codenerd/internal/core/action_validator.go:322.26,324.3 1 0
codenerd/internal/core/action_validator.go:326.2,326.17 1 1
codenerd/internal/core/action_validator.go:326.17,338.3 1 1
codenerd/internal/core/action_validator.go:338.8,341.24 2 1
codenerd/internal/core/action_validator.go:341.24,343.33 1 1
codenerd/internal/core/action_validator.go:343.33,345.5 1 1
codenerd/internal/core/action_validator.go:347.3,347.29 1 1
codenerd/internal/core/action_validator.go:347.29,349.4 1 1
codenerd/internal/core/action_validator.go:350.3,359.5 1 1
codenerd/internal/core/action_validator.go:363.2,371.14 2 1
codenerd/internal/core/api_scheduler.go:49.37,50.11 1 1
codenerd/internal/core/api_scheduler.go:51.25,52.24 1 1
codenerd/internal/core/api_scheduler.go:53.27,54.28 1 1
codenerd/internal/core/api_scheduler.go:55.25,56.25 1 1
codenerd/internal/core/api_scheduler.go:57.29,58.29 1 1
codenerd/internal/core/api_scheduler.go:59.22,60.21 1 1
codenerd/internal/core/api_scheduler.go:61.19,62.18 1 1
codenerd/internal/core/api_scheduler.go:63.10,64.39 1 1
codenerd/internal/core/api_scheduler.go:93.53,99.2 1 1
codenerd/internal/core/api_scheduler.go:129.63,137.2 1 1
codenerd/internal/core/api_scheduler.go:140.86,155.2 6 1
codenerd/internal/core/api_scheduler.go:158.56,162.45 3 1
codenerd/internal/core/api_scheduler.go:162.45,167.3 3 1
codenerd/internal/core/api_scheduler.go:173.82,176.9 3 1
codenerd/internal/core/api_scheduler.go:176.9,179.3 2 1
codenerd/internal/core/api_scheduler.go:180.2,190.64 4 1
codenerd/internal/core/api_scheduler.go:190.64,191.49 1 1
codenerd/internal/core/api_scheduler.go:191.49,193.4 1 1
codenerd/internal/core/api_scheduler.go:197.2,211.51 7 1
codenerd/internal/core/api_scheduler.go:211.51,214.3 1 1
codenerd/internal/core/api_scheduler.go:216.2,218.57 3 1
codenerd/internal/core/api_scheduler.go:218.57,219.76 1 1
codenerd/internal/core/api_scheduler.go:219.76,221.4 1 1
codenerd/internal/core/api_scheduler.go:223.2,223.23 1 1
codenerd/internal/core/api_scheduler.go:223.23,225.3 1 1
codenerd/internal/core/api_scheduler.go:228.2,228.9 1 1
codenerd/internal/core/api_scheduler.go:229.29,239.33 6 1
codenerd/internal/core/api_scheduler.go:239.33,240.28 1 1
codenerd/internal/core/api_scheduler.go:240.28,242.10 2 1
codenerd/internal/core/api_scheduler.go:245.3,250.42 4 1
codenerd/internal/core/api_scheduler.go:250.42,252.4 1 0
codenerd/internal/core/api_scheduler.go:253.3,253.13 1 1
codenerd/internal/core/api_scheduler.go:255.24,261.33 4 1
codenerd/internal/core/api_scheduler.go:261.33,262.28 1 1
codenerd/internal/core/api_scheduler.go:262.28,264.10 2 1
codenerd/internal/core/api_scheduler.go:267.3,271.23 3 1
codenerd/internal/core/api_scheduler.go:273.18,276.33 2 1
codenerd/internal/core/api_scheduler.go:276.33,277.28 1 1
codenerd/internal/core/api_scheduler.go:277.28,279.10 2 1
codenerd/internal/core/api_scheduler.go:282.3,283.41 2 1
codenerd/internal/core/api_scheduler.go:289.55,291.9 1 1
codenerd/internal/core/api_scheduler.go:292.17,292.17 0 1
codenerd/internal/core/api_scheduler.go:294.10,297.9 2 1
codenerd/internal/core/api_scheduler.go:300.2,304.45 4 1
codenerd/internal/core/api_scheduler.go:304.45,307.3 2 1
codenerd/internal/core/api_scheduler.go:308.2,310.123 2 1
codenerd/internal/core/api_scheduler.go:314.86,318.45 3 1
codenerd/internal/core/api_scheduler.go:318.45,320.3 1 1
codenerd/internal/core/api_scheduler.go:324.87,328.45 3 1
codenerd/internal/core/api_scheduler.go:328.45,331.3 2 1
codenerd/internal/core/api_scheduler.go:332.2,332.19 1 0
codenerd/internal/core/api_scheduler.go:337.83,342.9 4 1
codenerd/internal/core/api_scheduler.go:342.9,344.3 1 1
codenerd/internal/core/api_scheduler.go:346.2,349.37 3 1
codenerd/internal/core/api_scheduler.go:349.37,351.3 1 1
codenerd/internal/core/api_scheduler.go:352.2,352.25 1 1
codenerd/internal/core/api_scheduler.go:356.57,363.38 5 1
codenerd/internal/core/api_scheduler.go:363.38,365.3 1 1
codenerd/internal/core/api_scheduler.go:366.2,377.3 2 1
codenerd/internal/core/api_scheduler.go:393.46,395.25 2 1
codenerd/internal/core/api_scheduler.go:395.25,397.3 1 1
codenerd/internal/core/api_scheduler.go:398.2,399.93 1 1
codenerd/internal/core/api_scheduler.go:403.31,405.2 1 1
codenerd/internal/core/api_scheduler.go:421.58,425.28 3 1
codenerd/internal/core/api_scheduler.go:425.28,429.3 2 1
codenerd/internal/core/api_scheduler.go:432.2,432.36 1 0
codenerd/internal/core/api_scheduler.go:432.36,434.3 1 0
codenerd/internal/core/api_scheduler.go:435.2,435.33 1 0
codenerd/internal/core/api_scheduler.go:435.33,437.3 1 0
codenerd/internal/core/api_scheduler.go:439.2,440.93 2 0
codenerd/internal/core/api_scheduler.go:444.38,445.32 1 1
codenerd/internal/core/api_scheduler.go:445.32,452.3 5 1
codenerd/internal/core/api_scheduler.go:453.2,453.24 1 1
codenerd/internal/core/cortex_kernel.go:58.57,65.2 1 1
codenerd/internal/core/cortex_kernel.go:69.64,74.43 4 1
codenerd/internal/core/cortex_kernel.go:74.43,76.3 1 1
codenerd/internal/core/cortex_kernel.go:78.2,81.42 2 1
codenerd/internal/core/cortex_kernel.go:81.42,82.67 1 1
codenerd/internal/core/cortex_kernel.go:82.67,86.4 1 0
codenerd/internal/core/cortex_kernel.go:87.3,87.34 1 1
codenerd/internal/core/cortex_kernel.go:90.2,92.12 2 1
codenerd/internal/core/cortex_kernel.go:96.69,101.2 4 1
codenerd/internal/core/cortex_kernel.go:106.59,109.63 3 1
codenerd/internal/core/cortex_kernel.go:109.63,111.3 1 1
codenerd/internal/core/cortex_kernel.go:113.2,113.33 1 1
codenerd/internal/core/cortex_kernel.go:113.33,114.42 1 1
codenerd/internal/core/cortex_kernel.go:114.42,116.4 1 1
codenerd/internal/core/cortex_kernel.go:118.2,118.12 1 1
codenerd/internal/core/cortex_kernel.go:123.52,125.2 1 1
codenerd/internal/core/cortex_kernel.go:129.68,132.51 2 1
codenerd/internal/core/cortex_kernel.go:132.51,134.3 1 0
codenerd/internal/core/cortex_kernel.go:136.2,139.50 3 1
codenerd/internal/core/cortex_kernel.go:139.50,140.40 1 1
codenerd/internal/core/cortex_kernel.go:140.40,143.4 2 1
codenerd/internal/core/cortex_kernel.go:147.2,149.47 2 0
codenerd/internal/core/cortex_kernel.go:149.47,151.3 1 0
codenerd/internal/core/cortex_kernel.go:154.2,154.33 1 0
codenerd/internal/core/cortex_kernel.go:154.33,156.3 1 0
codenerd/internal/core/cortex_kernel.go:157.2,157.12 1 0
codenerd/internal/core/cortex_kernel.go:165.54,167.18 2 1
codenerd/internal/core/cortex_kernel.go:167.18,169.3 1 0
codenerd/internal/core/cortex_kernel.go:170.2,170.43 1 1
codenerd/internal/core/cortex_kernel.go:170.43,172.3 1 0
codenerd/internal/core/cortex_kernel.go:174.2,174.23 1 1
codenerd/internal/core/cortex_kernel.go:174.23,176.3 1 1
codenerd/internal/core/cortex_kernel.go:177.2,177.12 1 1
codenerd/internal/core/cortex_kernel.go:181.62,184.29 2 1
codenerd/internal/core/cortex_kernel.go:184.29,186.19 2 1
codenerd/internal/core/cortex_kernel.go:186.19,188.4 1 0
codenerd/internal/core/cortex_kernel.go:189.3,189.66 1 1
codenerd/internal/core/cortex_kernel.go:193.2,194.37 2 1
codenerd/internal/core/cortex_kernel.go:194.37,196.19 2 1
codenerd/internal/core/cortex_kernel.go:196.19,197.12 1 0
codenerd/internal/core/cortex_kernel.go:199.3,199.50 1 1
codenerd/internal/core/cortex_kernel.go:199.50,201.4 1 0
codenerd/internal/core/cortex_kernel.go:202.3,202.27 1 1
codenerd/internal/core/cortex_kernel.go:202.27,204.4 1 1
codenerd/internal/core/cortex_kernel.go:207.2,207.23 1 1
codenerd/internal/core/cortex_kernel.go:207.23,208.41 1 1
codenerd/internal/core/cortex_kernel.go:208.41,210.4 1 1
codenerd/internal/core/cortex_kernel.go:212.2,212.12 1 1
codenerd/internal/core/cortex_kernel.go:216.56,218.18 2 1
codenerd/internal/core/cortex_kernel.go:218.18,220.3 1 0
codenerd/internal/core/cortex_kernel.go:221.2,221.33 1 1
codenerd/internal/core/cortex_kernel.go:225.59,227.18 2 1
codenerd/internal/core/cortex_kernel.go:227.18,229.3 1 0
codenerd/internal/core/cortex_kernel.go:230.2,230.32 1 1
codenerd/internal/core/cortex_kernel.go:234.73,237.29 2 1
codenerd/internal/core/cortex_kernel.go:237.29,239.19 2 1
codenerd/internal/core/cortex_kernel.go:239.19,240.12 1 0
codenerd/internal/core/cortex_kernel.go:242.3,242.66 1 1
codenerd/internal/core/cortex_kernel.go:245.2,245.37 1 1
codenerd/internal/core/cortex_kernel.go:245.37,247.19 2 1
codenerd/internal/core/cortex_kernel.go:247.19,248.12 1 0
codenerd/internal/core/cortex_kernel.go:250.3,250.68 1 1
codenerd/internal/core/cortex_kernel.go:250.68,252.4 1 0
codenerd/internal/core/cortex_kernel.go:254.2,254.12 1 1
codenerd/internal/core/cortex_kernel.go:258.88,261.31 2 1
codenerd/internal/core/cortex_kernel.go:261.31,263.19 2 1
codenerd/internal/core/cortex_kernel.go:263.19,264.12 1 0
codenerd/internal/core/cortex_kernel.go:266.3,267.32 2 1
codenerd/internal/core/cortex_kernel.go:267.32,269.4 1 1
codenerd/internal/core/cortex_kernel.go:270.3,270.40 1 1
codenerd/internal/core/cortex_kernel.go:273.2,273.40 1 1
codenerd/internal/core/cortex_kernel.go:273.40,275.19 2 1
codenerd/internal/core/cortex_kernel.go:275.19,276.12 1 0
codenerd/internal/core/cortex_kernel.go:278.3,278.71 1 1
codenerd/internal/core/cortex_kernel.go:278.71,280.4 1 0
codenerd/internal/core/cortex_kernel.go:282.2,282.12 1 1
codenerd/internal/core/cortex_kernel.go:286.70,288.18 2 1
codenerd/internal/core/cortex_kernel.go:288.18,290.3 1 0
codenerd/internal/core/cortex_kernel.go:291.2,291.31 1 1
codenerd/internal/core/cortex_kernel.go:295.68,300.38 4 1
codenerd/internal/core/cortex_kernel.go:300.38,302.17 2 1
codenerd/internal/core/cortex_kernel.go:302.17,304.4 1 0
codenerd/internal/core/cortex_kernel.go:305.3,305.36 1 1
codenerd/internal/core/cortex_kernel.go:305.36,307.4 1 1
codenerd/internal/core/cortex_kernel.go:309.2,309.20 1 1
codenerd/internal/core/cortex_kernel.go:313.60,316.29 2 1
codenerd/internal/core/cortex_kernel.go:316.29,318.19 2 1
codenerd/internal/core/cortex_kernel.go:318.19,320.4 1 0
codenerd/internal/core/cortex_kernel.go:321.3,321.66 1 1
codenerd/internal/core/cortex_kernel.go:324.2,324.37 1 1
codenerd/internal/core/cortex_kernel.go:324.37,326.19 2 1
codenerd/internal/core/cortex_kernel.go:326.19,327.12 1 0
codenerd/internal/core/cortex_kernel.go:329.3,329.48 1 1
codenerd/internal/core/cortex_kernel.go:329.48,331.4 1 0
codenerd/internal/core/cortex_kernel.go:333.2,333.12 1 1
codenerd/internal/core/cortex_kernel.go:337.50,341.38 3 1
codenerd/internal/core/cortex_kernel.go:341.38,342.58 1 1
codenerd/internal/core/cortex_kernel.go:342.58,344.4 1 0
codenerd/internal/core/cortex_kernel.go:346.2,346.12 1 1
codenerd/internal/core/cortex_kernel.go:351.63,355.47 3 1
codenerd/internal/core/cortex_kernel.go:355.47,357.3 1 1
codenerd/internal/core/cortex_kernel.go:358.2,358.12 1 1
codenerd/internal/core/cortex_kernel.go:362.32,366.33 3 1
codenerd/internal/core/cortex_kernel.go:366.33,368.3 1 1
codenerd/internal/core/cortex_kernel.go:369.2,369.45 1 1
codenerd/internal/core/cortex_kernel.go:373.52,377.47 3 1
codenerd/internal/core/cortex_kernel.go:377.47,379.3 1 1
codenerd/internal/core/cortex_kernel.go:410.62,416.2 1 1
codenerd/internal/core/cortex_kernel.go:419.53,421.2 1 1
codenerd/internal/core/cortex_kernel.go:424.55,426.2 1 1
codenerd/internal/core/cortex_kernel.go:429.58,431.2 1 1
codenerd/internal/core/cortex_kernel.go:434.63,436.2 1 1
codenerd/internal/core/cortex_kernel.go:439.81,441.2 1 1
codenerd/internal/core/cortex_kernel.go:446.44,456.40 4 1
codenerd/internal/core/cortex_kernel.go:456.40,458.19 2 1
codenerd/internal/core/cortex_kernel.go:458.19,460.4 1 0
codenerd/internal/core/cortex_kernel.go:461.3,462.30 2 1
codenerd/internal/core/cortex_kernel.go:462.30,464.4 1 1
codenerd/internal/core/cortex_kernel.go:465.3,465.26 1 1
codenerd/internal/core/cortex_kernel.go:468.2,468.31 1 1
codenerd/internal/core/cortex_kernel.go:468.31,469.33 1 1
codenerd/internal/core/cortex_kernel.go:469.33,472.32 2 1
codenerd/internal/core/cortex_kernel.go:472.32,474.21 2 1
codenerd/internal/core/cortex_kernel.go:474.21,476.6 1 1
codenerd/internal/core/cortex_kernel.go:478.4,478.38 1 1
codenerd/internal/core/cortex_kernel.go:478.38,479.32 1 1
codenerd/internal/core/cortex_kernel.go:479.32,481.6 1 1
codenerd/internal/core/cortex_kernel.go:482.5,482.69 1 1
codenerd/internal/core/cortex_kernel.go:484.9,486.18 2 1
codenerd/internal/core/cortex_kernel.go:486.18,488.5 1 1
codenerd/internal/core/cortex_kernel.go:491.2,491.30 1 1
codenerd/internal/core/cortex_kernel.go:491.30,493.17 2 1
codenerd/internal/core/cortex_kernel.go:493.17,495.4 1 1
codenerd/internal/core/cortex_kernel.go:499.2,499.36 1 1
codenerd/internal/core/cortex_kernel.go:499.36,501.10 2 1
codenerd/internal/core/cortex_kernel.go:501.10,502.12 1 0
codenerd/internal/core/cortex_kernel.go:505.3,506.34 2 1
codenerd/internal/core/cortex_kernel.go:506.34,507.20 1 1
codenerd/internal/core/cortex_kernel.go:508.20,509.28 1 1
codenerd/internal/core/cortex_kernel.go:510.25,511.27 1 1
codenerd/internal/core/cortex_kernel.go:512.22,513.32 1 1
codenerd/internal/core/cortex_kernel.go:514.24,517.33 2 1
codenerd/internal/core/cortex_kernel.go:517.33,519.42 2 1
codenerd/internal/core/cortex_kernel.go:519.42,521.7 1 1
codenerd/internal/core/cortex_kernel.go:523.5,523.24 1 1
codenerd/internal/core/cortex_kernel.go:523.24,525.6 1 1
codenerd/internal/core/cortex_kernel.go:528.3,528.33 1 1
codenerd/internal/core/cortex_kernel.go:528.33,530.4 1 1
codenerd/internal/core/cortex_kernel.go:531.3,531.37 1 1
codenerd/internal/core/cortex_kernel.go:531.37,534.4 2 1
codenerd/internal/core/cortex_kernel.go:537.2,540.12 3 1
codenerd/internal/core/cortex_kernel.go:548.52,553.33 4 1
codenerd/internal/core/cortex_kernel.go:553.33,555.3 1 1
codenerd/internal/core/cortex_kernel.go:556.2,556.16 1 1
codenerd/internal/core/cortex_kernel.go:560.37,566.28 5 1
codenerd/internal/core/cortex_kernel.go:566.28,573.3 4 1
codenerd/internal/core/cortex_kernel.go:575.2,581.78 5 1
codenerd/internal/core/cortex_kernel.go:585.45,590.33 4 1
codenerd/internal/core/cortex_kernel.go:590.33,592.3 1 0
codenerd/internal/core/cortex_kernel.go:593.2,593.14 1 1
codenerd/internal/core/cortex_kernel.go:598.61,603.33 4 1
codenerd/internal/core/cortex_kernel.go:603.33,605.49 2 1
codenerd/internal/core/cortex_kernel.go:605.49,607.4 1 0
codenerd/internal/core/cortex_kernel.go:608.3,608.33 1 1
codenerd/internal/core/cortex_kernel.go:610.2,610.23 1 1
codenerd/internal/core/cortex_kernel.go:618.41,621.2 2 1
codenerd/internal/core/cortex_kernel.go:624.61,626.16 2 1
codenerd/internal/core/cortex_kernel.go:626.16,628.3 1 0
codenerd/internal/core/cortex_kernel.go:630.2,631.16 2 1
codenerd/internal/core/cortex_kernel.go:631.16,633.3 1 0
codenerd/internal/core/cortex_kernel.go:636.2,637.32 2 1
codenerd/internal/core/cortex_kernel.go:637.32,642.3 1 1
codenerd/internal/core/cortex_kernel.go:644.2,644.31 1 1
codenerd/internal/core/cortex_kernel.go:648.60,653.33 4 1
codenerd/internal/core/cortex_kernel.go:653.33,656.3 2 1
codenerd/internal/core/cortex_kernel.go:657.2,657.19 1 1
codenerd/internal/core/dream_learning.go:100.58,107.2 2 1
codenerd/internal/core/dream_learning.go:111.124,124.45 9 1
codenerd/internal/core/dream_learning.go:124.45,125.32 1 1
codenerd/internal/core/dream_learning.go:125.32,126.12 1 1
codenerd/internal/core/dream_learning.go:130.3,135.72 4 1
codenerd/internal/core/dream_learning.go:135.72,137.21 2 1
codenerd/internal/core/dream_learning.go:137.21,142.5 4 1
codenerd/internal/core/dream_learning.go:142.10,145.5 2 0
codenerd/internal/core/dream_learning.go:149.2,150.18 2 1
codenerd/internal/core/dream_learning.go:154.131,158.47 3 1
codenerd/internal/core/dream_learning.go:158.47,160.33 2 1
codenerd/internal/core/dream_learning.go:160.33,161.22 1 1
codenerd/internal/core/dream_learning.go:161.22,163.49 2 1
codenerd/internal/core/dream_learning.go:163.49,178.6 1 1
codenerd/internal/core/dream_learning.go:183.2,183.18 1 1
codenerd/internal/core/dream_learning.go:187.130,191.47 3 1
codenerd/internal/core/dream_learning.go:191.47,193.33 2 1
codenerd/internal/core/dream_learning.go:193.33,195.47 2 1
codenerd/internal/core/dream_learning.go:195.47,213.5 2 1
codenerd/internal/core/dream_learning.go:217.2,217.18 1 1
codenerd/internal/core/dream_learning.go:221.133,225.47 3 1
codenerd/internal/core/dream_learning.go:225.47,227.33 2 1
codenerd/internal/core/dream_learning.go:227.33,229.47 2 1
codenerd/internal/core/dream_learning.go:229.47,247.5 2 1
codenerd/internal/core/dream_learning.go:251.2,251.18 1 1
codenerd/internal/core/dream_learning.go:256.66,258.21 1 1
codenerd/internal/core/dream_learning.go:258.21,260.3 1 1
codenerd/internal/core/dream_learning.go:263.2,264.33 2 1
codenerd/internal/core/dream_learning.go:264.33,266.3 1 1
codenerd/internal/core/dream_learning.go:269.2,278.40 3 1
codenerd/internal/core/dream_learning.go:278.40,279.57 1 1
codenerd/internal/core/dream_learning.go:279.57,281.4 1 1
codenerd/internal/core/dream_learning.go:285.2,285.88 1 1
codenerd/internal/core/dream_learning.go:285.88,287.3 1 1
codenerd/internal/core/dream_learning.go:289.2,289.13 1 1
codenerd/internal/core/dream_learning.go:294.71,298.107 2 1
codenerd/internal/core/dream_learning.go:298.107,300.3 1 1
codenerd/internal/core/dream_learning.go:303.2,305.36 3 1
codenerd/internal/core/dream_learning.go:305.36,306.36 1 1
codenerd/internal/core/dream_learning.go:306.36,308.4 1 1
codenerd/internal/core/dream_learning.go:312.2,312.55 1 1
codenerd/internal/core/dream_learning.go:312.55,314.3 1 1
codenerd/internal/core/dream_learning.go:317.2,318.36 2 1
codenerd/internal/core/dream_learning.go:318.36,319.36 1 1
codenerd/internal/core/dream_learning.go:319.36,321.4 1 1
codenerd/internal/core/dream_learning.go:325.2,325.17 1 1
codenerd/internal/core/dream_learning.go:325.17,327.3 1 1
codenerd/internal/core/dream_learning.go:328.2,328.17 1 1
codenerd/internal/core/dream_learning.go:328.17,330.3 1 1
codenerd/internal/core/dream_learning.go:332.2,332.14 1 1
codenerd/internal/core/dream_learning.go:337.89,346.40 6 1
codenerd/internal/core/dream_learning.go:346.40,348.3 1 1
codenerd/internal/core/dream_learning.go:350.2,350.29 1 1
codenerd/internal/core/dream_learning.go:350.29,351.19 1 1
codenerd/internal/core/dream_learning.go:351.19,355.26 4 1
codenerd/internal/core/dream_learning.go:355.26,357.5 1 1
codenerd/internal/core/dream_learning.go:358.4,365.106 5 1
codenerd/internal/core/dream_learning.go:370.2,370.30 1 1
codenerd/internal/core/dream_learning.go:370.30,372.3 1 1
codenerd/internal/core/dream_learning.go:374.2,375.18 2 1
codenerd/internal/core/dream_learning.go:380.116,389.31 4 1
codenerd/internal/core/dream_learning.go:389.31,390.31 1 1
codenerd/internal/core/dream_learning.go:390.31,392.5 1 1
codenerd/internal/core/dream_learning.go:393.4,393.13 1 0
codenerd/internal/core/dream_learning.go:406.2,411.17 5 1
codenerd/internal/core/dream_learning.go:415.73,420.29 4 1
codenerd/internal/core/dream_learning.go:420.29,422.3 1 1
codenerd/internal/core/dream_learning.go:423.2,423.16 1 1
codenerd/internal/core/dream_learning.go:427.75,432.2 3 1
codenerd/internal/core/dream_learning.go:435.78,439.32 3 1
codenerd/internal/core/dream_learning.go:439.32,440.25 1 1
codenerd/internal/core/dream_learning.go:440.25,444.9 4 1
codenerd/internal/core/dream_learning.go:450.48,457.2 5 1
codenerd/internal/core/dream_learning.go:460.68,475.32 5 1
codenerd/internal/core/dream_learning.go:475.32,478.19 3 1
codenerd/internal/core/dream_learning.go:478.19,480.4 1 1
codenerd/internal/core/dream_learning.go:483.2,483.26 1 1
codenerd/internal/core/dream_learning.go:483.26,485.3 1 1
codenerd/internal/core/dream_learning.go:487.2,487.14 1 1
codenerd/internal/core/dream_learning.go:492.50,495.33 2 1
codenerd/internal/core/dream_learning.go:495.33,497.3 1 1
codenerd/internal/core/dream_learning.go:498.2,500.48 1 1
codenerd/internal/core/dream_learning.go:503.91,505.2 1 1
codenerd/internal/core/dream_learning.go:507.44,508.22 1 1
codenerd/internal/core/dream_learning.go:508.22,510.3 1 1
codenerd/internal/core/dream_learning.go:511.2,511.27 1 0
codenerd/internal/core/dream_learning.go:514.47,520.2 4 1
codenerd/internal/core/dream_learning.go:522.45,524.51 1 1
codenerd/internal/core/dream_learning.go:524.51,525.67 1 1
codenerd/internal/core/dream_learning.go:525.67,527.4 1 1
codenerd/internal/core/dream_learning.go:529.2,529.11 1 0
codenerd/internal/core/dream_learning.go:532.46,535.9 2 1
codenerd/internal/core/dream_learning.go:536.121,537.20 1 1
codenerd/internal/core/dream_learning.go:538.112,539.26 1 1
codenerd/internal/core/dream_learning.go:540.118,541.23 1 1
codenerd/internal/core/dream_learning.go:542.111,543.21 1 1
codenerd/internal/core/dream_learning.go:544.120,545.22 1 1
codenerd/internal/core/dream_learning.go:546.10,547.19 1 1
codenerd/internal/core/dream_learning.go:551.46,563.39 3 1
codenerd/internal/core/dream_learning.go:563.39,564.38 1 1
codenerd/internal/core/dream_learning.go:564.38,566.4 1 1
codenerd/internal/core/dream_learning.go:568.2,568.14 1 1
codenerd/internal/core/dream_learning.go:572.44,574.2 1 1
codenerd/internal/core/dream_plan.go:67.55,68.14 1 1
codenerd/internal/core/dream_plan.go:68.14,70.3 1 1
codenerd/internal/core/dream_plan.go:71.2,80.3 1 1
codenerd/internal/core/dream_plan.go:84.54,86.2 1 1
codenerd/internal/core/dream_plan.go:89.59,90.28 1 1
codenerd/internal/core/dream_plan.go:90.28,91.51 1 1
codenerd/internal/core/dream_plan.go:91.51,94.51 2 1
codenerd/internal/core/dream_plan.go:94.51,95.48 1 1
codenerd/internal/core/dream_plan.go:95.48,96.114 1 1
codenerd/internal/core/dream_plan.go:96.114,98.12 2 1
codenerd/internal/core/dream_plan.go:102.4,102.18 1 1
codenerd/internal/core/dream_plan.go:102.18,104.5 1 1
codenerd/internal/core/dream_plan.go:107.2,107.12 1 1
codenerd/internal/core/dream_plan.go:111.51,112.28 1 1
codenerd/internal/core/dream_plan.go:112.28,113.29 1 1
codenerd/internal/core/dream_plan.go:113.29,116.4 2 1
codenerd/internal/core/dream_plan.go:121.61,122.28 1 1
codenerd/internal/core/dream_plan.go:122.28,123.29 1 1
codenerd/internal/core/dream_plan.go:123.29,128.4 4 1
codenerd/internal/core/dream_plan.go:133.55,134.28 1 1
codenerd/internal/core/dream_plan.go:134.28,135.29 1 1
codenerd/internal/core/dream_plan.go:135.29,140.4 4 1
codenerd/internal/core/dream_plan.go:145.39,146.31 1 1
codenerd/internal/core/dream_plan.go:146.31,147.75 1 1
codenerd/internal/core/dream_plan.go:147.75,149.4 1 1
codenerd/internal/core/dream_plan.go:151.2,151.13 1 1
codenerd/internal/core/dream_plan.go:155.41,156.26 1 1
codenerd/internal/core/dream_plan.go:156.26,158.3 1 0
codenerd/internal/core/dream_plan.go:159.2,159.31 1 1
codenerd/internal/core/dream_plan.go:159.31,160.77 1 1
codenerd/internal/core/dream_plan.go:160.77,162.4 1 1
codenerd/internal/core/dream_plan.go:164.2,164.13 1 1
codenerd/internal/core/dream_plan.go:168.40,169.26 1 1
codenerd/internal/core/dream_plan.go:169.26,171.3 1 1
codenerd/internal/core/dream_plan.go:172.2,173.31 2 1
codenerd/internal/core/dream_plan.go:173.31,174.75 1 1
codenerd/internal/core/dream_plan.go:174.75,176.4 1 1
codenerd/internal/core/dream_plan.go:178.2,178.50 1 1
codenerd/internal/core/dream_plan_extractor.go:71.13,74.2 2 1
codenerd/internal/core/dream_plan_extractor.go:79.99,80.29 1 1
codenerd/internal/core/dream_plan_extractor.go:80.29,82.3 1 0
codenerd/internal/core/dream_plan_extractor.go:84.2,88.34 3 1
codenerd/internal/core/dream_plan_extractor.go:88.34,89.21 1 1
codenerd/internal/core/dream_plan_extractor.go:89.21,91.4 1 1
codenerd/internal/core/dream_plan_extractor.go:95.2,96.34 2 1
codenerd/internal/core/dream_plan_extractor.go:96.34,97.32 1 1
codenerd/internal/core/dream_plan_extractor.go:97.32,99.4 1 0
codenerd/internal/core/dream_plan_extractor.go:101.2,101.28 1 1
codenerd/internal/core/dream_plan_extractor.go:101.28,103.3 1 0
codenerd/internal/core/dream_plan_extractor.go:106.2,109.45 3 1
codenerd/internal/core/dream_plan_extractor.go:109.45,110.32 1 1
codenerd/internal/core/dream_plan_extractor.go:110.32,111.12 1 0
codenerd/internal/core/dream_plan_extractor.go:114.3,115.30 2 1
codenerd/internal/core/dream_plan_extractor.go:115.30,131.4 4 1
codenerd/internal/core/dream_plan_extractor.go:135.2,139.34 3 1
codenerd/internal/core/dream_plan_extractor.go:139.34,143.3 3 1
codenerd/internal/core/dream_plan_extractor.go:146.2,154.18 4 1
codenerd/internal/core/dream_plan_extractor.go:158.63,163.32 3 1
codenerd/internal/core/dream_plan_extractor.go:163.32,164.21 1 1
codenerd/internal/core/dream_plan_extractor.go:164.21,167.30 2 1
codenerd/internal/core/dream_plan_extractor.go:167.30,169.5 1 1
codenerd/internal/core/dream_plan_extractor.go:174.2,174.21 1 1
codenerd/internal/core/dream_plan_extractor.go:174.21,176.35 2 0
codenerd/internal/core/dream_plan_extractor.go:176.35,178.67 2 0
codenerd/internal/core/dream_plan_extractor.go:178.67,180.5 1 0
codenerd/internal/core/dream_plan_extractor.go:184.2,184.14 1 1
codenerd/internal/core/dream_plan_extractor.go:188.41,193.32 3 1
codenerd/internal/core/dream_plan_extractor.go:193.32,194.36 1 1
codenerd/internal/core/dream_plan_extractor.go:194.36,196.9 2 1
codenerd/internal/core/dream_plan_extractor.go:200.2,200.16 1 1
codenerd/internal/core/dream_plan_extractor.go:200.16,202.3 1 1
codenerd/internal/core/dream_plan_extractor.go:205.2,205.37 1 1
codenerd/internal/core/dream_plan_extractor.go:205.37,206.39 1 1
codenerd/internal/core/dream_plan_extractor.go:206.39,208.4 1 0
codenerd/internal/core/dream_plan_extractor.go:211.2,211.13 1 1
codenerd/internal/core/dream_plan_extractor.go:215.41,219.37 2 1
codenerd/internal/core/dream_plan_extractor.go:219.37,220.36 1 1
codenerd/internal/core/dream_plan_extractor.go:220.36,222.4 1 1
codenerd/internal/core/dream_plan_extractor.go:226.2,226.34 1 1
codenerd/internal/core/dream_plan_extractor.go:226.34,227.36 1 1
codenerd/internal/core/dream_plan_extractor.go:227.36,229.4 1 1
codenerd/internal/core/dream_plan_extractor.go:232.2,232.18 1 0
codenerd/internal/core/dream_plan_extractor.go:236.40,239.22 2 1
codenerd/internal/core/dream_plan_extractor.go:239.22,241.3 1 1
codenerd/internal/core/dream_plan_extractor.go:244.2,245.47 2 1
codenerd/internal/core/dream_plan_extractor.go:245.47,247.3 1 0
codenerd/internal/core/dream_plan_extractor.go:249.2,249.11 1 1
codenerd/internal/core/dream_plan_extractor.go:253.41,255.37 2 1
codenerd/internal/core/dream_plan_extractor.go:255.37,256.36 1 1
codenerd/internal/core/dream_plan_extractor.go:256.36,258.4 1 1
codenerd/internal/core/dream_plan_extractor.go:260.2,260.14 1 1
codenerd/internal/core/dream_plan_extractor.go:264.62,266.65 1 1
codenerd/internal/core/dream_plan_extractor.go:266.65,268.3 1 1
codenerd/internal/core/dream_plan_extractor.go:271.2,271.53 1 0
codenerd/internal/core/dream_plan_extractor.go:271.53,272.36 1 0
codenerd/internal/core/dream_plan_extractor.go:272.36,273.25 1 0
codenerd/internal/core/dream_plan_extractor.go:273.25,275.5 1 0
codenerd/internal/core/dream_plan_extractor.go:279.2,279.16 1 0
codenerd/internal/core/dream_plan_extractor.go:283.66,284.24 1 1
codenerd/internal/core/dream_plan_extractor.go:284.24,286.3 1 0
codenerd/internal/core/dream_plan_extractor.go:288.2,291.35 3 1
codenerd/internal/core/dream_plan_extractor.go:291.35,294.54 2 1
codenerd/internal/core/dream_plan_extractor.go:294.54,296.71 1 0
codenerd/internal/core/dream_plan_extractor.go:296.71,298.5 1 0
codenerd/internal/core/dream_plan_extractor.go:299.9,302.4 2 1
codenerd/internal/core/dream_plan_extractor.go:305.2,305.15 1 1
codenerd/internal/core/dream_plan_extractor.go:309.47,316.34 4 1
codenerd/internal/core/dream_plan_extractor.go:316.34,318.3 1 1
codenerd/internal/core/dream_plan_extractor.go:321.2,322.21 2 1
codenerd/internal/core/dream_plan_extractor.go:322.21,324.3 1 0
codenerd/internal/core/dream_plan_extractor.go:326.2,326.33 1 1
codenerd/internal/core/dream_plan_extractor.go:330.66,331.24 1 1
codenerd/internal/core/dream_plan_extractor.go:331.24,333.3 1 0
codenerd/internal/core/dream_plan_extractor.go:336.2,340.29 4 1
codenerd/internal/core/dream_plan_extractor.go:340.29,341.22 1 1
codenerd/internal/core/dream_plan_extractor.go:342.33,343.34 1 1
codenerd/internal/core/dream_plan_extractor.go:344.17,345.32 1 0
codenerd/internal/core/dream_plan_extractor.go:346.11,347.46 1 1
codenerd/internal/core/dream_plan_extractor.go:352.2,361.25 7 1
codenerd/internal/core/dream_plan_extractor.go:361.25,362.57 1 1
codenerd/internal/core/dream_plan_extractor.go:362.57,365.4 1 1
codenerd/internal/core/dream_plan_extractor.go:365.9,365.51 1 1
codenerd/internal/core/dream_plan_extractor.go:365.51,368.4 1 0
codenerd/internal/core/dream_plan_extractor.go:371.2,371.16 1 1
codenerd/internal/core/dream_plan_extractor.go:375.64,379.34 3 1
codenerd/internal/core/dream_plan_extractor.go:379.34,381.38 2 1
codenerd/internal/core/dream_plan_extractor.go:381.38,383.41 2 1
codenerd/internal/core/dream_plan_extractor.go:383.41,384.41 1 1
codenerd/internal/core/dream_plan_extractor.go:384.41,386.11 2 1
codenerd/internal/core/dream_plan_extractor.go:392.2,392.46 1 1
codenerd/internal/core/dream_plan_extractor.go:392.46,394.3 1 0
codenerd/internal/core/dream_plan_extractor.go:394.8,394.53 1 1
codenerd/internal/core/dream_plan_extractor.go:394.53,396.3 1 1
codenerd/internal/core/dream_plan_extractor.go:397.2,397.14 1 1
codenerd/internal/core/dream_plan_extractor.go:401.67,404.34 2 1
codenerd/internal/core/dream_plan_extractor.go:404.34,406.33 2 1
codenerd/internal/core/dream_plan_extractor.go:406.33,408.35 2 0
codenerd/internal/core/dream_plan_extractor.go:408.35,410.5 1 0
codenerd/internal/core/dream_plan_extractor.go:414.2,414.18 1 1
codenerd/internal/core/dream_plan_manager.go:23.59,30.2 2 1
codenerd/internal/core/dream_plan_manager.go:34.55,39.61 3 1
codenerd/internal/core/dream_plan_manager.go:39.61,41.3 1 1
codenerd/internal/core/dream_plan_manager.go:43.2,47.21 3 1
codenerd/internal/core/dream_plan_manager.go:47.21,52.47 2 1
codenerd/internal/core/dream_plan_manager.go:52.47,54.4 1 1
codenerd/internal/core/dream_plan_manager.go:59.56,63.2 3 1
codenerd/internal/core/dream_plan_manager.go:66.50,70.2 3 1
codenerd/internal/core/dream_plan_manager.go:73.48,77.26 3 1
codenerd/internal/core/dream_plan_manager.go:77.26,79.3 1 1
codenerd/internal/core/dream_plan_manager.go:81.2,81.52 1 1
codenerd/internal/core/dream_plan_manager.go:81.52,83.3 1 1
codenerd/internal/core/dream_plan_manager.go:85.2,92.21 5 1
codenerd/internal/core/dream_plan_manager.go:92.21,97.47 2 1
codenerd/internal/core/dream_plan_manager.go:97.47,99.4 1 1
codenerd/internal/core/dream_plan_manager.go:102.2,102.12 1 1
codenerd/internal/core/dream_plan_manager.go:106.51,110.26 3 1
codenerd/internal/core/dream_plan_manager.go:110.26,112.3 1 1
codenerd/internal/core/dream_plan_manager.go:114.2,114.53 1 1
codenerd/internal/core/dream_plan_manager.go:114.53,116.3 1 1
codenerd/internal/core/dream_plan_manager.go:118.2,121.12 3 1
codenerd/internal/core/dream_plan_manager.go:125.41,129.26 3 1
codenerd/internal/core/dream_plan_manager.go:129.26,131.3 1 1
codenerd/internal/core/dream_plan_manager.go:133.2,138.40 4 1
codenerd/internal/core/dream_plan_manager.go:138.40,139.63 1 1
codenerd/internal/core/dream_plan_manager.go:139.63,141.4 1 1
codenerd/internal/core/dream_plan_manager.go:144.2,148.21 3 1
codenerd/internal/core/dream_plan_manager.go:152.59,156.26 3 1
codenerd/internal/core/dream_plan_manager.go:156.26,158.3 1 1
codenerd/internal/core/dream_plan_manager.go:160.2,160.46 1 1
codenerd/internal/core/dream_plan_manager.go:164.58,168.26 3 1
codenerd/internal/core/dream_plan_manager.go:168.26,170.3 1 1
codenerd/internal/core/dream_plan_manager.go:174.72,178.26 3 1
codenerd/internal/core/dream_plan_manager.go:178.26,180.3 1 1
codenerd/internal/core/dream_plan_manager.go:182.2,185.21 2 1
codenerd/internal/core/dream_plan_manager.go:185.21,187.44 1 1
codenerd/internal/core/dream_plan_manager.go:187.44,188.18 1 1
codenerd/internal/core/dream_plan_manager.go:188.18,193.49 2 1
codenerd/internal/core/dream_plan_manager.go:193.49,195.6 1 1
codenerd/internal/core/dream_plan_manager.go:196.5,196.10 1 1
codenerd/internal/core/dream_plan_manager.go:202.2,202.32 1 1
codenerd/internal/core/dream_plan_manager.go:202.32,205.3 2 1
codenerd/internal/core/dream_plan_manager.go:207.2,207.14 1 1
codenerd/internal/core/dream_plan_manager.go:211.68,215.26 3 1
codenerd/internal/core/dream_plan_manager.go:215.26,217.3 1 1
codenerd/internal/core/dream_plan_manager.go:219.2,220.16 2 1
codenerd/internal/core/dream_plan_manager.go:220.16,222.3 1 1
codenerd/internal/core/dream_plan_manager.go:224.2,225.63 2 1
codenerd/internal/core/dream_plan_manager.go:229.83,233.26 3 1
codenerd/internal/core/dream_plan_manager.go:233.26,235.3 1 1
codenerd/internal/core/dream_plan_manager.go:237.2,239.27 1 1
codenerd/internal/core/dream_plan_manager.go:243.56,247.26 3 1
codenerd/internal/core/dream_plan_manager.go:247.26,249.3 1 1
codenerd/internal/core/dream_plan_manager.go:251.2,251.29 1 1
codenerd/internal/core/dream_plan_manager.go:255.52,259.26 3 1
codenerd/internal/core/dream_plan_manager.go:259.26,261.3 1 1
codenerd/internal/core/dream_plan_manager.go:263.2,265.31 3 1
codenerd/internal/core/dream_plan_manager.go:265.31,266.19 1 1
codenerd/internal/core/dream_plan_manager.go:266.19,268.4 1 1
codenerd/internal/core/dream_plan_manager.go:271.2,272.43 1 1
codenerd/internal/core/dream_plan_manager.go:276.43,277.26 1 1
codenerd/internal/core/dream_plan_manager.go:277.26,279.3 1 0
codenerd/internal/core/dream_plan_manager.go:281.2,284.34 3 1
codenerd/internal/core/dream_plan_manager.go:284.34,287.3 2 1
codenerd/internal/core/dream_plan_manager.go:287.8,291.3 2 1
codenerd/internal/core/dream_plan_manager.go:294.2,295.21 2 1
codenerd/internal/core/dream_plan_manager.go:299.57,303.35 2 1
codenerd/internal/core/dream_plan_manager.go:303.35,305.3 1 1
codenerd/internal/core/dream_plan_manager.go:309.54,316.2 5 1
codenerd/internal/core/dream_plan_manager.go:319.73,323.26 3 1
codenerd/internal/core/dream_plan_manager.go:323.26,325.3 1 1
codenerd/internal/core/dream_plan_manager.go:327.2,327.51 1 1
codenerd/internal/core/dream_plan_manager.go:327.51,333.3 4 1
codenerd/internal/core/dream_plan_manager.go:335.2,335.14 1 1
codenerd/internal/core/dream_plan_manager.go:339.43,340.23 1 1
codenerd/internal/core/dream_plan_manager.go:340.23,342.3 1 1
codenerd/internal/core/dream_plan_manager.go:343.2,343.15 1 1
codenerd/internal/core/dream_router.go:48.109,55.2 2 1
codenerd/internal/core/dream_router.go:58.64,63.2 4 1
codenerd/internal/core/dream_router.go:75.80,81.30 4 1
codenerd/internal/core/dream_router.go:81.30,82.19 1 1
codenerd/internal/core/dream_router.go:82.19,84.12 2 1
codenerd/internal/core/dream_router.go:87.3,87.18 1 0
codenerd/internal/core/dream_router.go:87.18,89.12 2 0
codenerd/internal/core/dream_router.go:92.3,95.17 3 0
codenerd/internal/core/dream_router.go:96.31,97.33 1 0
codenerd/internal/core/dream_router.go:98.29,99.31 1 0
codenerd/internal/core/dream_router.go:100.32,101.34 1 0
codenerd/internal/core/dream_router.go:102.31,103.33 1 0
codenerd/internal/core/dream_router.go:104.11,106.74 2 0
codenerd/internal/core/dream_router.go:109.3,111.21 2 0
codenerd/internal/core/dream_router.go:111.21,115.4 3 0
codenerd/internal/core/dream_router.go:115.9,117.4 1 0
codenerd/internal/core/dream_router.go:120.2,120.16 1 1
codenerd/internal/core/dream_router.go:124.69,127.28 2 0
codenerd/internal/core/dream_router.go:127.28,130.3 2 0
codenerd/internal/core/dream_router.go:133.2,134.21 2 0
codenerd/internal/core/dream_router.go:134.21,136.3 1 0
codenerd/internal/core/dream_router.go:139.2,146.88 3 0
codenerd/internal/core/dream_router.go:146.88,149.3 2 0
codenerd/internal/core/dream_router.go:151.2,153.15 3 0
codenerd/internal/core/dream_router.go:157.67,162.20 3 0
codenerd/internal/core/dream_router.go:162.20,164.3 1 0
codenerd/internal/core/dream_router.go:167.2,167.21 1 0
codenerd/internal/core/dream_router.go:167.21,177.47 2 0
codenerd/internal/core/dream_router.go:177.47,179.4 1 0
codenerd/internal/core/dream_router.go:183.2,183.25 1 0
codenerd/internal/core/dream_router.go:183.25,193.10 2 0
codenerd/internal/core/dream_router.go:194.29,197.41 3 0
codenerd/internal/core/dream_router.go:198.11,202.87 3 0
codenerd/internal/core/dream_router.go:204.8,207.3 2 0
codenerd/internal/core/dream_router.go:209.2,209.15 1 0
codenerd/internal/core/dream_router.go:213.70,217.20 3 0
codenerd/internal/core/dream_router.go:217.20,219.3 1 0
codenerd/internal/core/dream_router.go:222.2,222.21 1 0
codenerd/internal/core/dream_router.go:222.21,231.47 2 0
codenerd/internal/core/dream_router.go:231.47,233.4 1 0
codenerd/internal/core/dream_router.go:237.2,237.47 1 0
codenerd/internal/core/dream_router.go:237.47,244.17 2 0
codenerd/internal/core/dream_router.go:244.17,247.4 2 0
codenerd/internal/core/dream_router.go:248.3,249.50 2 0
codenerd/internal/core/dream_router.go:250.8,253.3 2 0
codenerd/internal/core/dream_router.go:255.2,255.15 1 0
codenerd/internal/core/dream_router.go:259.69,262.24 2 0
codenerd/internal/core/dream_router.go:262.24,264.22 1 0
codenerd/internal/core/dream_router.go:264.22,275.4 4 0
codenerd/internal/core/dream_router.go:275.9,277.4 1 0
codenerd/internal/core/dream_router.go:278.3,278.16 1 0
codenerd/internal/core/dream_router.go:282.2,283.25 2 0
codenerd/internal/core/dream_router.go:283.25,285.3 1 0
codenerd/internal/core/dream_router.go:287.2,292.16 1 0
codenerd/internal/core/dream_router.go:292.16,295.3 2 0
codenerd/internal/core/dream_router.go:297.2,299.15 3 0
codenerd/internal/core/dream_router.go:303.43,306.26 2 0
codenerd/internal/core/dream_router.go:306.26,307.71 1 0
codenerd/internal/core/dream_router.go:307.71,308.13 1 0
codenerd/internal/core/dream_router.go:308.13,312.75 2 0
codenerd/internal/core/dream_router.go:312.75,314.6 1 0
codenerd/internal/core/dream_router.go:316.5,316.14 1 0
codenerd/internal/core/dream_router.go:316.14,318.6 1 0
codenerd/internal/core/dream_router.go:324.2,324.26 1 0
codenerd/internal/core/dream_router.go:324.26,325.37 1 0
codenerd/internal/core/dream_router.go:325.37,327.4 1 0
codenerd/internal/core/dream_router.go:330.2,330.23 1 0
codenerd/internal/core/dream_router.go:333.34,340.2 2 0
codenerd/internal/core/dreamer.go:32.34,37.2 2 1
codenerd/internal/core/dreamer.go:40.48,45.2 4 1
codenerd/internal/core/dreamer.go:48.63,52.8 4 1
codenerd/internal/core/dreamer.go:52.8,54.3 1 1
codenerd/internal/core/dreamer.go:54.8,56.3 1 0
codenerd/internal/core/dreamer.go:57.2,57.16 1 1
codenerd/internal/core/dreamer.go:67.46,70.2 2 1
codenerd/internal/core/dreamer.go:73.49,74.14 1 1
codenerd/internal/core/dreamer.go:74.14,76.3 1 0
codenerd/internal/core/dreamer.go:77.2,80.57 4 1
codenerd/internal/core/dreamer.go:83.43,84.14 1 1
codenerd/internal/core/dreamer.go:84.14,86.3 1 0
codenerd/internal/core/dreamer.go:87.2,89.17 3 1
codenerd/internal/core/dreamer.go:94.86,95.16 1 1
codenerd/internal/core/dreamer.go:95.16,97.3 1 1
codenerd/internal/core/dreamer.go:99.2,111.19 7 1
codenerd/internal/core/dreamer.go:111.19,117.3 5 1
codenerd/internal/core/dreamer.go:120.2,126.9 5 1
codenerd/internal/core/dreamer.go:127.20,131.16 4 0
codenerd/internal/core/dreamer.go:132.10,132.10 0 1
codenerd/internal/core/dreamer.go:135.2,140.12 5 1
codenerd/internal/core/dreamer.go:140.12,142.3 1 1
codenerd/internal/core/dreamer.go:142.8,144.3 1 1
codenerd/internal/core/dreamer.go:146.2,147.15 2 1
codenerd/internal/core/dreamer.go:151.108,158.33 5 1
codenerd/internal/core/dreamer.go:158.33,160.3 1 1
codenerd/internal/core/dreamer.go:162.2,163.41 2 1
codenerd/internal/core/dreamer.go:163.41,168.3 3 0
codenerd/internal/core/dreamer.go:170.2,172.16 3 1
codenerd/internal/core/dreamer.go:172.16,177.3 3 0
codenerd/internal/core/dreamer.go:179.2,180.31 2 1
codenerd/internal/core/dreamer.go:180.31,181.26 1 1
codenerd/internal/core/dreamer.go:181.26,182.12 1 0
codenerd/internal/core/dreamer.go:184.3,185.28 2 1
codenerd/internal/core/dreamer.go:185.28,186.12 1 0
codenerd/internal/core/dreamer.go:188.3,189.25 2 1
codenerd/internal/core/dreamer.go:189.25,191.4 1 1
codenerd/internal/core/dreamer.go:192.3,194.22 3 1
codenerd/internal/core/dreamer.go:197.2,199.18 3 1
codenerd/internal/core/dreamer.go:203.97,218.18 4 1
codenerd/internal/core/dreamer.go:219.24,229.51 3 1
codenerd/internal/core/dreamer.go:229.51,239.4 2 1
codenerd/internal/core/dreamer.go:240.3,240.83 1 1
codenerd/internal/core/dreamer.go:242.94,260.51 4 1
codenerd/internal/core/dreamer.go:260.51,270.4 2 0
codenerd/internal/core/dreamer.go:271.3,271.83 1 1
codenerd/internal/core/dreamer.go:273.21,283.31 3 1
codenerd/internal/core/dreamer.go:283.31,293.4 2 0
codenerd/internal/core/dreamer.go:295.10,296.92 1 1
codenerd/internal/core/dreamer.go:299.2,300.18 2 1
codenerd/internal/core/dreamer.go:306.90,309.19 2 1
codenerd/internal/core/dreamer.go:309.19,312.3 2 0
codenerd/internal/core/dreamer.go:315.2,319.24 4 1
codenerd/internal/core/dreamer.go:319.24,321.3 1 0
codenerd/internal/core/dreamer.go:324.2,326.38 3 1
codenerd/internal/core/dreamer.go:326.38,329.76 1 1
codenerd/internal/core/dreamer.go:329.76,332.9 3 1
codenerd/internal/core/dreamer.go:336.2,336.19 1 1
codenerd/internal/core/dreamer.go:336.19,339.3 2 0
codenerd/internal/core/dreamer.go:341.2,348.85 4 1
codenerd/internal/core/dreamer.go:348.85,349.22 1 1
codenerd/internal/core/dreamer.go:349.22,351.4 1 0
codenerd/internal/core/dreamer.go:354.3,356.10 3 1
codenerd/internal/core/dreamer.go:356.10,358.4 1 0
codenerd/internal/core/dreamer.go:361.3,361.43 1 1
codenerd/internal/core/dreamer.go:361.43,362.50 1 1
codenerd/internal/core/dreamer.go:362.50,364.5 1 1
codenerd/internal/core/dreamer.go:368.3,368.44 1 1
codenerd/internal/core/dreamer.go:368.44,369.50 1 0
codenerd/internal/core/dreamer.go:369.50,371.5 1 0
codenerd/internal/core/dreamer.go:373.3,373.13 1 1
codenerd/internal/core/dreamer.go:376.2,376.16 1 1
codenerd/internal/core/dreamer.go:376.16,378.3 1 0
codenerd/internal/core/dreamer.go:380.2,380.29 1 1
codenerd/internal/core/dreamer.go:380.29,383.3 2 1
codenerd/internal/core/dreamer.go:385.2,389.33 3 1
codenerd/internal/core/dreamer.go:389.33,398.3 1 1
codenerd/internal/core/dreamer.go:401.2,403.38 3 1
codenerd/internal/core/dreamer.go:403.38,404.53 1 1
codenerd/internal/core/dreamer.go:404.53,407.9 3 1
codenerd/internal/core/dreamer.go:411.2,411.17 1 1
codenerd/internal/core/dreamer.go:411.17,414.3 2 0
codenerd/internal/core/dreamer.go:417.2,418.82 2 1
codenerd/internal/core/dreamer.go:418.82,419.23 1 0
codenerd/internal/core/dreamer.go:419.23,421.4 1 0
codenerd/internal/core/dreamer.go:424.3,425.39 2 0
codenerd/internal/core/dreamer.go:425.39,427.4 1 0
codenerd/internal/core/dreamer.go:430.3,431.10 2 0
codenerd/internal/core/dreamer.go:431.10,433.4 1 0
codenerd/internal/core/dreamer.go:436.3,436.29 1 0
codenerd/internal/core/dreamer.go:436.29,446.4 2 0
codenerd/internal/core/dreamer.go:447.3,447.13 1 0
codenerd/internal/core/dreamer.go:450.2,450.16 1 1
codenerd/internal/core/dreamer.go:450.16,452.3 1 0
codenerd/internal/core/dreamer.go:454.2,454.23 1 1
codenerd/internal/core/dreamer.go:454.23,456.3 1 0
codenerd/internal/core/dreamer.go:458.2,459.18 2 1
codenerd/internal/core/dreamer.go:465.42,471.33 3 1
codenerd/internal/core/dreamer.go:471.33,473.3 1 1
codenerd/internal/core/dreamer.go:474.2,498.34 3 1
codenerd/internal/core/dreamer.go:498.34,499.34 1 1
codenerd/internal/core/dreamer.go:499.34,501.4 1 1
codenerd/internal/core/dreamer.go:503.2,503.14 1 1
codenerd/internal/core/dreamer.go:507.41,515.29 2 1
codenerd/internal/core/dreamer.go:515.29,516.32 1 1
codenerd/internal/core/dreamer.go:516.32,518.4 1 1
codenerd/internal/core/dreamer.go:520.2,520.11 1 1
codenerd/internal/core/dreamer.go:524.39,525.25 1 1
codenerd/internal/core/dreamer.go:526.14,527.11 1 1
codenerd/internal/core/dreamer.go:528.18,529.19 1 0
codenerd/internal/core/dreamer.go:530.10,531.30 1 0
codenerd/internal/core/dreamer.go:537.57,538.38 1 1
codenerd/internal/core/dreamer.go:538.38,539.57 1 1
codenerd/internal/core/dreamer.go:539.57,541.4 1 1
codenerd/internal/core/dreamer.go:543.2,543.18 1 0
codenerd/internal/core/external_predicates.go:37.58,37.74 1 1
codenerd/internal/core/external_predicates.go:41.121,43.2 1 1
codenerd/internal/core/external_predicates.go:47.148,53.27 3 1
codenerd/internal/core/external_predicates.go:53.27,54.28 1 1
codenerd/internal/core/external_predicates.go:54.28,57.4 2 1
codenerd/internal/core/external_predicates.go:57.9,60.4 2 1
codenerd/internal/core/external_predicates.go:62.2,66.16 3 1
codenerd/internal/core/external_predicates.go:66.16,70.3 2 1
codenerd/internal/core/external_predicates.go:75.2,75.31 1 1
codenerd/internal/core/external_predicates.go:75.31,77.28 2 1
codenerd/internal/core/external_predicates.go:77.28,78.51 1 1
codenerd/internal/core/external_predicates.go:78.51,80.5 1 1
codenerd/internal/core/external_predicates.go:82.3,82.14 1 1
codenerd/internal/core/external_predicates.go:84.2,84.12 1 1
codenerd/internal/core/external_predicates.go:103.105,104.15 1 1
codenerd/internal/core/external_predicates.go:104.15,106.3 1 1
codenerd/internal/core/external_predicates.go:108.2,108.158 1 1
codenerd/internal/core/external_predicates.go:108.158,115.3 2 1
codenerd/internal/core/external_predicates.go:117.2,153.18 23 1
codenerd/internal/core/fact_categories.go:25.39,26.11 1 1
codenerd/internal/core/fact_categories.go:27.30,28.22 1 1
codenerd/internal/core/fact_categories.go:29.29,30.21 1 1
codenerd/internal/core/fact_categories.go:31.27,32.19 1 1
codenerd/internal/core/fact_categories.go:33.10,34.19 1 1
codenerd/internal/core/fact_categories.go:126.41,128.2 1 1
codenerd/internal/core/fact_categories.go:131.39,133.2 1 1
codenerd/internal/core/fact_categories.go:136.42,138.2 1 1
codenerd/internal/core/fact_categories.go:141.49,142.26 1 1
codenerd/internal/core/fact_categories.go:142.26,144.3 1 1
codenerd/internal/core/fact_categories.go:145.2,145.28 1 1
codenerd/internal/core/fact_categories.go:145.28,147.3 1 1
codenerd/internal/core/fact_categories.go:148.2,148.31 1 1
codenerd/internal/core/fact_categories.go:152.53,154.31 2 1
codenerd/internal/core/fact_categories.go:154.31,155.22 1 1
codenerd/internal/core/fact_categories.go:155.22,157.4 1 1
codenerd/internal/core/fact_categories.go:159.2,159.15 1 1
codenerd/internal/core/fact_categories.go:163.52,165.31 2 1
codenerd/internal/core/fact_categories.go:165.31,166.21 1 1
codenerd/internal/core/fact_categories.go:166.21,168.4 1 1
codenerd/internal/core/fact_categories.go:170.2,170.15 1 1
codenerd/internal/core/fact_categories.go:175.48,177.2 1 1
codenerd/internal/core/fact_categories.go:181.49,183.2 1 1
codenerd/internal/core/fact_event_bus.go:38.38,43.2 1 1
codenerd/internal/core/fact_event_bus.go:50.70,56.34 4 1
codenerd/internal/core/fact_event_bus.go:56.34,58.3 1 1
codenerd/internal/core/fact_event_bus.go:59.2,60.11 2 1
codenerd/internal/core/fact_event_bus.go:65.55,70.9 4 1
codenerd/internal/core/fact_event_bus.go:70.9,72.3 1 1
codenerd/internal/core/fact_event_bus.go:75.2,75.34 1 1
codenerd/internal/core/fact_event_bus.go:75.34,78.28 3 1
codenerd/internal/core/fact_event_bus.go:78.28,79.17 1 1
codenerd/internal/core/fact_event_bus.go:79.17,81.5 1 1
codenerd/internal/core/fact_event_bus.go:83.3,83.25 1 1
codenerd/internal/core/fact_event_bus.go:83.25,85.4 1 1
codenerd/internal/core/fact_event_bus.go:85.9,87.4 1 1
codenerd/internal/core/fact_event_bus.go:90.2,91.11 2 1
codenerd/internal/core/fact_event_bus.go:100.50,105.20 4 1
codenerd/internal/core/fact_event_bus.go:105.20,107.3 1 1
codenerd/internal/core/fact_event_bus.go:109.2,114.26 2 1
codenerd/internal/core/fact_event_bus.go:114.26,116.10 1 1
codenerd/internal/core/fact_event_bus.go:117.20,117.20 0 1
codenerd/internal/core/fact_event_bus.go:118.11,118.11 0 1
codenerd/internal/core/fact_event_bus.go:125.46,129.2 3 1
codenerd/internal/core/fact_event_bus.go:133.71,137.2 3 1
codenerd/internal/core/hybrid_loader.go:45.66,47.16 2 1
codenerd/internal/core/hybrid_loader.go:47.16,49.3 1 0
codenerd/internal/core/hybrid_loader.go:50.2,58.21 7 1
codenerd/internal/core/hybrid_loader.go:58.21,60.17 2 1
codenerd/internal/core/hybrid_loader.go:60.17,62.12 2 1
codenerd/internal/core/hybrid_loader.go:65.3,65.10 1 1
codenerd/internal/core/hybrid_loader.go:66.45,70.28 4 1
codenerd/internal/core/hybrid_loader.go:70.28,72.16 2 1
codenerd/internal/core/hybrid_loader.go:72.16,74.6 1 1
codenerd/internal/core/hybrid_loader.go:76.4,76.38 1 1
codenerd/internal/core/hybrid_loader.go:76.38,83.5 3 1
codenerd/internal/core/hybrid_loader.go:84.4,84.12 1 1
codenerd/internal/core/hybrid_loader.go:86.43,88.11 2 1
codenerd/internal/core/hybrid_loader.go:88.11,90.13 2 0
codenerd/internal/core/hybrid_loader.go:92.4,98.12 3 1
codenerd/internal/core/hybrid_loader.go:100.43,102.11 2 1
codenerd/internal/core/hybrid_loader.go:102.11,104.13 2 0
codenerd/internal/core/hybrid_loader.go:106.4,108.12 3 1
codenerd/internal/core/hybrid_loader.go:111.3,112.26 2 1
codenerd/internal/core/hybrid_loader.go:114.2,114.38 1 1
codenerd/internal/core/hybrid_loader.go:114.38,116.3 1 0
codenerd/internal/core/hybrid_loader.go:118.2,118.103 1 1
codenerd/internal/core/hybrid_loader.go:122.61,126.21 4 1
codenerd/internal/core/hybrid_loader.go:126.21,128.3 1 1
codenerd/internal/core/hybrid_loader.go:130.2,132.18 3 1
codenerd/internal/core/hybrid_loader.go:132.18,134.3 1 1
codenerd/internal/core/hybrid_loader.go:136.2,139.22 4 1
codenerd/internal/core/hybrid_loader.go:139.22,141.3 1 0
codenerd/internal/core/hybrid_loader.go:143.2,147.21 2 1
codenerd/internal/core/hybrid_loader.go:147.21,149.3 1 1
codenerd/internal/core/hybrid_loader.go:150.2,150.21 1 1
codenerd/internal/core/hybrid_loader.go:150.21,152.3 1 1
codenerd/internal/core/hybrid_loader.go:153.2,153.21 1 1
codenerd/internal/core/hybrid_loader.go:157.61,161.21 4 1
codenerd/internal/core/hybrid_loader.go:161.21,163.3 1 1
codenerd/internal/core/hybrid_loader.go:165.2,168.19 4 1
codenerd/internal/core/hybrid_loader.go:168.19,170.3 1 1
codenerd/internal/core/hybrid_loader.go:173.2,175.6 3 1
codenerd/internal/core/hybrid_loader.go:175.6,178.46 3 1
codenerd/internal/core/hybrid_loader.go:178.46,179.9 1 1
codenerd/internal/core/hybrid_loader.go:181.3,182.16 2 1
codenerd/internal/core/hybrid_loader.go:182.16,184.4 1 1
codenerd/internal/core/hybrid_loader.go:185.3,185.80 1 1
codenerd/internal/core/hybrid_loader.go:188.2,189.22 2 1
codenerd/internal/core/hybrid_loader.go:189.22,191.3 1 1
codenerd/internal/core/hybrid_loader.go:193.2,195.14 3 1
codenerd/internal/core/hybrid_loader.go:195.14,197.3 1 0
codenerd/internal/core/hybrid_loader.go:199.2,200.19 2 1
codenerd/internal/core/hybrid_loader.go:200.19,202.3 1 1
codenerd/internal/core/hybrid_loader.go:204.2,209.9 1 1
codenerd/internal/core/hybrid_loader.go:212.42,214.45 1 1
codenerd/internal/core/hybrid_loader.go:214.45,216.3 1 1
codenerd/internal/core/hybrid_loader.go:217.2,217.46 1 1
codenerd/internal/core/hybrid_loader.go:217.46,219.3 1 1
codenerd/internal/core/hybrid_loader.go:220.2,220.29 1 1
codenerd/internal/core/hybrid_loader.go:223.34,225.17 2 1
codenerd/internal/core/hybrid_loader.go:225.17,228.69 3 1
codenerd/internal/core/hybrid_loader.go:228.69,230.4 1 1
codenerd/internal/core/hybrid_loader.go:232.2,232.31 1 1
codenerd/internal/core/intent_defaults.go:21.42,25.2 3 1
codenerd/internal/core/intent_defaults.go:27.56,65.2 1 1
codenerd/internal/core/intent_inference.go:17.63,22.22 4 1
codenerd/internal/core/intent_inference.go:22.22,24.3 1 1
codenerd/internal/core/intent_inference.go:26.2,34.15 2 1
codenerd/internal/core/intent_inference.go:37.58,38.16 1 1
codenerd/internal/core/intent_inference.go:38.16,40.3 1 1
codenerd/internal/core/intent_inference.go:43.2,43.34 1 1
codenerd/internal/core/intent_inference.go:43.34,45.29 2 1
codenerd/internal/core/intent_inference.go:45.29,47.4 1 1
codenerd/internal/core/intent_inference.go:50.2,51.36 2 1
codenerd/internal/core/intent_inference.go:52.63,53.26 1 1
codenerd/internal/core/intent_inference.go:54.52,55.24 1 1
codenerd/internal/core/intent_inference.go:56.34,57.22 1 1
codenerd/internal/core/intent_inference.go:58.55,59.27 1 1
codenerd/internal/core/intent_inference.go:60.43,61.23 1 1
codenerd/internal/core/intent_inference.go:62.25,63.25 1 1
codenerd/internal/core/intent_inference.go:64.38,65.27 1 1
codenerd/internal/core/intent_inference.go:66.36,67.27 1 1
codenerd/internal/core/intent_inference.go:68.45,69.25 1 1
codenerd/internal/core/intent_inference.go:70.10,72.26 1 1
codenerd/internal/core/intent_inference.go:76.49,78.13 2 1
codenerd/internal/core/intent_inference.go:78.13,80.3 1 1
codenerd/internal/core/intent_inference.go:81.2,81.22 1 1
codenerd/internal/core/intent_inference.go:81.22,82.54 1 1
codenerd/internal/core/intent_inference.go:82.54,84.4 1 1
codenerd/internal/core/intent_inference.go:86.2,86.14 1 1
codenerd/internal/core/intent_inference.go:89.37,90.30 1 1
codenerd/internal/core/intent_inference.go:91.106,92.14 1 1
codenerd/internal/core/intent_inference.go:93.10,94.15 1 1
codenerd/internal/core/intent_inference.go:98.48,99.14 1 1
codenerd/internal/core/intent_inference.go:100.57,101.21 1 1
codenerd/internal/core/intent_inference.go:102.55,103.18 1 1
codenerd/internal/core/intent_inference.go:104.10,105.18 1 1
codenerd/internal/core/intent_inference.go:109.46,110.43 1 1
codenerd/internal/core/intent_inference.go:110.43,112.16 2 1
codenerd/internal/core/intent_inference.go:112.16,113.12 1 0
codenerd/internal/core/intent_inference.go:115.3,116.14 2 1
codenerd/internal/core/intent_inference.go:117.105,118.14 1 1
codenerd/internal/core/intent_inference.go:121.2,121.11 1 1
codenerd/internal/core/intent_loader.go:5.48,10.35 4 1
codenerd/internal/core/intent_loader.go:10.35,12.17 2 1
codenerd/internal/core/intent_loader.go:12.17,14.12 2 0
codenerd/internal/core/intent_loader.go:16.3,17.17 2 1
codenerd/internal/core/intent_loader.go:17.17,19.12 2 0
codenerd/internal/core/intent_loader.go:21.3,21.30 1 1
codenerd/internal/core/intent_loader.go:21.30,22.45 1 1
codenerd/internal/core/intent_loader.go:22.45,23.13 1 1
codenerd/internal/core/intent_loader.go:25.4,26.17 2 1
codenerd/internal/core/intent_loader.go:30.2,30.21 1 1
codenerd/internal/core/intent_loader.go:30.21,32.3 1 1
codenerd/internal/core/kernel_accessors.go:7.44,14.2 5 1
codenerd/internal/core/kernel_accessors.go:17.61,21.2 3 1
codenerd/internal/core/kernel_eval.go:24.45,32.21 4 1
codenerd/internal/core/kernel_eval.go:32.21,36.3 3 1
codenerd/internal/core/kernel_eval.go:38.2,38.20 1 1
codenerd/internal/core/kernel_eval.go:38.20,42.3 3 1
codenerd/internal/core/kernel_eval.go:45.2,45.21 1 1
codenerd/internal/core/kernel_eval.go:45.21,49.3 3 1
codenerd/internal/core/kernel_eval.go:51.2,57.16 5 1
codenerd/internal/core/kernel_eval.go:57.16,60.3 2 1
codenerd/internal/core/kernel_eval.go:61.2,65.70 3 1
codenerd/internal/core/kernel_eval.go:65.70,68.30 3 0
codenerd/internal/core/kernel_eval.go:68.30,69.49 1 0
codenerd/internal/core/kernel_eval.go:69.49,71.18 2 0
codenerd/internal/core/kernel_eval.go:71.18,71.31 1 0
codenerd/internal/core/kernel_eval.go:72.5,72.83 1 0
codenerd/internal/core/kernel_eval.go:77.2,79.16 3 1
codenerd/internal/core/kernel_eval.go:79.16,82.100 2 1
codenerd/internal/core/kernel_eval.go:82.100,84.4 1 0
codenerd/internal/core/kernel_eval.go:84.9,86.4 1 1
codenerd/internal/core/kernel_eval.go:87.3,87.58 1 1
codenerd/internal/core/kernel_eval.go:89.2,100.16 5 1
codenerd/internal/core/kernel_eval.go:100.16,103.3 2 0
codenerd/internal/core/kernel_eval.go:104.2,109.30 4 1
codenerd/internal/core/kernel_eval.go:109.30,111.3 1 1
codenerd/internal/core/kernel_eval.go:112.2,116.12 4 1
codenerd/internal/core/kernel_eval.go:121.39,125.43 2 1
codenerd/internal/core/kernel_eval.go:125.43,127.44 2 1
codenerd/internal/core/kernel_eval.go:127.44,129.4 1 1
codenerd/internal/core/kernel_eval.go:130.8,132.3 1 1
codenerd/internal/core/kernel_eval.go:136.2,140.40 3 1
codenerd/internal/core/kernel_eval.go:140.40,143.29 3 1
codenerd/internal/core/kernel_eval.go:143.29,145.18 2 1
codenerd/internal/core/kernel_eval.go:145.18,148.5 2 0
codenerd/internal/core/kernel_eval.go:149.4,149.47 1 1
codenerd/internal/core/kernel_eval.go:154.2,154.37 1 1
codenerd/internal/core/kernel_eval.go:154.37,156.3 1 1
codenerd/internal/core/kernel_eval.go:160.2,161.27 2 1
codenerd/internal/core/kernel_eval.go:161.27,163.3 1 1
codenerd/internal/core/kernel_eval.go:164.2,175.27 3 1
codenerd/internal/core/kernel_eval.go:175.27,177.82 2 1
codenerd/internal/core/kernel_eval.go:177.82,179.39 2 1
codenerd/internal/core/kernel_eval.go:179.39,180.83 1 1
codenerd/internal/core/kernel_eval.go:180.83,182.6 1 1
codenerd/internal/core/kernel_eval.go:184.4,184.26 1 1
codenerd/internal/core/kernel_eval.go:184.26,187.5 2 1
codenerd/internal/core/kernel_eval.go:191.2,196.16 4 1
codenerd/internal/core/kernel_eval.go:196.16,199.90 2 0
codenerd/internal/core/kernel_eval.go:199.90,201.4 1 0
codenerd/internal/core/kernel_eval.go:202.3,202.59 1 0
codenerd/internal/core/kernel_eval.go:205.2,209.35 3 1
codenerd/internal/core/kernel_eval.go:209.35,211.3 1 1
codenerd/internal/core/kernel_eval.go:212.2,219.12 6 1
codenerd/internal/core/kernel_eval.go:225.38,230.2 4 1
codenerd/internal/core/kernel_eval.go:233.43,237.2 3 1
codenerd/internal/core/kernel_eval.go:240.53,244.2 3 0
codenerd/internal/core/kernel_eval.go:247.30,256.2 8 1
codenerd/internal/core/kernel_eval.go:259.30,269.2 8 1
codenerd/internal/core/kernel_eval.go:272.42,312.31 9 1
codenerd/internal/core/kernel_eval.go:312.31,314.3 1 1
codenerd/internal/core/kernel_eval.go:317.2,317.39 1 1
codenerd/internal/core/kernel_eval.go:317.39,319.3 1 0
codenerd/internal/core/kernel_eval.go:322.2,322.41 1 1
codenerd/internal/core/kernel_eval.go:322.41,324.3 1 1
codenerd/internal/core/kernel_eval.go:326.2,327.14 2 1
codenerd/internal/core/kernel_facts.go:22.52,31.26 7 1
codenerd/internal/core/kernel_facts.go:31.26,33.3 1 1
codenerd/internal/core/kernel_facts.go:34.2,35.35 2 1
codenerd/internal/core/kernel_facts.go:35.35,36.30 1 1
codenerd/internal/core/kernel_facts.go:36.30,38.4 1 1
codenerd/internal/core/kernel_facts.go:40.2,44.35 3 1
codenerd/internal/core/kernel_facts.go:44.35,45.22 1 1
codenerd/internal/core/kernel_facts.go:46.79,47.28 1 0
codenerd/internal/core/kernel_facts.go:50.2,50.24 1 1
codenerd/internal/core/kernel_facts.go:50.24,54.3 1 0
codenerd/internal/core/kernel_facts.go:57.2,57.54 1 1
codenerd/internal/core/kernel_facts.go:57.54,59.39 2 0
codenerd/internal/core/kernel_facts.go:59.39,61.4 1 0
codenerd/internal/core/kernel_facts.go:62.3,62.35 1 0
codenerd/internal/core/kernel_facts.go:62.35,64.4 1 0
codenerd/internal/core/kernel_facts.go:65.3,65.39 1 0
codenerd/internal/core/kernel_facts.go:65.39,67.4 1 0
codenerd/internal/core/kernel_facts.go:71.2,71.16 1 1
codenerd/internal/core/kernel_facts.go:71.16,74.3 2 1
codenerd/internal/core/kernel_facts.go:77.2,79.16 3 1
codenerd/internal/core/kernel_facts.go:79.16,82.3 2 1
codenerd/internal/core/kernel_facts.go:83.2,86.12 3 1
codenerd/internal/core/kernel_facts.go:94.47,98.29 4 1
codenerd/internal/core/kernel_facts.go:98.29,99.12 1 1
codenerd/internal/core/kernel_facts.go:99.12,101.4 1 1
codenerd/internal/core/kernel_facts.go:102.3,102.34 1 1
codenerd/internal/core/kernel_facts.go:104.2,105.20 2 1
codenerd/internal/core/kernel_facts.go:108.39,109.23 1 1
codenerd/internal/core/kernel_facts.go:110.11,111.16 1 1
codenerd/internal/core/kernel_facts.go:112.18,113.32 1 1
codenerd/internal/core/kernel_facts.go:114.14,115.24 1 1
codenerd/internal/core/kernel_facts.go:116.12,117.8 1 1
codenerd/internal/core/kernel_facts.go:117.8,119.4 1 1
codenerd/internal/core/kernel_facts.go:120.3,120.18 1 1
codenerd/internal/core/kernel_facts.go:121.11,122.41 1 1
codenerd/internal/core/kernel_facts.go:123.12,124.41 1 1
codenerd/internal/core/kernel_facts.go:125.13,126.41 1 1
codenerd/internal/core/kernel_facts.go:127.13,128.41 1 1
codenerd/internal/core/kernel_facts.go:129.13,130.34 1 1
codenerd/internal/core/kernel_facts.go:131.12,132.43 1 1
codenerd/internal/core/kernel_facts.go:133.13,134.43 1 1
codenerd/internal/core/kernel_facts.go:135.14,136.43 1 1
codenerd/internal/core/kernel_facts.go:137.14,138.43 1 1
codenerd/internal/core/kernel_facts.go:139.14,140.35 1 1
codenerd/internal/core/kernel_facts.go:141.15,142.34 1 1
codenerd/internal/core/kernel_facts.go:143.15,144.25 1 1
codenerd/internal/core/kernel_facts.go:145.19,146.38 1 1
codenerd/internal/core/kernel_facts.go:146.38,148.4 1 1
codenerd/internal/core/kernel_facts.go:149.3,149.40 1 1
codenerd/internal/core/kernel_facts.go:149.40,151.4 1 1
codenerd/internal/core/kernel_facts.go:152.3,152.35 1 0
codenerd/internal/core/kernel_facts.go:153.14,154.34 1 1
codenerd/internal/core/kernel_facts.go:155.21,156.32 1 1
codenerd/internal/core/kernel_facts.go:157.16,158.29 1 1
codenerd/internal/core/kernel_facts.go:159.13,160.26 1 1
codenerd/internal/core/kernel_facts.go:161.15,162.28 1 1
codenerd/internal/core/kernel_facts.go:163.17,164.30 1 1
codenerd/internal/core/kernel_facts.go:165.30,166.36 1 1
codenerd/internal/core/kernel_facts.go:167.25,168.33 1 1
codenerd/internal/core/kernel_facts.go:169.10,171.19 2 0
codenerd/internal/core/kernel_facts.go:171.19,172.21 1 0
codenerd/internal/core/kernel_facts.go:173.38,174.33 1 0
codenerd/internal/core/kernel_facts.go:175.21,176.31 1 0
codenerd/internal/core/kernel_facts.go:179.3,179.45 1 0
codenerd/internal/core/kernel_facts.go:183.35,184.34 1 1
codenerd/internal/core/kernel_facts.go:184.34,186.3 1 1
codenerd/internal/core/kernel_facts.go:187.2,187.25 1 1
codenerd/internal/core/kernel_facts.go:191.37,193.2 1 1
codenerd/internal/core/kernel_facts.go:195.55,198.27 3 1
codenerd/internal/core/kernel_facts.go:198.27,199.12 1 1
codenerd/internal/core/kernel_facts.go:199.12,201.4 1 1
codenerd/internal/core/kernel_facts.go:202.3,202.32 1 1
codenerd/internal/core/kernel_facts.go:204.2,205.20 2 1
codenerd/internal/core/kernel_facts.go:208.47,211.27 3 1
codenerd/internal/core/kernel_facts.go:211.27,212.12 1 1
codenerd/internal/core/kernel_facts.go:212.12,214.4 1 1
codenerd/internal/core/kernel_facts.go:215.3,215.33 1 1
codenerd/internal/core/kernel_facts.go:217.2,218.20 2 1
codenerd/internal/core/kernel_facts.go:221.41,224.27 3 1
codenerd/internal/core/kernel_facts.go:224.27,225.12 1 1
codenerd/internal/core/kernel_facts.go:225.12,227.4 1 1
codenerd/internal/core/kernel_facts.go:228.3,228.50 1 1
codenerd/internal/core/kernel_facts.go:230.2,231.20 2 1
codenerd/internal/core/kernel_facts.go:234.45,237.27 3 1
codenerd/internal/core/kernel_facts.go:237.27,238.12 1 1
codenerd/internal/core/kernel_facts.go:238.12,240.4 1 1
codenerd/internal/core/kernel_facts.go:241.3,241.43 1 1
codenerd/internal/core/kernel_facts.go:243.2,244.20 2 1
codenerd/internal/core/kernel_facts.go:247.49,250.27 3 1
codenerd/internal/core/kernel_facts.go:250.27,251.12 1 1
codenerd/internal/core/kernel_facts.go:251.12,253.4 1 1
codenerd/internal/core/kernel_facts.go:254.3,254.34 1 1
codenerd/internal/core/kernel_facts.go:256.2,257.20 2 1
codenerd/internal/core/kernel_facts.go:260.52,263.35 3 0
codenerd/internal/core/kernel_facts.go:263.35,264.12 1 0
codenerd/internal/core/kernel_facts.go:264.12,266.4 1 0
codenerd/internal/core/kernel_facts.go:267.3,267.57 1 0
codenerd/internal/core/kernel_facts.go:269.2,270.20 2 0
codenerd/internal/core/kernel_facts.go:273.68,275.24 2 1
codenerd/internal/core/kernel_facts.go:275.24,277.3 1 1
codenerd/internal/core/kernel_facts.go:278.2,281.25 4 1
codenerd/internal/core/kernel_facts.go:281.25,282.12 1 1
codenerd/internal/core/kernel_facts.go:282.12,284.4 1 0
codenerd/internal/core/kernel_facts.go:285.3,287.40 3 1
codenerd/internal/core/kernel_facts.go:289.2,290.20 2 1
codenerd/internal/core/kernel_facts.go:293.60,295.24 2 1
codenerd/internal/core/kernel_facts.go:295.24,297.3 1 1
codenerd/internal/core/kernel_facts.go:298.2,301.25 4 1
codenerd/internal/core/kernel_facts.go:301.25,302.12 1 1
codenerd/internal/core/kernel_facts.go:302.12,304.4 1 0
codenerd/internal/core/kernel_facts.go:305.3,307.41 3 1
codenerd/internal/core/kernel_facts.go:309.2,310.20 2 1
codenerd/internal/core/kernel_facts.go:313.50,317.25 4 0
codenerd/internal/core/kernel_facts.go:317.25,321.3 3 0
codenerd/internal/core/kernel_facts.go:322.2,325.32 4 0
codenerd/internal/core/kernel_facts.go:325.32,326.12 1 0
codenerd/internal/core/kernel_facts.go:326.12,328.4 1 0
codenerd/internal/core/kernel_facts.go:329.3,331.69 3 0
codenerd/internal/core/kernel_facts.go:333.2,334.20 2 0
codenerd/internal/core/kernel_facts.go:339.46,340.24 1 1
codenerd/internal/core/kernel_facts.go:340.24,342.3 1 1
codenerd/internal/core/kernel_facts.go:347.47,349.28 2 1
codenerd/internal/core/kernel_facts.go:349.28,351.3 1 1
codenerd/internal/core/kernel_facts.go:358.54,361.19 2 1
codenerd/internal/core/kernel_facts.go:361.19,363.3 1 1
codenerd/internal/core/kernel_facts.go:364.2,364.30 1 1
codenerd/internal/core/kernel_facts.go:364.30,368.3 2 1
codenerd/internal/core/kernel_facts.go:370.2,372.35 3 1
codenerd/internal/core/kernel_facts.go:372.35,374.3 1 1
codenerd/internal/core/kernel_facts.go:381.2,382.16 2 1
codenerd/internal/core/kernel_facts.go:382.16,385.3 2 1
codenerd/internal/core/kernel_facts.go:387.2,390.13 4 1
codenerd/internal/core/kernel_facts.go:394.46,396.42 1 1
codenerd/internal/core/kernel_facts.go:396.42,398.3 1 1
codenerd/internal/core/kernel_facts.go:399.2,404.33 4 1
codenerd/internal/core/kernel_facts.go:404.33,408.3 2 1
codenerd/internal/core/kernel_facts.go:409.2,414.23 4 1
codenerd/internal/core/kernel_facts.go:414.23,416.3 1 1
codenerd/internal/core/kernel_facts.go:417.2,417.12 1 1
codenerd/internal/core/kernel_facts.go:423.54,424.21 1 1
codenerd/internal/core/kernel_facts.go:424.21,426.3 1 1
codenerd/internal/core/kernel_facts.go:428.2,434.29 5 1
codenerd/internal/core/kernel_facts.go:434.29,436.33 2 1
codenerd/internal/core/kernel_facts.go:436.33,440.4 3 1
codenerd/internal/core/kernel_facts.go:443.2,443.21 1 1
codenerd/internal/core/kernel_facts.go:443.21,447.3 3 1
codenerd/internal/core/kernel_facts.go:450.2,457.23 4 1
codenerd/internal/core/kernel_facts.go:457.23,458.37 1 1
codenerd/internal/core/kernel_facts.go:458.37,460.4 1 1
codenerd/internal/core/kernel_facts.go:462.2,462.12 1 1
codenerd/internal/core/kernel_facts.go:470.57,472.16 2 1
codenerd/internal/core/kernel_facts.go:472.16,474.3 1 1
codenerd/internal/core/kernel_facts.go:475.2,475.23 1 1
codenerd/internal/core/kernel_facts.go:480.51,485.33 5 1
codenerd/internal/core/kernel_facts.go:485.33,487.3 1 1
codenerd/internal/core/kernel_facts.go:491.39,499.16 6 1
codenerd/internal/core/kernel_facts.go:499.16,502.3 2 1
codenerd/internal/core/kernel_facts.go:503.2,506.12 3 1
codenerd/internal/core/kernel_facts.go:511.54,524.28 8 1
codenerd/internal/core/kernel_facts.go:524.28,525.31 1 1
codenerd/internal/core/kernel_facts.go:525.31,527.22 2 1
codenerd/internal/core/kernel_facts.go:527.22,530.5 2 1
codenerd/internal/core/kernel_facts.go:531.4,531.17 1 1
codenerd/internal/core/kernel_facts.go:532.9,534.4 1 1
codenerd/internal/core/kernel_facts.go:537.2,537.25 1 1
codenerd/internal/core/kernel_facts.go:537.25,540.3 1 1
codenerd/internal/core/kernel_facts.go:543.2,543.43 1 1
codenerd/internal/core/kernel_facts.go:543.43,545.21 2 1
codenerd/internal/core/kernel_facts.go:545.21,547.4 1 1
codenerd/internal/core/kernel_facts.go:549.2,550.20 2 1
codenerd/internal/core/kernel_facts.go:550.20,552.3 1 1
codenerd/internal/core/kernel_facts.go:552.8,554.3 1 0
codenerd/internal/core/kernel_facts.go:557.2,557.46 1 1
codenerd/internal/core/kernel_facts.go:557.46,560.3 1 1
codenerd/internal/core/kernel_facts.go:562.2,565.36 2 1
codenerd/internal/core/kernel_facts.go:565.36,568.3 2 0
codenerd/internal/core/kernel_facts.go:569.2,569.12 1 1
codenerd/internal/core/kernel_facts.go:574.51,580.25 4 1
codenerd/internal/core/kernel_facts.go:580.25,584.3 3 1
codenerd/internal/core/kernel_facts.go:586.2,589.28 4 1
codenerd/internal/core/kernel_facts.go:589.28,591.36 1 1
codenerd/internal/core/kernel_facts.go:591.36,594.12 3 1
codenerd/internal/core/kernel_facts.go:597.3,597.44 1 1
codenerd/internal/core/kernel_facts.go:597.44,598.43 1 1
codenerd/internal/core/kernel_facts.go:598.43,601.5 2 1
codenerd/internal/core/kernel_facts.go:601.10,603.5 1 1
codenerd/internal/core/kernel_facts.go:605.9,608.4 2 0
codenerd/internal/core/kernel_facts.go:611.2,611.25 1 1
codenerd/internal/core/kernel_facts.go:611.25,613.25 2 1
codenerd/internal/core/kernel_facts.go:613.25,615.4 1 1
codenerd/internal/core/kernel_facts.go:616.3,617.13 2 1
codenerd/internal/core/kernel_facts.go:621.2,621.38 1 1
codenerd/internal/core/kernel_facts.go:621.38,623.3 1 1
codenerd/internal/core/kernel_facts.go:624.2,630.36 4 1
codenerd/internal/core/kernel_facts.go:630.36,633.3 2 0
codenerd/internal/core/kernel_facts.go:634.2,634.12 1 1
codenerd/internal/core/kernel_facts.go:640.56,646.25 4 1
codenerd/internal/core/kernel_facts.go:646.25,650.3 3 1
codenerd/internal/core/kernel_facts.go:652.2,655.28 4 1
codenerd/internal/core/kernel_facts.go:655.28,656.74 1 1
codenerd/internal/core/kernel_facts.go:656.74,658.12 2 1
codenerd/internal/core/kernel_facts.go:660.3,660.19 1 1
codenerd/internal/core/kernel_facts.go:662.2,663.24 2 1
codenerd/internal/core/kernel_facts.go:663.24,665.3 1 1
codenerd/internal/core/kernel_facts.go:667.2,671.24 2 1
codenerd/internal/core/kernel_facts.go:671.24,672.37 1 1
codenerd/internal/core/kernel_facts.go:672.37,675.4 2 0
codenerd/internal/core/kernel_facts.go:677.2,677.12 1 1
codenerd/internal/core/kernel_facts.go:682.65,683.21 1 1
codenerd/internal/core/kernel_facts.go:683.21,685.3 1 1
codenerd/internal/core/kernel_facts.go:687.2,691.26 4 1
codenerd/internal/core/kernel_facts.go:691.26,693.3 1 1
codenerd/internal/core/kernel_facts.go:695.2,698.28 4 1
codenerd/internal/core/kernel_facts.go:698.28,699.44 1 1
codenerd/internal/core/kernel_facts.go:699.44,701.12 2 1
codenerd/internal/core/kernel_facts.go:703.3,703.33 1 1
codenerd/internal/core/kernel_facts.go:705.2,706.24 2 1
codenerd/internal/core/kernel_facts.go:706.24,708.3 1 1
codenerd/internal/core/kernel_facts.go:710.2,713.24 2 1
codenerd/internal/core/kernel_facts.go:713.24,714.37 1 1
codenerd/internal/core/kernel_facts.go:714.37,717.4 2 0
codenerd/internal/core/kernel_facts.go:719.2,719.12 1 1
codenerd/internal/core/kernel_facts.go:724.86,725.26 1 1
codenerd/internal/core/kernel_facts.go:725.26,727.3 1 1
codenerd/internal/core/kernel_facts.go:729.2,735.28 6 1
codenerd/internal/core/kernel_facts.go:735.28,736.43 1 1
codenerd/internal/core/kernel_facts.go:736.43,738.12 2 1
codenerd/internal/core/kernel_facts.go:740.3,740.33 1 1
codenerd/internal/core/kernel_facts.go:742.2,743.24 2 1
codenerd/internal/core/kernel_facts.go:743.24,745.3 1 1
codenerd/internal/core/kernel_facts.go:747.2,750.24 2 1
codenerd/internal/core/kernel_facts.go:750.24,751.37 1 1
codenerd/internal/core/kernel_facts.go:751.37,754.4 2 0
codenerd/internal/core/kernel_facts.go:756.2,756.12 1 1
codenerd/internal/core/kernel_facts.go:794.60,799.2 1 1
codenerd/internal/core/kernel_facts.go:802.56,804.2 1 1
codenerd/internal/core/kernel_facts.go:807.53,809.2 1 1
codenerd/internal/core/kernel_facts.go:812.58,814.2 1 1
codenerd/internal/core/kernel_facts.go:817.82,818.28 1 1
codenerd/internal/core/kernel_facts.go:818.28,820.3 1 1
codenerd/internal/core/kernel_facts.go:824.48,826.2 1 1
codenerd/internal/core/kernel_facts.go:830.45,831.18 1 1
codenerd/internal/core/kernel_facts.go:831.18,833.3 1 1
codenerd/internal/core/kernel_facts.go:834.2,837.32 3 1
codenerd/internal/core/kernel_facts.go:837.32,839.3 1 1
codenerd/internal/core/kernel_facts.go:841.2,850.44 6 1
codenerd/internal/core/kernel_facts.go:850.44,851.43 1 1
codenerd/internal/core/kernel_facts.go:851.43,853.4 1 1
codenerd/internal/core/kernel_facts.go:857.2,857.37 1 1
codenerd/internal/core/kernel_facts.go:857.37,858.29 1 1
codenerd/internal/core/kernel_facts.go:858.29,859.56 1 1
codenerd/internal/core/kernel_facts.go:859.56,861.10 2 1
codenerd/internal/core/kernel_facts.go:864.3,864.14 1 1
codenerd/internal/core/kernel_facts.go:864.14,866.30 2 1
codenerd/internal/core/kernel_facts.go:866.30,867.58 1 1
codenerd/internal/core/kernel_facts.go:867.58,869.6 1 1
codenerd/internal/core/kernel_facts.go:871.4,871.22 1 1
codenerd/internal/core/kernel_facts.go:876.2,876.37 1 1
codenerd/internal/core/kernel_facts.go:876.37,877.34 1 1
codenerd/internal/core/kernel_facts.go:877.34,879.4 1 1
codenerd/internal/core/kernel_facts.go:883.2,883.42 1 1
codenerd/internal/core/kernel_facts.go:883.42,884.39 1 1
codenerd/internal/core/kernel_facts.go:884.39,886.4 1 1
codenerd/internal/core/kernel_facts.go:890.2,890.13 1 1
codenerd/internal/core/kernel_facts.go:890.13,893.3 2 1
codenerd/internal/core/kernel_facts.go:896.2,897.35 2 1
codenerd/internal/core/kernel_facts.go:897.35,899.30 2 1
codenerd/internal/core/kernel_facts.go:899.30,901.4 1 1
codenerd/internal/core/kernel_facts.go:904.2,914.32 3 1
codenerd/internal/core/kernel_facts.go:914.32,915.37 1 1
codenerd/internal/core/kernel_facts.go:915.37,918.4 2 0
codenerd/internal/core/kernel_facts.go:921.2,921.12 1 1
codenerd/internal/core/kernel_facts.go:925.93,928.28 3 1
codenerd/internal/core/kernel_facts.go:928.28,929.31 1 1
codenerd/internal/core/kernel_facts.go:929.31,932.4 2 1
codenerd/internal/core/kernel_facts.go:932.9,934.4 1 1
codenerd/internal/core/kernel_facts.go:937.2,937.36 1 1
codenerd/internal/core/kernel_facts.go:937.36,939.3 1 1
codenerd/internal/core/kernel_facts.go:940.2,941.18 2 1
codenerd/internal/core/kernel_facts.go:945.79,946.25 1 1
codenerd/internal/core/kernel_facts.go:946.25,948.3 1 0
codenerd/internal/core/kernel_facts.go:949.2,951.28 3 1
codenerd/internal/core/kernel_facts.go:951.28,952.93 1 1
codenerd/internal/core/kernel_facts.go:952.93,954.4 1 1
codenerd/internal/core/kernel_facts.go:954.9,957.4 2 1
codenerd/internal/core/kernel_facts.go:959.2,959.36 1 1
codenerd/internal/core/kernel_facts.go:959.36,961.3 1 1
codenerd/internal/core/kernel_facts.go:962.2,963.18 2 1
codenerd/internal/core/kernel_facts.go:967.84,970.28 3 1
codenerd/internal/core/kernel_facts.go:970.28,971.69 1 1
codenerd/internal/core/kernel_facts.go:971.69,973.26 2 1
codenerd/internal/core/kernel_facts.go:973.26,974.44 1 1
codenerd/internal/core/kernel_facts.go:974.44,976.11 2 1
codenerd/internal/core/kernel_facts.go:979.4,979.13 1 1
codenerd/internal/core/kernel_facts.go:979.13,981.13 2 1
codenerd/internal/core/kernel_facts.go:984.3,985.6 2 1
codenerd/internal/core/kernel_facts.go:987.2,987.36 1 1
codenerd/internal/core/kernel_facts.go:987.36,989.3 1 1
codenerd/internal/core/kernel_facts.go:990.2,991.18 2 1
codenerd/internal/core/kernel_facts.go:1000.39,1002.26 1 1
codenerd/internal/core/kernel_facts.go:1002.26,1004.3 1 1
codenerd/internal/core/kernel_facts.go:1005.2,1005.26 1 1
codenerd/internal/core/kernel_facts.go:1005.26,1007.3 1 1
codenerd/internal/core/kernel_facts.go:1010.2,1010.24 1 1
codenerd/internal/core/kernel_facts.go:1011.14,1012.31 1 1
codenerd/internal/core/kernel_facts.go:1012.31,1014.4 1 1
codenerd/internal/core/kernel_facts.go:1016.3,1016.35 1 1
codenerd/internal/core/kernel_facts.go:1016.35,1018.4 1 1
codenerd/internal/core/kernel_facts.go:1019.18,1021.35 1 1
codenerd/internal/core/kernel_facts.go:1021.35,1023.4 1 1
codenerd/internal/core/kernel_facts.go:1024.3,1024.31 1 1
codenerd/internal/core/kernel_facts.go:1024.31,1026.4 1 1
codenerd/internal/core/kernel_facts.go:1027.11,1029.28 1 1
codenerd/internal/core/kernel_facts.go:1029.28,1031.4 1 1
codenerd/internal/core/kernel_facts.go:1033.3,1033.30 1 1
codenerd/internal/core/kernel_facts.go:1033.30,1035.4 1 1
codenerd/internal/core/kernel_facts.go:1036.13,1037.30 1 1
codenerd/internal/core/kernel_facts.go:1037.30,1039.4 1 1
codenerd/internal/core/kernel_facts.go:1041.3,1041.28 1 1
codenerd/internal/core/kernel_facts.go:1041.28,1043.4 1 1
codenerd/internal/core/kernel_facts.go:1044.12,1045.29 1 1
codenerd/internal/core/kernel_facts.go:1045.29,1047.4 1 1
codenerd/internal/core/kernel_facts.go:1048.3,1048.31 1 1
codenerd/internal/core/kernel_facts.go:1048.31,1050.4 1 1
codenerd/internal/core/kernel_facts.go:1051.14,1052.31 1 0
codenerd/internal/core/kernel_facts.go:1052.31,1054.4 1 0
codenerd/internal/core/kernel_facts.go:1055.3,1055.29 1 0
codenerd/internal/core/kernel_facts.go:1055.29,1057.4 1 0
codenerd/internal/core/kernel_facts.go:1058.13,1059.30 1 0
codenerd/internal/core/kernel_facts.go:1059.30,1061.4 1 0
codenerd/internal/core/kernel_facts.go:1062.14,1063.31 1 0
codenerd/internal/core/kernel_facts.go:1063.31,1065.4 1 0
[...]
codenerd/internal/core/virtual_store_predicates.go:886.14,888.43 2 1
codenerd/internal/core/virtual_store_predicates.go:888.43,890.4 1 1
codenerd/internal/core/virtual_store_predicates.go:891.3,892.17 2 1
codenerd/internal/core/virtual_store_predicates.go:892.17,894.4 1 1
codenerd/internal/core/virtual_store_predicates.go:895.3,895.22 1 1
codenerd/internal/core/virtual_store_predicates.go:896.10,897.18 1 0
codenerd/internal/core/virtual_store_predicates.go:901.85,903.16 2 1
codenerd/internal/core/virtual_store_predicates.go:903.16,906.3 2 0
codenerd/internal/core/virtual_store_predicates.go:907.2,907.28 1 1
codenerd/internal/core/virtual_store_predicates.go:918.81,925.15 5 1
codenerd/internal/core/virtual_store_predicates.go:925.15,928.3 2 1
codenerd/internal/core/virtual_store_predicates.go:931.2,932.41 2 1
codenerd/internal/core/virtual_store_predicates.go:932.41,934.3 1 1
codenerd/internal/core/virtual_store_predicates.go:934.8,936.3 1 1
codenerd/internal/core/virtual_store_predicates.go:938.2,939.16 2 1
codenerd/internal/core/virtual_store_predicates.go:939.16,942.3 2 0
codenerd/internal/core/virtual_store_predicates.go:944.2,945.29 2 1
codenerd/internal/core/virtual_store_predicates.go:945.29,952.3 2 1
codenerd/internal/core/virtual_store_predicates.go:954.2,955.19 2 1
codenerd/internal/core/virtual_store_predicates.go:962.83,966.8 2 1
codenerd/internal/core/virtual_store_predicates.go:966.8,969.17 2 1
codenerd/internal/core/virtual_store_predicates.go:969.17,971.4 1 0
codenerd/internal/core/virtual_store_predicates.go:972.3,973.27 2 1
codenerd/internal/core/virtual_store_predicates.go:973.27,974.24 1 1
codenerd/internal/core/virtual_store_predicates.go:974.24,976.5 1 1
codenerd/internal/core/virtual_store_predicates.go:978.3,978.20 1 1
codenerd/internal/core/virtual_store_predicates.go:982.2,983.16 2 1
codenerd/internal/core/virtual_store_predicates.go:983.16,985.3 1 0
codenerd/internal/core/virtual_store_predicates.go:986.2,987.26 2 1
codenerd/internal/core/virtual_store_predicates.go:987.26,988.23 1 1
codenerd/internal/core/virtual_store_predicates.go:988.23,990.4 1 1
codenerd/internal/core/virtual_store_predicates.go:992.2,992.19 1 1
codenerd/internal/core/virtual_store_python.go:18.107,19.34 1 1
codenerd/internal/core/virtual_store_python.go:19.34,21.3 1 1
codenerd/internal/core/virtual_store_python.go:23.2,28.39 5 1
codenerd/internal/core/virtual_store_python.go:28.39,33.3 1 1
codenerd/internal/core/virtual_store_python.go:35.2,41.18 3 1
codenerd/internal/core/virtual_store_python.go:41.18,46.3 1 1
codenerd/internal/core/virtual_store_python.go:48.2,58.8 1 1
codenerd/internal/core/virtual_store_python.go:63.106,64.34 1 1
codenerd/internal/core/virtual_store_python.go:64.34,66.3 1 1
codenerd/internal/core/virtual_store_python.go:68.2,71.40 3 1
codenerd/internal/core/virtual_store_python.go:71.40,76.3 1 1
codenerd/internal/core/virtual_store_python.go:78.2,90.8 2 1
codenerd/internal/core/virtual_store_python.go:95.108,96.34 1 1
codenerd/internal/core/virtual_store_python.go:96.34,98.3 1 1
codenerd/internal/core/virtual_store_python.go:100.2,101.23 2 1
codenerd/internal/core/virtual_store_python.go:101.23,106.3 1 1
codenerd/internal/core/virtual_store_python.go:109.2,110.62 2 1
codenerd/internal/core/virtual_store_python.go:110.62,111.26 1 1
codenerd/internal/core/virtual_store_python.go:111.26,112.31 1 1
codenerd/internal/core/virtual_store_python.go:112.31,114.5 1 1
codenerd/internal/core/virtual_store_python.go:118.2,133.8 3 1
codenerd/internal/core/virtual_store_python.go:138.109,139.34 1 1
codenerd/internal/core/virtual_store_python.go:139.34,141.3 1 1
codenerd/internal/core/virtual_store_python.go:143.2,146.38 3 1
codenerd/internal/core/virtual_store_python.go:146.38,151.3 1 1
codenerd/internal/core/virtual_store_python.go:153.2,168.8 3 1
codenerd/internal/core/virtual_store_python.go:173.107,174.34 1 1
codenerd/internal/core/virtual_store_python.go:174.34,176.3 1 1
codenerd/internal/core/virtual_store_python.go:178.2,181.23 3 1
codenerd/internal/core/virtual_store_python.go:181.23,186.3 1 1
codenerd/internal/core/virtual_store_python.go:188.2,188.24 1 1
codenerd/internal/core/virtual_store_python.go:188.24,190.3 1 1
codenerd/internal/core/virtual_store_python.go:192.2,204.8 2 1
codenerd/internal/core/virtual_store_python.go:209.106,210.34 1 1
codenerd/internal/core/virtual_store_python.go:210.34,212.3 1 1
codenerd/internal/core/virtual_store_python.go:214.2,217.45 3 1
codenerd/internal/core/virtual_store_python.go:217.45,222.3 1 1
codenerd/internal/core/virtual_store_python.go:224.2,237.8 2 1
codenerd/internal/core/virtual_store_python.go:242.107,243.34 1 1
codenerd/internal/core/virtual_store_python.go:243.34,245.3 1 1
codenerd/internal/core/virtual_store_python.go:247.2,248.23 2 1
codenerd/internal/core/virtual_store_python.go:248.23,253.3 1 1
codenerd/internal/core/virtual_store_python.go:255.2,267.8 2 1
codenerd/internal/core/virtual_store_python.go:277.106,278.34 1 1
codenerd/internal/core/virtual_store_python.go:278.34,280.3 1 1
codenerd/internal/core/virtual_store_python.go:282.2,283.22 2 1
codenerd/internal/core/virtual_store_python.go:283.22,288.3 1 1
codenerd/internal/core/virtual_store_python.go:290.2,299.64 6 1
codenerd/internal/core/virtual_store_python.go:299.64,300.25 1 1
codenerd/internal/core/virtual_store_python.go:300.25,301.31 1 1
codenerd/internal/core/virtual_store_python.go:301.31,303.5 1 1
codenerd/internal/core/virtual_store_python.go:306.2,306.64 1 1
codenerd/internal/core/virtual_store_python.go:306.64,307.25 1 1
codenerd/internal/core/virtual_store_python.go:307.25,308.31 1 1
codenerd/internal/core/virtual_store_python.go:308.31,310.5 1 1
codenerd/internal/core/virtual_store_python.go:315.2,321.34 2 1
codenerd/internal/core/virtual_store_python.go:321.34,326.3 1 1
codenerd/internal/core/virtual_store_python.go:327.2,327.34 1 1
codenerd/internal/core/virtual_store_python.go:327.34,332.3 1 1
codenerd/internal/core/virtual_store_python.go:334.2,346.8 1 1
codenerd/internal/core/virtual_store_python.go:351.111,352.34 1 1
codenerd/internal/core/virtual_store_python.go:352.34,354.3 1 1
codenerd/internal/core/virtual_store_python.go:356.2,359.37 3 1
codenerd/internal/core/virtual_store_python.go:359.37,364.3 1 1
codenerd/internal/core/virtual_store_python.go:366.2,382.8 3 1
codenerd/internal/core/virtual_store_python.go:387.109,388.34 1 1
codenerd/internal/core/virtual_store_python.go:388.34,390.3 1 1
codenerd/internal/core/virtual_store_python.go:392.2,393.22 2 1
codenerd/internal/core/virtual_store_python.go:393.22,398.3 1 1
codenerd/internal/core/virtual_store_python.go:401.2,402.61 2 1
codenerd/internal/core/virtual_store_python.go:402.61,403.24 1 1
codenerd/internal/core/virtual_store_python.go:403.24,404.31 1 1
codenerd/internal/core/virtual_store_python.go:404.31,406.5 1 1
codenerd/internal/core/virtual_store_python.go:410.2,424.8 3 1
codenerd/internal/core/virtual_store_python.go:429.109,430.34 1 1
codenerd/internal/core/virtual_store_python.go:430.34,432.3 1 1
codenerd/internal/core/virtual_store_python.go:434.2,437.22 3 1
codenerd/internal/core/virtual_store_python.go:437.22,442.3 1 1
codenerd/internal/core/virtual_store_python.go:444.2,444.24 1 1
codenerd/internal/core/virtual_store_python.go:444.24,446.3 1 1
codenerd/internal/core/virtual_store_python.go:448.2,462.8 3 1
codenerd/internal/core/virtual_store_python.go:467.108,468.34 1 1
codenerd/internal/core/virtual_store_python.go:468.34,470.3 1 1
codenerd/internal/core/virtual_store_python.go:472.2,475.44 3 1
codenerd/internal/core/virtual_store_python.go:475.44,480.3 1 1
codenerd/internal/core/virtual_store_python.go:482.2,497.8 3 1
codenerd/internal/core/virtual_store_python.go:502.109,503.34 1 1
codenerd/internal/core/virtual_store_python.go:503.34,505.3 1 1
codenerd/internal/core/virtual_store_python.go:507.2,511.22 4 1
codenerd/internal/core/virtual_store_python.go:511.22,516.3 1 1
codenerd/internal/core/virtual_store_python.go:518.2,518.21 1 1
codenerd/internal/core/virtual_store_python.go:518.21,520.3 1 1
codenerd/internal/core/virtual_store_python.go:522.2,540.8 3 1
codenerd/internal/core/virtual_store_python.go:545.109,546.34 1 1
codenerd/internal/core/virtual_store_python.go:546.34,548.3 1 1
codenerd/internal/core/virtual_store_python.go:550.2,551.22 2 1
codenerd/internal/core/virtual_store_python.go:551.22,556.3 1 1
codenerd/internal/core/virtual_store_python.go:558.2,572.8 3 1
codenerd/internal/core/virtual_store_workflows.go:20.105,21.34 1 1
codenerd/internal/core/virtual_store_workflows.go:21.34,23.3 1 1
codenerd/internal/core/virtual_store_workflows.go:25.2,29.19 3 1
codenerd/internal/core/virtual_store_workflows.go:29.19,31.3 1 1
codenerd/internal/core/virtual_store_workflows.go:34.2,37.17 3 1
codenerd/internal/core/virtual_store_workflows.go:38.14,39.69 1 1
codenerd/internal/core/virtual_store_workflows.go:40.15,41.70 1 1
codenerd/internal/core/virtual_store_workflows.go:42.10,43.35 1 1
codenerd/internal/core/virtual_store_workflows.go:46.2,47.16 2 1
codenerd/internal/core/virtual_store_workflows.go:47.16,56.3 1 1
codenerd/internal/core/virtual_store_workflows.go:57.2,72.8 2 1
codenerd/internal/core/virtual_store_workflows.go:76.109,77.34 1 1
codenerd/internal/core/virtual_store_workflows.go:77.34,79.3 1 1
codenerd/internal/core/virtual_store_workflows.go:81.2,86.24 3 1
codenerd/internal/core/virtual_store_workflows.go:86.24,88.3 1 1
codenerd/internal/core/virtual_store_workflows.go:90.2,97.8 1 1
codenerd/internal/core/virtual_store_workflows.go:101.106,102.34 1 1
codenerd/internal/core/virtual_store_workflows.go:102.34,104.3 1 1
codenerd/internal/core/virtual_store_workflows.go:106.2,119.8 4 1
codenerd/internal/core/virtual_store_workflows.go:123.107,124.34 1 1
codenerd/internal/core/virtual_store_workflows.go:124.34,126.3 1 1
codenerd/internal/core/virtual_store_workflows.go:128.2,139.8 3 1
codenerd/internal/core/virtual_store_workflows.go:143.101,144.34 1 1
codenerd/internal/core/virtual_store_workflows.go:144.34,146.3 1 1
codenerd/internal/core/virtual_store_workflows.go:148.2,157.8 4 1
codenerd/internal/core/virtual_store_workflows.go:160.62,165.19 2 1
codenerd/internal/core/virtual_store_workflows.go:165.19,170.3 1 1
codenerd/internal/core/virtual_store_workflows.go:171.2,171.14 1 1
codenerd/internal/core/virtual_store_workflows.go:175.106,176.34 1 1
codenerd/internal/core/virtual_store_workflows.go:176.34,178.3 1 1
codenerd/internal/core/virtual_store_workflows.go:180.2,198.8 4 1
codenerd/internal/core/virtual_store_workflows.go:202.103,203.34 1 1
codenerd/internal/core/virtual_store_workflows.go:203.34,205.3 1 1
codenerd/internal/core/virtual_store_workflows.go:207.2,217.8 3 1
codenerd/internal/core/virtual_store_workflows.go:222.112,223.34 1 1
codenerd/internal/core/virtual_store_workflows.go:223.34,225.3 1 1
codenerd/internal/core/virtual_store_workflows.go:227.2,231.14 4 1
codenerd/internal/core/virtual_store_workflows.go:231.14,233.3 1 1
codenerd/internal/core/virtual_store_workflows.go:235.2,236.16 2 1
codenerd/internal/core/virtual_store_workflows.go:236.16,238.3 1 1
codenerd/internal/core/virtual_store_workflows.go:240.2,245.26 5 1
codenerd/internal/core/virtual_store_workflows.go:245.26,246.22 1 1
codenerd/internal/core/virtual_store_workflows.go:246.22,247.12 1 0
codenerd/internal/core/virtual_store_workflows.go:249.3,251.50 3 1
codenerd/internal/core/virtual_store_workflows.go:251.50,252.12 1 1
codenerd/internal/core/virtual_store_workflows.go:254.3,258.14 2 1
codenerd/internal/core/virtual_store_workflows.go:261.2,262.23 2 1
codenerd/internal/core/virtual_store_workflows.go:262.23,264.3 1 1
codenerd/internal/core/virtual_store_workflows.go:265.2,265.20 1 1
codenerd/internal/core/virtual_store_workflows.go:265.20,267.24 2 1
codenerd/internal/core/virtual_store_workflows.go:267.24,269.4 1 1
codenerd/internal/core/virtual_store_workflows.go:272.2,276.8 1 1
codenerd/internal/core/virtual_store_workflows.go:284.105,285.34 1 1
codenerd/internal/core/virtual_store_workflows.go:285.34,287.3 1 1
codenerd/internal/core/virtual_store_workflows.go:289.2,293.22 4 1
codenerd/internal/core/virtual_store_workflows.go:293.22,301.3 1 1
codenerd/internal/core/virtual_store_workflows.go:303.2,310.21 7 1
codenerd/internal/core/virtual_store_workflows.go:310.21,312.3 1 0
codenerd/internal/core/virtual_store_workflows.go:313.2,313.19 1 1
codenerd/internal/core/virtual_store_workflows.go:313.19,315.3 1 0
codenerd/internal/core/virtual_store_workflows.go:317.2,323.14 3 1
codenerd/internal/core/virtual_store_workflows.go:323.14,331.3 1 1
codenerd/internal/core/virtual_store_workflows.go:333.2,346.8 2 1
codenerd/internal/core/virtual_store_workflows.go:350.108,351.34 1 1
codenerd/internal/core/virtual_store_workflows.go:351.34,353.3 1 1
codenerd/internal/core/virtual_store_workflows.go:355.2,367.8 3 1
codenerd/internal/core/virtual_store_workflows.go:371.110,372.34 1 1
codenerd/internal/core/virtual_store_workflows.go:372.34,374.3 1 1
codenerd/internal/core/virtual_store_workflows.go:376.2,386.8 3 1
codenerd/internal/core/virtual_store_workflows.go:390.109,391.34 1 1
codenerd/internal/core/virtual_store_workflows.go:391.34,393.3 1 1
codenerd/internal/core/virtual_store_workflows.go:395.2,411.67 6 1
codenerd/internal/core/virtual_store_workflows.go:415.110,416.34 1 1
codenerd/internal/core/virtual_store_workflows.go:416.34,418.3 1 1
codenerd/internal/core/virtual_store_workflows.go:420.2,426.25 5 1
codenerd/internal/core/virtual_store_workflows.go:426.25,428.3 1 1
codenerd/internal/core/virtual_store_workflows.go:430.2,430.76 1 1
codenerd/internal/core/virtual_store_workflows.go:430.76,438.3 1 1
codenerd/internal/core/virtual_store_workflows.go:440.2,450.8 2 1
codenerd/internal/core/virtual_store_workflows.go:454.103,455.34 1 1
codenerd/internal/core/virtual_store_workflows.go:455.34,457.3 1 1
codenerd/internal/core/virtual_store_workflows.go:459.2,471.8 4 1
codenerd/internal/core/virtual_store_workflows.go:479.108,480.34 1 1
codenerd/internal/core/virtual_store_workflows.go:480.34,482.3 1 1
codenerd/internal/core/virtual_store_workflows.go:484.2,500.8 4 1
codenerd/internal/core/virtual_store_workflows.go:504.111,507.2 1 1
codenerd/internal/core/virtual_store_workflows.go:510.111,513.2 1 1
codenerd/internal/core/virtual_store_workflows.go:516.110,517.34 1 1
codenerd/internal/core/virtual_store_workflows.go:517.34,519.3 1 1
codenerd/internal/core/virtual_store_workflows.go:522.2,523.16 2 1
codenerd/internal/core/virtual_store_workflows.go:523.16,525.3 1 0
codenerd/internal/core/virtual_store_workflows.go:527.2,527.20 1 1
codenerd/internal/core/virtual_store_workflows.go:527.20,532.3 1 1
codenerd/internal/core/virtual_store_workflows.go:534.2,534.20 1 1
codenerd/internal/core/virtual_store_workflows.go:538.108,541.2 1 1
codenerd/internal/core/virtual_store_workflows.go:544.109,547.2 1 1
codenerd/internal/core/virtual_store_workflows.go:550.107,551.34 1 1
codenerd/internal/core/virtual_store_workflows.go:551.34,553.3 1 1
codenerd/internal/core/virtual_store_workflows.go:555.2,567.8 4 1
codenerd/internal/core/virtual_store_workflows.go:571.109,572.34 1 1
codenerd/internal/core/virtual_store_workflows.go:572.34,574.3 1 1
codenerd/internal/core/virtual_store_workflows.go:576.2,582.19 4 1
codenerd/internal/core/virtual_store_workflows.go:582.19,585.3 2 1
codenerd/internal/core/virtual_store_workflows.go:587.2,594.8 1 1
codenerd/internal/core/virtual_store_workflows.go:598.109,599.34 1 1
codenerd/internal/core/virtual_store_workflows.go:599.34,601.3 1 1
codenerd/internal/core/virtual_store_workflows.go:603.2,615.8 4 1
codenerd/internal/core/virtual_store_workflows.go:619.110,620.34 1 1
codenerd/internal/core/virtual_store_workflows.go:620.34,622.3 1 1
codenerd/internal/core/virtual_store_workflows.go:624.2,636.8 4 1
codenerd/internal/core/virtual_store_workflows.go:640.109,641.34 1 1
codenerd/internal/core/virtual_store_workflows.go:641.34,643.3 1 1
codenerd/internal/core/virtual_store_workflows.go:645.2,657.8 4 1
codenerd/internal/core/virtual_store_workflows.go:661.112,662.34 1 1
codenerd/internal/core/virtual_store_workflows.go:662.34,664.3 1 1
codenerd/internal/core/virtual_store_workflows.go:666.2,677.8 3 1
codenerd/internal/core/virtual_store_workflows.go:681.108,682.34 1 1
codenerd/internal/core/virtual_store_workflows.go:682.34,684.3 1 1
codenerd/internal/core/virtual_store_workflows.go:686.2,697.8 3 1
codenerd/internal/core/virtual_store_workflows.go:701.108,702.34 1 1
codenerd/internal/core/virtual_store_workflows.go:702.34,704.3 1 1
codenerd/internal/core/virtual_store_workflows.go:706.2,716.8 3 1
codenerd/internal/core/virtual_store_workflows.go:720.111,721.34 1 1
codenerd/internal/core/virtual_store_workflows.go:721.34,723.3 1 1
codenerd/internal/core/virtual_store_workflows.go:725.2,735.8 3 1
codenerd/internal/core/virtual_store_workflows.go:739.113,740.34 1 1
codenerd/internal/core/virtual_store_workflows.go:740.34,742.3 1 1
codenerd/internal/core/virtual_store_workflows.go:744.2,754.8 3 1
codenerd/internal/core/virtual_store_workflows.go:758.113,759.34 1 1
codenerd/internal/core/virtual_store_workflows.go:759.34,761.3 1 1
codenerd/internal/core/virtual_store_workflows.go:763.2,775.8 4 1
codenerd/internal/core/virtual_store_workflows.go:779.111,780.34 1 1
codenerd/internal/core/virtual_store_workflows.go:780.34,782.3 1 1
codenerd/internal/core/virtual_store_workflows.go:784.2,795.8 4 1
codenerd/internal/core/virtual_store_workflows.go:799.107,800.34 1 1
codenerd/internal/core/virtual_store_workflows.go:800.34,802.3 1 1
codenerd/internal/core/virtual_store_workflows.go:804.2,816.8 4 1
codenerd/internal/core/virtual_store_workflows.go:824.108,825.34 1 1
codenerd/internal/core/virtual_store_workflows.go:825.34,827.3 1 1
codenerd/internal/core/virtual_store_workflows.go:829.2,831.22 3 1
codenerd/internal/core/virtual_store_workflows.go:831.22,833.3 1 1
codenerd/internal/core/virtual_store_workflows.go:835.2,844.8 2 1
codenerd/internal/core/virtual_store_workflows.go:848.110,849.34 1 1
codenerd/internal/core/virtual_store_workflows.go:849.34,851.3 1 1
codenerd/internal/core/virtual_store_workflows.go:853.2,862.8 2 1
codenerd/internal/core/virtual_store_workflows.go:866.109,867.34 1 1
codenerd/internal/core/virtual_store_workflows.go:867.34,869.3 1 1
codenerd/internal/core/virtual_store_workflows.go:871.2,872.26 2 1
codenerd/internal/core/virtual_store_workflows.go:872.26,874.3 1 1
codenerd/internal/core/virtual_store_workflows.go:876.2,888.8 2 1
codenerd/internal/core/virtual_store_workflows.go:896.111,897.34 1 1
codenerd/internal/core/virtual_store_workflows.go:897.34,899.3 1 1
codenerd/internal/core/virtual_store_workflows.go:901.2,903.20 3 1
codenerd/internal/core/virtual_store_workflows.go:903.20,905.3 1 1
codenerd/internal/core/virtual_store_workflows.go:907.2,916.8 2 1
codenerd/internal/core/virtual_store_workflows.go:920.112,921.34 1 1
codenerd/internal/core/virtual_store_workflows.go:921.34,923.3 1 1
codenerd/internal/core/virtual_store_workflows.go:925.2,936.8 3 1
codenerd/internal/core/virtual_store_workflows.go:940.109,941.34 1 1
codenerd/internal/core/virtual_store_workflows.go:941.34,943.3 1 1
codenerd/internal/core/virtual_store_workflows.go:945.2,956.8 4 1
codenerd/internal/core/virtual_store_workflows.go:964.111,965.34 1 1
codenerd/internal/core/virtual_store_workflows.go:965.34,967.3 1 1
codenerd/internal/core/virtual_store_workflows.go:969.2,977.20 5 1
codenerd/internal/core/virtual_store_workflows.go:977.20,979.3 1 1
codenerd/internal/core/virtual_store_workflows.go:981.2,988.8 1 1
codenerd/internal/core/virtual_store_workflows.go:992.107,993.34 1 1
codenerd/internal/core/virtual_store_workflows.go:993.34,995.3 1 1
codenerd/internal/core/virtual_store_workflows.go:997.2,1008.8 3 1
codenerd/internal/core/virtual_store_workflows.go:1012.112,1013.34 1 1
codenerd/internal/core/virtual_store_workflows.go:1013.34,1015.3 1 1
codenerd/internal/core/virtual_store_workflows.go:1017.2,1028.8 3 1
